TN:
SF:/home/gonzalo/Escritorio/Jobify/server/include/leveldb/slice.h
FN:28,_ZN7leveldb5SliceC2Ev
FN:37,_ZN7leveldb5SliceC2EPKc
FNDA:0,_ZN7leveldb5SliceC2Ev
FNDA:0,_ZN7leveldb5SliceC2EPKc
FNF:2
FNH:0
DA:28,0
DA:37,0
LF:2
LH:0
end_of_record
SF:/home/gonzalo/Escritorio/Jobify/server/include/leveldb/status.h
FN:24,_ZN7leveldb6StatusC2Ev
FN:25,_ZN7leveldb6StatusD2Ev
FN:35,_ZN7leveldb6Status8NotFoundERKNS_5SliceES3_
FN:52,_ZNK7leveldb6Status2okEv
FN:55,_ZNK7leveldb6Status10IsNotFoundEv
FN:84,_ZNK7leveldb6Status4codeEv
FN:92,_ZN7leveldb6StatusC2ERKS0_
FN:95,_ZN7leveldb6StatusaSERKS0_
FNDA:0,_ZN7leveldb6StatusC2Ev
FNDA:0,_ZN7leveldb6StatusD2Ev
FNDA:0,_ZN7leveldb6Status8NotFoundERKNS_5SliceES3_
FNDA:0,_ZNK7leveldb6Status2okEv
FNDA:0,_ZNK7leveldb6Status10IsNotFoundEv
FNDA:0,_ZNK7leveldb6Status4codeEv
FNDA:0,_ZN7leveldb6StatusC2ERKS0_
FNDA:0,_ZN7leveldb6StatusaSERKS0_
FNF:8
FNH:0
DA:24,0
DA:25,0
DA:35,0
DA:36,0
DA:52,0
DA:55,0
DA:84,0
DA:85,0
DA:92,0
DA:93,0
DA:94,0
DA:95,0
DA:98,0
DA:99,0
DA:100,0
DA:102,0
LF:16
LH:0
end_of_record
SF:/home/gonzalo/Escritorio/Jobify/server/src/User.cpp
FN:7,_ZN4UserC2EP8DatabaseP18DatabaseWriteBatch
FN:12,_ZN4UserD2Ev
FN:12,_ZN4UserD0Ev
FN:18,_ZN4User7DBeraseEv
FN:33,_ZN4User8DBcreateEv
FN:58,_ZN4User5DBgetEv
FNDA:0,_ZN4UserC2EP8DatabaseP18DatabaseWriteBatch
FNDA:0,_ZN4UserD2Ev
FNDA:0,_ZN4UserD0Ev
FNDA:0,_ZN4User7DBeraseEv
FNDA:0,_ZN4User8DBcreateEv
FNDA:0,_ZN4User5DBgetEv
FNF:6
FNH:0
DA:7,0
DA:10,0
DA:12,0
DA:15,0
DA:18,0
DA:19,0
DA:21,0
DA:23,0
DA:24,0
DA:25,0
DA:28,0
DA:30,0
DA:33,0
DA:34,0
DA:35,0
DA:36,0
DA:37,0
DA:38,0
DA:39,0
DA:40,0
DA:42,0
DA:43,0
DA:45,0
DA:46,0
DA:47,0
DA:48,0
DA:49,0
DA:52,0
DA:55,0
DA:58,0
DA:59,0
DA:61,0
DA:63,0
LF:33
LH:0
end_of_record
SF:/home/gonzalo/Escritorio/Jobify/server/src/User.h
FN:32,_ZN4User11getUsernameB5cxx11Ev
FN:54,_ZN4User7_setKeyEv
FN:59,_ZN4User9_setValueEv
FN:64,_ZN4User13_setValueVarsEv
FNDA:0,_ZN4User11getUsernameB5cxx11Ev
FNDA:0,_ZN4User7_setKeyEv
FNDA:0,_ZN4User9_setValueEv
FNDA:0,_ZN4User13_setValueVarsEv
FNF:4
FNH:0
DA:32,0
DA:54,0
DA:59,0
DA:64,0
LF:4
LH:0
end_of_record
SF:/home/gonzalo/Escritorio/Jobify/server/src/UserMetadata.h
FN:33,_ZN12UserMetadata11setUsernameENSt7__cxx1112basic_stringIcSt11char_traitsIcESaIcEEE
FNDA:0,_ZN12UserMetadata11setUsernameENSt7__cxx1112basic_stringIcSt11char_traitsIcESaIcEEE
FNF:1
FNH:0
DA:33,0
LF:1
LH:0
end_of_record
TN:
SF:/home/gonzalo/Escritorio/Jobify/server/src/TokenAuthenticator.cpp
FN:5,_ZN18TokenAuthenticatorC2Ev
FN:10,_ZN18TokenAuthenticatorD2Ev
FN:10,_ZN18TokenAuthenticatorD0Ev
FN:15,_ZN18TokenAuthenticator12isValidTokenENSt7__cxx1112basic_stringIcSt11char_traitsIcESaIcEEES5_
FN:40,_ZN18TokenAuthenticator11createTokenENSt7__cxx1112basic_stringIcSt11char_traitsIcESaIcEEE
FN:52,_ZN18TokenAuthenticator11removeTokenENSt7__cxx1112basic_stringIcSt11char_traitsIcESaIcEEE
FNDA:0,_ZN18TokenAuthenticatorC2Ev
FNDA:0,_ZN18TokenAuthenticatorD2Ev
FNDA:0,_ZN18TokenAuthenticatorD0Ev
FNDA:0,_ZN18TokenAuthenticator12isValidTokenENSt7__cxx1112basic_stringIcSt11char_traitsIcESaIcEEES5_
FNDA:0,_ZN18TokenAuthenticator11createTokenENSt7__cxx1112basic_stringIcSt11char_traitsIcESaIcEEE
FNDA:0,_ZN18TokenAuthenticator11removeTokenENSt7__cxx1112basic_stringIcSt11char_traitsIcESaIcEEE
FNF:6
FNH:0
DA:5,0
DA:8,0
DA:10,0
DA:13,0
DA:15,0
DA:16,0
DA:19,0
DA:20,0
DA:22,0
DA:23,0
DA:25,0
DA:26,0
DA:27,0
DA:28,0
DA:29,0
DA:31,0
DA:32,0
DA:34,0
DA:35,0
DA:40,0
DA:41,0
DA:42,0
DA:44,0
DA:45,0
DA:47,0
DA:48,0
DA:49,0
DA:52,0
DA:54,0
LF:29
LH:0
end_of_record
TN:
SF:/home/gonzalo/Escritorio/Jobify/server/include/leveldb/slice.h
FN:28,_ZN7leveldb5SliceC2Ev
FN:37,_ZN7leveldb5SliceC2EPKc
FNDA:0,_ZN7leveldb5SliceC2Ev
FNDA:0,_ZN7leveldb5SliceC2EPKc
FNF:2
FNH:0
DA:28,0
DA:37,0
LF:2
LH:0
end_of_record
SF:/home/gonzalo/Escritorio/Jobify/server/include/leveldb/status.h
FN:24,_ZN7leveldb6StatusC2Ev
FN:25,_ZN7leveldb6StatusD2Ev
FN:44,_ZN7leveldb6Status15InvalidArgumentERKNS_5SliceES3_
FN:52,_ZNK7leveldb6Status2okEv
FN:92,_ZN7leveldb6StatusC2ERKS0_
FN:95,_ZN7leveldb6StatusaSERKS0_
FNDA:0,_ZN7leveldb6StatusC2Ev
FNDA:0,_ZN7leveldb6StatusD2Ev
FNDA:0,_ZN7leveldb6Status15InvalidArgumentERKNS_5SliceES3_
FNDA:0,_ZNK7leveldb6Status2okEv
FNDA:0,_ZN7leveldb6StatusC2ERKS0_
FNDA:0,_ZN7leveldb6StatusaSERKS0_
FNF:6
FNH:0
DA:24,0
DA:25,0
DA:44,0
DA:45,0
DA:52,0
DA:92,0
DA:93,0
DA:94,0
DA:95,0
DA:98,0
DA:99,0
DA:100,0
DA:102,0
LF:13
LH:0
end_of_record
SF:/home/gonzalo/Escritorio/Jobify/server/src/FriendDeleteHandler.cpp
FN:5,_ZN19FriendDeleteHandlerC2EP8DatabaseP18TokenAuthenticator
FN:10,_ZN19FriendDeleteHandlerD0Ev
FN:10,_ZN19FriendDeleteHandlerD2Ev
FN:15,_ZN19FriendDeleteHandler11isMyRequestER11HttpRequest
FN:30,_ZN19FriendDeleteHandler7_handleER11HttpRequest
FNDA:0,_ZN19FriendDeleteHandlerC2EP8DatabaseP18TokenAuthenticator
FNDA:0,_ZN19FriendDeleteHandlerD0Ev
FNDA:0,_ZN19FriendDeleteHandlerD2Ev
FNDA:0,_ZN19FriendDeleteHandler11isMyRequestER11HttpRequest
FNDA:0,_ZN19FriendDeleteHandler7_handleER11HttpRequest
FNF:5
FNH:0
DA:5,0
DA:8,0
DA:10,0
DA:13,0
DA:15,0
DA:17,0
DA:18,0
DA:19,0
DA:20,0
DA:21,0
DA:22,0
DA:23,0
DA:24,0
DA:25,0
DA:27,0
DA:30,0
DA:31,0
DA:33,0
DA:34,0
DA:35,0
DA:36,0
DA:37,0
DA:38,0
DA:41,0
DA:42,0
DA:43,0
DA:44,0
DA:45,0
DA:47,0
DA:48,0
DA:49,0
DA:52,0
DA:53,0
DA:56,0
LF:34
LH:0
end_of_record
SF:/home/gonzalo/Escritorio/Jobify/server/src/UserMetadata.h
FN:33,_ZN12UserMetadata11setUsernameENSt7__cxx1112basic_stringIcSt11char_traitsIcESaIcEEE
FNDA:0,_ZN12UserMetadata11setUsernameENSt7__cxx1112basic_stringIcSt11char_traitsIcESaIcEEE
FNF:1
FNH:0
DA:33,0
LF:1
LH:0
end_of_record
TN:
SF:/home/gonzalo/Escritorio/Jobify/server/include/leveldb/slice.h
FN:28,_ZN7leveldb5SliceC2Ev
FN:37,_ZN7leveldb5SliceC2EPKc
FNDA:0,_ZN7leveldb5SliceC2Ev
FNDA:0,_ZN7leveldb5SliceC2EPKc
FNF:2
FNH:0
DA:28,0
DA:37,0
LF:2
LH:0
end_of_record
SF:/home/gonzalo/Escritorio/Jobify/server/include/leveldb/status.h
FN:25,_ZN7leveldb6StatusD2Ev
FN:44,_ZN7leveldb6Status15InvalidArgumentERKNS_5SliceES3_
FNDA:0,_ZN7leveldb6StatusD2Ev
FNDA:0,_ZN7leveldb6Status15InvalidArgumentERKNS_5SliceES3_
FNF:2
FNH:0
DA:25,0
DA:44,0
DA:45,0
LF:3
LH:0
end_of_record
SF:/home/gonzalo/Escritorio/Jobify/server/src/DefaultHandler.cpp
FN:4,_ZN14DefaultHandlerC2EP8DatabaseP18TokenAuthenticator
FN:9,_ZN14DefaultHandlerD0Ev
FN:9,_ZN14DefaultHandlerD2Ev
FN:14,_ZN14DefaultHandler11isMyRequestER11HttpRequest
FN:18,_ZN14DefaultHandler7_handleER11HttpRequest
FNDA:0,_ZN14DefaultHandlerC2EP8DatabaseP18TokenAuthenticator
FNDA:0,_ZN14DefaultHandlerD0Ev
FNDA:0,_ZN14DefaultHandlerD2Ev
FNDA:0,_ZN14DefaultHandler11isMyRequestER11HttpRequest
FNDA:0,_ZN14DefaultHandler7_handleER11HttpRequest
FNF:5
FNH:0
DA:4,0
DA:7,0
DA:9,0
DA:12,0
DA:14,0
DA:15,0
DA:18,0
DA:19,0
DA:20,0
DA:21,0
DA:22,0
LF:11
LH:0
end_of_record
TN:
SF:/home/gonzalo/Escritorio/Jobify/server/include/leveldb/slice.h
FN:28,_ZN7leveldb5SliceC2Ev
FN:37,_ZN7leveldb5SliceC2EPKc
FNDA:0,_ZN7leveldb5SliceC2Ev
FNDA:0,_ZN7leveldb5SliceC2EPKc
FNF:2
FNH:0
DA:28,0
DA:37,0
LF:2
LH:0
end_of_record
SF:/home/gonzalo/Escritorio/Jobify/server/include/leveldb/status.h
FN:24,_ZN7leveldb6StatusC2Ev
FN:25,_ZN7leveldb6StatusD2Ev
FN:44,_ZN7leveldb6Status15InvalidArgumentERKNS_5SliceES3_
FN:52,_ZNK7leveldb6Status2okEv
FN:92,_ZN7leveldb6StatusC2ERKS0_
FN:95,_ZN7leveldb6StatusaSERKS0_
FNDA:0,_ZN7leveldb6StatusC2Ev
FNDA:0,_ZN7leveldb6StatusD2Ev
FNDA:0,_ZN7leveldb6Status15InvalidArgumentERKNS_5SliceES3_
FNDA:0,_ZNK7leveldb6Status2okEv
FNDA:0,_ZN7leveldb6StatusC2ERKS0_
FNDA:0,_ZN7leveldb6StatusaSERKS0_
FNF:6
FNH:0
DA:24,0
DA:25,0
DA:44,0
DA:45,0
DA:52,0
DA:92,0
DA:93,0
DA:94,0
DA:95,0
DA:98,0
DA:99,0
DA:100,0
DA:102,0
LF:13
LH:0
end_of_record
SF:/home/gonzalo/Escritorio/Jobify/server/src/SendFriendRequestHandler.cpp
FN:6,_ZN24SendFriendRequestHandlerC2EP8DatabaseP18TokenAuthenticator
FN:11,_ZN24SendFriendRequestHandlerD0Ev
FN:11,_ZN24SendFriendRequestHandlerD2Ev
FN:16,_ZN24SendFriendRequestHandler11isMyRequestER11HttpRequest
FN:31,_ZN24SendFriendRequestHandler7_handleER11HttpRequest
FNDA:0,_ZN24SendFriendRequestHandlerC2EP8DatabaseP18TokenAuthenticator
FNDA:0,_ZN24SendFriendRequestHandlerD0Ev
FNDA:0,_ZN24SendFriendRequestHandlerD2Ev
FNDA:0,_ZN24SendFriendRequestHandler11isMyRequestER11HttpRequest
FNDA:0,_ZN24SendFriendRequestHandler7_handleER11HttpRequest
FNF:5
FNH:0
DA:6,0
DA:9,0
DA:11,0
DA:14,0
DA:16,0
DA:18,0
DA:19,0
DA:20,0
DA:21,0
DA:22,0
DA:23,0
DA:24,0
DA:25,0
DA:26,0
DA:28,0
DA:31,0
DA:32,0
DA:34,0
DA:35,0
DA:36,0
DA:37,0
DA:38,0
DA:39,0
DA:42,0
DA:43,0
DA:44,0
DA:45,0
DA:46,0
DA:49,0
DA:50,0
DA:52,0
DA:53,0
DA:56,0
DA:57,0
DA:59,0
LF:35
LH:0
end_of_record
SF:/home/gonzalo/Escritorio/Jobify/server/src/UserMetadata.h
FN:33,_ZN12UserMetadata11setUsernameENSt7__cxx1112basic_stringIcSt11char_traitsIcESaIcEEE
FNDA:0,_ZN12UserMetadata11setUsernameENSt7__cxx1112basic_stringIcSt11char_traitsIcESaIcEEE
FNF:1
FNH:0
DA:33,0
LF:1
LH:0
end_of_record
TN:
SF:/home/gonzalo/Escritorio/Jobify/server/include/leveldb/slice.h
FN:28,_ZN7leveldb5SliceC2Ev
FN:37,_ZN7leveldb5SliceC2EPKc
FNDA:0,_ZN7leveldb5SliceC2Ev
FNDA:0,_ZN7leveldb5SliceC2EPKc
FNF:2
FNH:0
DA:28,0
DA:37,0
LF:2
LH:0
end_of_record
SF:/home/gonzalo/Escritorio/Jobify/server/include/leveldb/status.h
FN:25,_ZN7leveldb6StatusD2Ev
FN:44,_ZN7leveldb6Status15InvalidArgumentERKNS_5SliceES3_
FN:52,_ZNK7leveldb6Status2okEv
FN:92,_ZN7leveldb6StatusC2ERKS0_
FNDA:0,_ZN7leveldb6StatusD2Ev
FNDA:0,_ZN7leveldb6Status15InvalidArgumentERKNS_5SliceES3_
FNDA:0,_ZNK7leveldb6Status2okEv
FNDA:0,_ZN7leveldb6StatusC2ERKS0_
FNF:4
FNH:0
DA:25,0
DA:44,0
DA:45,0
DA:52,0
DA:92,0
DA:93,0
DA:94,0
LF:7
LH:0
end_of_record
SF:/home/gonzalo/Escritorio/Jobify/server/src/UserGetProfileHandler.cpp
FN:5,_ZN21UserGetProfileHandlerC2EP8DatabaseP18TokenAuthenticator
FN:10,_ZN21UserGetProfileHandler11isMyRequestER11HttpRequest
FN:24,_ZN21UserGetProfileHandler7_handleER11HttpRequest
FN:44,_ZN21UserGetProfileHandlerD0Ev
FN:44,_ZN21UserGetProfileHandlerD2Ev
FNDA:0,_ZN21UserGetProfileHandlerC2EP8DatabaseP18TokenAuthenticator
FNDA:0,_ZN21UserGetProfileHandler11isMyRequestER11HttpRequest
FNDA:0,_ZN21UserGetProfileHandler7_handleER11HttpRequest
FNDA:0,_ZN21UserGetProfileHandlerD0Ev
FNDA:0,_ZN21UserGetProfileHandlerD2Ev
FNF:5
FNH:0
DA:5,0
DA:8,0
DA:10,0
DA:12,0
DA:13,0
DA:14,0
DA:15,0
DA:16,0
DA:17,0
DA:18,0
DA:19,0
DA:21,0
DA:24,0
DA:25,0
DA:26,0
DA:27,0
DA:28,0
DA:31,0
DA:32,0
DA:33,0
DA:35,0
DA:36,0
DA:37,0
DA:39,0
DA:40,0
DA:44,0
DA:47,0
LF:27
LH:0
end_of_record
SF:/home/gonzalo/Escritorio/Jobify/server/src/UserMetadata.h
FN:33,_ZN12UserMetadata11setUsernameENSt7__cxx1112basic_stringIcSt11char_traitsIcESaIcEEE
FNDA:0,_ZN12UserMetadata11setUsernameENSt7__cxx1112basic_stringIcSt11char_traitsIcESaIcEEE
FNF:1
FNH:0
DA:33,0
LF:1
LH:0
end_of_record
TN:
SF:/home/gonzalo/Escritorio/Jobify/server/include/leveldb/status.h
FN:25,_ZN7leveldb6StatusD2Ev
FNDA:0,_ZN7leveldb6StatusD2Ev
FNF:1
FNH:0
DA:25,0
LF:1
LH:0
end_of_record
SF:/home/gonzalo/Escritorio/Jobify/server/src/HandlerManager.cpp
FN:29,_ZN14HandlerManagerC2ENSt7__cxx1112basic_stringIcSt11char_traitsIcESaIcEEEbb
FN:62,_ZN14HandlerManagerD0Ev
FN:62,_ZN14HandlerManagerD2Ev
FN:88,_ZN14HandlerManager6handleER11HttpRequest
FN:95,_Z41__static_initialization_and_destruction_0ii
FN:95,_GLOBAL__sub_I__ZN14HandlerManagerC2ENSt7__cxx1112basic_stringIcSt11char_traitsIcESaIcEEEbb
FNDA:0,_ZN14HandlerManagerC2ENSt7__cxx1112basic_stringIcSt11char_traitsIcESaIcEEEbb
FNDA:0,_ZN14HandlerManagerD0Ev
FNDA:0,_ZN14HandlerManagerD2Ev
FNDA:0,_ZN14HandlerManager6handleER11HttpRequest
FNDA:0,_Z41__static_initialization_and_destruction_0ii
FNDA:0,_GLOBAL__sub_I__ZN14HandlerManagerC2ENSt7__cxx1112basic_stringIcSt11char_traitsIcESaIcEEEbb
FNF:6
FNH:0
DA:29,0
DA:31,0
DA:32,0
DA:33,0
DA:35,0
DA:38,0
DA:39,0
DA:40,0
DA:41,0
DA:42,0
DA:43,0
DA:44,0
DA:45,0
DA:46,0
DA:47,0
DA:48,0
DA:49,0
DA:50,0
DA:51,0
DA:52,0
DA:53,0
DA:54,0
DA:55,0
DA:56,0
DA:57,0
DA:58,0
DA:59,0
DA:60,0
DA:62,0
DA:64,0
DA:65,0
DA:66,0
DA:67,0
DA:69,0
DA:88,0
DA:89,0
DA:90,0
DA:91,0
DA:93,0
DA:95,0
LF:40
LH:0
end_of_record
TN:
SF:/home/gonzalo/Escritorio/Jobify/server/src/DatabaseWriteBatch.cpp
FN:13,_ZN18DatabaseWriteBatchC2EP8Database
FN:18,_ZN18DatabaseWriteBatchD0Ev
FN:18,_ZN18DatabaseWriteBatchD2Ev
FN:23,_ZN18DatabaseWriteBatch5EraseEP9DBElement
FN:29,_ZN18DatabaseWriteBatch3PutEP9DBElement
FNDA:0,_ZN18DatabaseWriteBatchC2EP8Database
FNDA:0,_ZN18DatabaseWriteBatchD0Ev
FNDA:0,_ZN18DatabaseWriteBatchD2Ev
FNDA:0,_ZN18DatabaseWriteBatch5EraseEP9DBElement
FNDA:0,_ZN18DatabaseWriteBatch3PutEP9DBElement
FNF:5
FNH:0
DA:13,0
DA:15,0
DA:16,0
DA:18,0
DA:21,0
DA:23,0
DA:24,0
DA:25,0
DA:26,0
DA:27,0
DA:29,0
DA:30,0
DA:31,0
DA:32,0
DA:33,0
LF:15
LH:0
end_of_record
TN:
SF:/home/gonzalo/Escritorio/Jobify/server/include/leveldb/slice.h
FN:28,_ZN7leveldb5SliceC2Ev
FN:37,_ZN7leveldb5SliceC2EPKc
FNDA:0,_ZN7leveldb5SliceC2Ev
FNDA:0,_ZN7leveldb5SliceC2EPKc
FNF:2
FNH:0
DA:28,0
DA:37,0
LF:2
LH:0
end_of_record
SF:/home/gonzalo/Escritorio/Jobify/server/include/leveldb/status.h
FN:24,_ZN7leveldb6StatusC2Ev
FN:25,_ZN7leveldb6StatusD2Ev
FN:32,_ZN7leveldb6Status2OKEv
FN:44,_ZN7leveldb6Status15InvalidArgumentERKNS_5SliceES3_
FN:52,_ZNK7leveldb6Status2okEv
FNDA:0,_ZN7leveldb6StatusC2Ev
FNDA:0,_ZN7leveldb6StatusD2Ev
FNDA:0,_ZN7leveldb6Status2OKEv
FNDA:0,_ZN7leveldb6Status15InvalidArgumentERKNS_5SliceES3_
FNDA:0,_ZNK7leveldb6Status2okEv
FNF:5
FNH:0
DA:24,0
DA:25,0
DA:32,0
DA:44,0
DA:45,0
DA:52,0
LF:6
LH:0
end_of_record
SF:/home/gonzalo/Escritorio/Jobify/server/src/SkillGetHandler.cpp
FN:12,_ZN15SkillGetHandlerC2EP8DatabaseP18TokenAuthenticator
FN:17,_ZN15SkillGetHandlerD2Ev
FN:17,_ZN15SkillGetHandlerD0Ev
FN:22,_ZN15SkillGetHandler11isMyRequestER11HttpRequest
FN:36,_ZN15SkillGetHandler7_handleER11HttpRequest
FN:92,_GLOBAL__sub_I__ZN15SkillGetHandlerC2EP8DatabaseP18TokenAuthenticator
FN:92,_Z41__static_initialization_and_destruction_0ii
FNDA:0,_ZN15SkillGetHandlerC2EP8DatabaseP18TokenAuthenticator
FNDA:0,_ZN15SkillGetHandlerD2Ev
FNDA:0,_ZN15SkillGetHandlerD0Ev
FNDA:0,_ZN15SkillGetHandler11isMyRequestER11HttpRequest
FNDA:0,_ZN15SkillGetHandler7_handleER11HttpRequest
FNDA:0,_GLOBAL__sub_I__ZN15SkillGetHandlerC2EP8DatabaseP18TokenAuthenticator
FNDA:0,_Z41__static_initialization_and_destruction_0ii
FNF:7
FNH:0
DA:12,0
DA:15,0
DA:17,0
DA:20,0
DA:22,0
DA:24,0
DA:25,0
DA:26,0
DA:27,0
DA:28,0
DA:29,0
DA:30,0
DA:31,0
DA:33,0
DA:36,0
DA:37,0
DA:39,0
DA:41,0
DA:43,0
DA:45,0
DA:46,0
DA:48,0
DA:49,0
DA:52,0
DA:55,0
DA:56,0
DA:57,0
DA:59,0
DA:61,0
DA:62,0
DA:63,0
DA:64,0
DA:65,0
DA:68,0
DA:70,0
DA:72,0
DA:73,0
DA:74,0
DA:78,0
DA:79,0
DA:82,0
DA:86,0
DA:87,0
DA:88,0
DA:90,0
DA:91,0
DA:92,0
LF:47
LH:0
end_of_record
TN:
SF:/home/gonzalo/Escritorio/Jobify/server/include/leveldb/slice.h
FN:28,_ZN7leveldb5SliceC2Ev
FN:37,_ZN7leveldb5SliceC2EPKc
FNDA:0,_ZN7leveldb5SliceC2Ev
FNDA:0,_ZN7leveldb5SliceC2EPKc
FNF:2
FNH:0
DA:28,0
DA:37,0
LF:2
LH:0
end_of_record
SF:/home/gonzalo/Escritorio/Jobify/server/include/leveldb/status.h
FN:24,_ZN7leveldb6StatusC2Ev
FN:25,_ZN7leveldb6StatusD2Ev
FN:32,_ZN7leveldb6Status2OKEv
FN:47,_ZN7leveldb6Status7IOErrorERKNS_5SliceES3_
FNDA:0,_ZN7leveldb6StatusC2Ev
FNDA:0,_ZN7leveldb6StatusD2Ev
FNDA:0,_ZN7leveldb6Status2OKEv
FNDA:0,_ZN7leveldb6Status7IOErrorERKNS_5SliceES3_
FNF:4
FNH:0
DA:24,0
DA:25,0
DA:32,0
DA:47,0
DA:48,0
LF:5
LH:0
end_of_record
SF:/home/gonzalo/Escritorio/Jobify/server/src/LogOutHandler.cpp
FN:6,_ZN13LogOutHandlerC2EP8DatabaseP18TokenAuthenticator
FN:11,_ZN13LogOutHandlerD2Ev
FN:11,_ZN13LogOutHandlerD0Ev
FN:16,_ZN13LogOutHandler11isMyRequestER11HttpRequest
FN:30,_ZN13LogOutHandler7_handleER11HttpRequest
FNDA:0,_ZN13LogOutHandlerC2EP8DatabaseP18TokenAuthenticator
FNDA:0,_ZN13LogOutHandlerD2Ev
FNDA:0,_ZN13LogOutHandlerD0Ev
FNDA:0,_ZN13LogOutHandler11isMyRequestER11HttpRequest
FNDA:0,_ZN13LogOutHandler7_handleER11HttpRequest
FNF:5
FNH:0
DA:6,0
DA:9,0
DA:11,0
DA:14,0
DA:16,0
DA:18,0
DA:19,0
DA:20,0
DA:21,0
DA:22,0
DA:23,0
DA:24,0
DA:25,0
DA:27,0
DA:30,0
DA:31,0
DA:33,0
DA:34,0
DA:35,0
DA:36,0
DA:37,0
DA:38,0
DA:40,0
DA:41,0
LF:24
LH:0
end_of_record
TN:
SF:/home/gonzalo/Escritorio/Jobify/server/include/leveldb/slice.h
FN:28,_ZN7leveldb5SliceC2Ev
FN:37,_ZN7leveldb5SliceC2EPKc
FNDA:0,_ZN7leveldb5SliceC2Ev
FNDA:0,_ZN7leveldb5SliceC2EPKc
FNF:2
FNH:0
DA:28,0
DA:37,0
LF:2
LH:0
end_of_record
SF:/home/gonzalo/Escritorio/Jobify/server/include/leveldb/status.h
FN:25,_ZN7leveldb6StatusD2Ev
FN:44,_ZN7leveldb6Status15InvalidArgumentERKNS_5SliceES3_
FN:52,_ZNK7leveldb6Status2okEv
FN:92,_ZN7leveldb6StatusC2ERKS0_
FNDA:0,_ZN7leveldb6StatusD2Ev
FNDA:0,_ZN7leveldb6Status15InvalidArgumentERKNS_5SliceES3_
FNDA:0,_ZNK7leveldb6Status2okEv
FNDA:0,_ZN7leveldb6StatusC2ERKS0_
FNF:4
FNH:0
DA:25,0
DA:44,0
DA:45,0
DA:52,0
DA:92,0
DA:93,0
DA:94,0
LF:7
LH:0
end_of_record
SF:/home/gonzalo/Escritorio/Jobify/server/src/ChatData.h
FN:33,_ZN8ChatData11setUsernameENSt7__cxx1112basic_stringIcSt11char_traitsIcESaIcEEE
FNDA:0,_ZN8ChatData11setUsernameENSt7__cxx1112basic_stringIcSt11char_traitsIcESaIcEEE
FNF:1
FNH:0
DA:33,0
LF:1
LH:0
end_of_record
SF:/home/gonzalo/Escritorio/Jobify/server/src/PostChatHandler.cpp
FN:6,_ZN15PostChatHandlerC2EP8DatabaseP18TokenAuthenticator
FN:11,_ZN15PostChatHandler11isMyRequestER11HttpRequest
FN:25,_ZN15PostChatHandler7_handleER11HttpRequest
FN:59,_ZN15PostChatHandlerD0Ev
FN:59,_ZN15PostChatHandlerD2Ev
FN:62,_GLOBAL__sub_I__ZN15PostChatHandlerC2EP8DatabaseP18TokenAuthenticator
FN:62,_Z41__static_initialization_and_destruction_0ii
FNDA:0,_ZN15PostChatHandlerC2EP8DatabaseP18TokenAuthenticator
FNDA:0,_ZN15PostChatHandler11isMyRequestER11HttpRequest
FNDA:0,_ZN15PostChatHandler7_handleER11HttpRequest
FNDA:0,_ZN15PostChatHandlerD0Ev
FNDA:0,_ZN15PostChatHandlerD2Ev
FNDA:0,_GLOBAL__sub_I__ZN15PostChatHandlerC2EP8DatabaseP18TokenAuthenticator
FNDA:0,_Z41__static_initialization_and_destruction_0ii
FNF:7
FNH:0
DA:6,0
DA:9,0
DA:11,0
DA:14,0
DA:15,0
DA:16,0
DA:17,0
DA:18,0
DA:19,0
DA:20,0
DA:22,0
DA:25,0
DA:27,0
DA:28,0
DA:29,0
DA:30,0
DA:33,0
DA:34,0
DA:36,0
DA:39,0
DA:41,0
DA:42,0
DA:43,0
DA:45,0
DA:50,0
DA:51,0
DA:52,0
DA:54,0
DA:55,0
DA:59,0
DA:62,0
LF:31
LH:0
end_of_record
TN:
SF:/home/gonzalo/Escritorio/Jobify/server/include/leveldb/slice.h
FN:28,_ZN7leveldb5SliceC2Ev
FN:37,_ZN7leveldb5SliceC2EPKc
FNDA:0,_ZN7leveldb5SliceC2Ev
FNDA:0,_ZN7leveldb5SliceC2EPKc
FNF:2
FNH:0
DA:28,0
DA:37,0
LF:2
LH:0
end_of_record
SF:/home/gonzalo/Escritorio/Jobify/server/include/leveldb/status.h
FN:24,_ZN7leveldb6StatusC2Ev
FN:25,_ZN7leveldb6StatusD2Ev
FN:32,_ZN7leveldb6Status2OKEv
FN:44,_ZN7leveldb6Status15InvalidArgumentERKNS_5SliceES3_
FN:52,_ZNK7leveldb6Status2okEv
FN:92,_ZN7leveldb6StatusC2ERKS0_
FN:95,_ZN7leveldb6StatusaSERKS0_
FNDA:0,_ZN7leveldb6StatusC2Ev
FNDA:0,_ZN7leveldb6StatusD2Ev
FNDA:0,_ZN7leveldb6Status2OKEv
FNDA:0,_ZN7leveldb6Status15InvalidArgumentERKNS_5SliceES3_
FNDA:0,_ZNK7leveldb6Status2okEv
FNDA:0,_ZN7leveldb6StatusC2ERKS0_
FNDA:0,_ZN7leveldb6StatusaSERKS0_
FNF:7
FNH:0
DA:24,0
DA:25,0
DA:32,0
DA:44,0
DA:45,0
DA:52,0
DA:92,0
DA:93,0
DA:94,0
DA:95,0
DA:98,0
DA:99,0
DA:100,0
DA:102,0
LF:14
LH:0
end_of_record
SF:/home/gonzalo/Escritorio/Jobify/server/src/DBElement.h
FN:46,_ZN9DBElement16getValueToStringB5cxx11Ev
FNDA:0,_ZN9DBElement16getValueToStringB5cxx11Ev
FNF:1
FNH:0
DA:46,0
LF:1
LH:0
end_of_record
SF:/home/gonzalo/Escritorio/Jobify/server/src/UserGetHandler.cpp
FN:5,_ZN14UserGetHandlerC2EP8DatabaseP18TokenAuthenticator
FN:10,_ZN14UserGetHandlerD2Ev
FN:10,_ZN14UserGetHandlerD0Ev
FN:15,_ZN14UserGetHandler11isMyRequestER11HttpRequest
FN:29,_ZN14UserGetHandler7_handleER11HttpRequest
FNDA:0,_ZN14UserGetHandlerC2EP8DatabaseP18TokenAuthenticator
FNDA:0,_ZN14UserGetHandlerD2Ev
FNDA:0,_ZN14UserGetHandlerD0Ev
FNDA:0,_ZN14UserGetHandler11isMyRequestER11HttpRequest
FNDA:0,_ZN14UserGetHandler7_handleER11HttpRequest
FNF:5
FNH:0
DA:5,0
DA:8,0
DA:10,0
DA:13,0
DA:15,0
DA:17,0
DA:18,0
DA:19,0
DA:20,0
DA:21,0
DA:22,0
DA:23,0
DA:24,0
DA:26,0
DA:29,0
DA:30,0
DA:32,0
DA:33,0
DA:34,0
DA:35,0
DA:36,0
DA:37,0
DA:40,0
DA:41,0
DA:43,0
DA:44,0
DA:45,0
DA:46,0
DA:49,0
LF:29
LH:0
end_of_record
SF:/home/gonzalo/Escritorio/Jobify/server/src/UserMetadata.h
FN:33,_ZN12UserMetadata11setUsernameENSt7__cxx1112basic_stringIcSt11char_traitsIcESaIcEEE
FNDA:0,_ZN12UserMetadata11setUsernameENSt7__cxx1112basic_stringIcSt11char_traitsIcESaIcEEE
FNF:1
FNH:0
DA:33,0
LF:1
LH:0
end_of_record
TN:
SF:/home/gonzalo/Escritorio/Jobify/server/include/leveldb/options.h
FN:161,_ZN7leveldb11ReadOptionsC2Ev
FN:188,_ZN7leveldb12WriteOptionsC2Ev
FNDA:0,_ZN7leveldb11ReadOptionsC2Ev
FNDA:0,_ZN7leveldb12WriteOptionsC2Ev
FNF:2
FNH:0
DA:161,0
DA:164,0
DA:165,0
DA:188,0
DA:189,0
DA:190,0
LF:6
LH:0
end_of_record
SF:/home/gonzalo/Escritorio/Jobify/server/include/leveldb/slice.h
FN:28,_ZN7leveldb5SliceC2Ev
FN:34,_ZN7leveldb5SliceC2ERKNSt7__cxx1112basic_stringIcSt11char_traitsIcESaIcEEE
FN:37,_ZN7leveldb5SliceC2EPKc
FNDA:0,_ZN7leveldb5SliceC2Ev
FNDA:0,_ZN7leveldb5SliceC2ERKNSt7__cxx1112basic_stringIcSt11char_traitsIcESaIcEEE
FNDA:0,_ZN7leveldb5SliceC2EPKc
FNF:3
FNH:0
DA:28,0
DA:34,0
DA:37,0
LF:3
LH:0
end_of_record
SF:/home/gonzalo/Escritorio/Jobify/server/include/leveldb/status.h
FN:24,_ZN7leveldb6StatusC2Ev
FN:25,_ZN7leveldb6StatusD2Ev
FN:32,_ZN7leveldb6Status2OKEv
FN:35,_ZN7leveldb6Status8NotFoundERKNS_5SliceES3_
FN:52,_ZNK7leveldb6Status2okEv
FN:92,_ZN7leveldb6StatusC2ERKS0_
FN:95,_ZN7leveldb6StatusaSERKS0_
FNDA:0,_ZN7leveldb6StatusC2Ev
FNDA:0,_ZN7leveldb6StatusD2Ev
FNDA:0,_ZN7leveldb6Status2OKEv
FNDA:0,_ZN7leveldb6Status8NotFoundERKNS_5SliceES3_
FNDA:0,_ZNK7leveldb6Status2okEv
FNDA:0,_ZN7leveldb6StatusC2ERKS0_
FNDA:0,_ZN7leveldb6StatusaSERKS0_
FNF:7
FNH:0
DA:24,0
DA:25,0
DA:32,0
DA:35,0
DA:36,0
DA:52,0
DA:92,0
DA:93,0
DA:94,0
DA:95,0
DA:98,0
DA:99,0
DA:100,0
DA:102,0
LF:14
LH:0
end_of_record
SF:/home/gonzalo/Escritorio/Jobify/server/src/Database.h
FN:22,_ZN8DatabaseC2Ev
FN:23,_ZN8DatabaseD0Ev
FN:23,_ZN8DatabaseD2Ev
FNDA:0,_ZN8DatabaseC2Ev
FNDA:0,_ZN8DatabaseD0Ev
FNDA:0,_ZN8DatabaseD2Ev
FNF:3
FNH:0
DA:22,0
DA:23,0
LF:2
LH:0
end_of_record
SF:/home/gonzalo/Escritorio/Jobify/server/src/DatabaseLevelDB.cpp
FN:8,_ZN15DatabaseLevelDBC2Ev
FN:13,_ZN15DatabaseLevelDBD0Ev
FN:13,_ZN15DatabaseLevelDBD2Ev
FN:18,_ZN15DatabaseLevelDB6configERKNSt7__cxx1112basic_stringIcSt11char_traitsIcESaIcEEEbb
FN:28,_ZN15DatabaseLevelDB4openEv
FN:47,_ZN15DatabaseLevelDB5closeEv
FN:54,_ZN15DatabaseLevelDB3putER9DBElement
FN:63,_ZN15DatabaseLevelDB3getER9DBElement
FN:81,_ZN15DatabaseLevelDB5eraseER9DBElement
FN:87,_ZN15DatabaseLevelDB10writeBatchEP18DatabaseWriteBatch
FN:113,_ZN15DatabaseLevelDB9clear_allEv
FNDA:0,_ZN15DatabaseLevelDBC2Ev
FNDA:0,_ZN15DatabaseLevelDBD0Ev
FNDA:0,_ZN15DatabaseLevelDBD2Ev
FNDA:0,_ZN15DatabaseLevelDB6configERKNSt7__cxx1112basic_stringIcSt11char_traitsIcESaIcEEEbb
FNDA:0,_ZN15DatabaseLevelDB4openEv
FNDA:0,_ZN15DatabaseLevelDB5closeEv
FNDA:0,_ZN15DatabaseLevelDB3putER9DBElement
FNDA:0,_ZN15DatabaseLevelDB3getER9DBElement
FNDA:0,_ZN15DatabaseLevelDB5eraseER9DBElement
FNDA:0,_ZN15DatabaseLevelDB10writeBatchEP18DatabaseWriteBatch
FNDA:0,_ZN15DatabaseLevelDB9clear_allEv
FNF:11
FNH:0
DA:8,0
DA:11,0
DA:13,0
DA:15,0
DA:16,0
DA:18,0
DA:19,0
DA:20,0
DA:22,0
DA:23,0
DA:24,0
DA:25,0
DA:28,0
DA:29,0
DA:30,0
DA:32,0
DA:33,0
DA:36,0
DA:37,0
DA:39,0
DA:40,0
DA:41,0
DA:42,0
DA:44,0
DA:47,0
DA:48,0
DA:49,0
DA:50,0
DA:52,0
DA:54,0
DA:55,0
DA:56,0
DA:57,0
DA:58,0
DA:59,0
DA:60,0
DA:63,0
DA:64,0
DA:65,0
DA:66,0
DA:69,0
DA:70,0
DA:71,0
DA:74,0
DA:78,0
DA:81,0
DA:82,0
DA:83,0
DA:84,0
DA:87,0
DA:88,0
DA:89,0
DA:91,0
DA:92,0
DA:94,0
DA:95,0
DA:96,0
DA:97,0
DA:98,0
DA:99,0
DA:100,0
DA:101,0
DA:102,0
DA:103,0
DA:104,0
DA:110,0
DA:113,0
DA:114,0
DA:115,0
DA:116,0
DA:117,0
DA:118,0
DA:119,0
DA:120,0
DA:121,0
DA:124,0
DA:125,0
DA:127,0
DA:128,0
LF:79
LH:0
end_of_record
SF:/home/gonzalo/Escritorio/Jobify/server/src/DatabaseWriteBatch.h
FN:35,_ZN18DatabaseWriteBatch7getKeysB5cxx11Ev
FN:40,_ZN18DatabaseWriteBatch9getValuesB5cxx11Ev
FN:45,_ZN18DatabaseWriteBatch13getOperationsB5cxx11Ev
FNDA:0,_ZN18DatabaseWriteBatch7getKeysB5cxx11Ev
FNDA:0,_ZN18DatabaseWriteBatch9getValuesB5cxx11Ev
FNDA:0,_ZN18DatabaseWriteBatch13getOperationsB5cxx11Ev
FNF:3
FNH:0
DA:35,0
DA:40,0
DA:45,0
LF:3
LH:0
end_of_record
TN:
SF:/home/gonzalo/Escritorio/Jobify/server/include/leveldb/slice.h
FN:28,_ZN7leveldb5SliceC2Ev
FN:37,_ZN7leveldb5SliceC2EPKc
FNDA:0,_ZN7leveldb5SliceC2Ev
FNDA:0,_ZN7leveldb5SliceC2EPKc
FNF:2
FNH:0
DA:28,0
DA:37,0
LF:2
LH:0
end_of_record
SF:/home/gonzalo/Escritorio/Jobify/server/include/leveldb/status.h
FN:24,_ZN7leveldb6StatusC2Ev
FN:25,_ZN7leveldb6StatusD2Ev
FN:44,_ZN7leveldb6Status15InvalidArgumentERKNS_5SliceES3_
FN:52,_ZNK7leveldb6Status2okEv
FN:92,_ZN7leveldb6StatusC2ERKS0_
FN:95,_ZN7leveldb6StatusaSERKS0_
FNDA:0,_ZN7leveldb6StatusC2Ev
FNDA:0,_ZN7leveldb6StatusD2Ev
FNDA:0,_ZN7leveldb6Status15InvalidArgumentERKNS_5SliceES3_
FNDA:0,_ZNK7leveldb6Status2okEv
FNDA:0,_ZN7leveldb6StatusC2ERKS0_
FNDA:0,_ZN7leveldb6StatusaSERKS0_
FNF:6
FNH:0
DA:24,0
DA:25,0
DA:44,0
DA:45,0
DA:52,0
DA:92,0
DA:93,0
DA:94,0
DA:95,0
DA:98,0
DA:99,0
DA:100,0
DA:102,0
LF:13
LH:0
end_of_record
SF:/home/gonzalo/Escritorio/Jobify/server/src/LikeHandler.cpp
FN:5,_ZN11LikeHandlerC2EP8DatabaseP18TokenAuthenticator
FN:10,_ZN11LikeHandlerD2Ev
FN:10,_ZN11LikeHandlerD0Ev
FN:15,_ZN11LikeHandler11isMyRequestER11HttpRequest
FN:29,_ZN11LikeHandler7_handleER11HttpRequest
FNDA:0,_ZN11LikeHandlerC2EP8DatabaseP18TokenAuthenticator
FNDA:0,_ZN11LikeHandlerD2Ev
FNDA:0,_ZN11LikeHandlerD0Ev
FNDA:0,_ZN11LikeHandler11isMyRequestER11HttpRequest
FNDA:0,_ZN11LikeHandler7_handleER11HttpRequest
FNF:5
FNH:0
DA:5,0
DA:8,0
DA:10,0
DA:13,0
DA:15,0
DA:17,0
DA:18,0
DA:19,0
DA:20,0
DA:21,0
DA:22,0
DA:23,0
DA:24,0
DA:26,0
DA:29,0
DA:30,0
DA:32,0
DA:33,0
DA:34,0
DA:35,0
DA:36,0
DA:37,0
DA:40,0
DA:41,0
DA:42,0
DA:43,0
DA:44,0
DA:46,0
DA:47,0
DA:48,0
DA:52,0
DA:53,0
DA:56,0
LF:33
LH:0
end_of_record
SF:/home/gonzalo/Escritorio/Jobify/server/src/UserMetadata.h
FN:33,_ZN12UserMetadata11setUsernameENSt7__cxx1112basic_stringIcSt11char_traitsIcESaIcEEE
FNDA:0,_ZN12UserMetadata11setUsernameENSt7__cxx1112basic_stringIcSt11char_traitsIcESaIcEEE
FNF:1
FNH:0
DA:33,0
LF:1
LH:0
end_of_record
TN:
SF:/home/gonzalo/Escritorio/Jobify/server/src/EventHandler.cpp
FN:5,_ZN12EventHandlerC2EP8Database
FN:10,_ZN12EventHandlerD2Ev
FN:10,_ZN12EventHandlerD0Ev
FN:15,_ZN12EventHandler6handleER11HttpRequest
FNDA:0,_ZN12EventHandlerC2EP8Database
FNDA:0,_ZN12EventHandlerD2Ev
FNDA:0,_ZN12EventHandlerD0Ev
FNDA:0,_ZN12EventHandler6handleER11HttpRequest
FNF:4
FNH:0
DA:5,0
DA:8,0
DA:10,0
DA:13,0
DA:15,0
DA:16,0
DA:17,0
DA:18,0
DA:19,0
DA:20,0
DA:22,0
LF:11
LH:0
end_of_record
TN:
SF:/home/gonzalo/Escritorio/Jobify/server/include/leveldb/slice.h
FN:28,_ZN7leveldb5SliceC2Ev
FN:37,_ZN7leveldb5SliceC2EPKc
FNDA:0,_ZN7leveldb5SliceC2Ev
FNDA:0,_ZN7leveldb5SliceC2EPKc
FNF:2
FNH:0
DA:28,0
DA:37,0
LF:2
LH:0
end_of_record
SF:/home/gonzalo/Escritorio/Jobify/server/include/leveldb/status.h
FN:25,_ZN7leveldb6StatusD2Ev
FN:47,_ZN7leveldb6Status7IOErrorERKNS_5SliceES3_
FNDA:0,_ZN7leveldb6StatusD2Ev
FNDA:0,_ZN7leveldb6Status7IOErrorERKNS_5SliceES3_
FNF:2
FNH:0
DA:25,0
DA:47,0
DA:48,0
LF:3
LH:0
end_of_record
SF:/home/gonzalo/Escritorio/Jobify/server/src/EventHandlerChecksAuthentication.cpp
FN:6,_ZN32EventHandlerChecksAuthenticationC2EP8DatabaseP18TokenAuthenticator
FN:11,_ZN32EventHandlerChecksAuthenticationD0Ev
FN:11,_ZN32EventHandlerChecksAuthenticationD2Ev
FN:16,_ZN32EventHandlerChecksAuthentication17_check_permissionER11HttpRequest
FNDA:0,_ZN32EventHandlerChecksAuthenticationC2EP8DatabaseP18TokenAuthenticator
FNDA:0,_ZN32EventHandlerChecksAuthenticationD0Ev
FNDA:0,_ZN32EventHandlerChecksAuthenticationD2Ev
FNDA:0,_ZN32EventHandlerChecksAuthentication17_check_permissionER11HttpRequest
FNF:4
FNH:0
DA:6,0
DA:9,0
DA:11,0
DA:14,0
DA:16,0
DA:17,0
DA:18,0
DA:19,0
DA:20,0
DA:21,0
DA:22,0
DA:24,0
DA:25,0
DA:27,0
DA:29,0
LF:15
LH:0
end_of_record
TN:
SF:/home/gonzalo/Escritorio/Jobify/server/src/HttpRequestConcrete.h
FN:50,_ZN19HttpRequestConcrete11getResponseB5cxx11Ev
FNDA:0,_ZN19HttpRequestConcrete11getResponseB5cxx11Ev
FNF:1
FNH:0
DA:50,0
LF:1
LH:0
end_of_record
SF:/home/gonzalo/Escritorio/Jobify/server/src/HttpRequestMock.cpp
FN:3,_ZN15HttpRequestMockC2Ev
FN:8,_ZN15HttpRequestMockD2Ev
FN:8,_ZN15HttpRequestMockD0Ev
FN:13,_ZN15HttpRequestMock8getCampoENSt7__cxx1112basic_stringIcSt11char_traitsIcESaIcEEE
FN:22,_ZN15HttpRequestMock15getCampoDeArrayENSt7__cxx1112basic_stringIcSt11char_traitsIcESaIcEEEi
FNDA:0,_ZN15HttpRequestMockC2Ev
FNDA:0,_ZN15HttpRequestMockD2Ev
FNDA:0,_ZN15HttpRequestMockD0Ev
FNDA:0,_ZN15HttpRequestMock8getCampoENSt7__cxx1112basic_stringIcSt11char_traitsIcESaIcEEE
FNDA:0,_ZN15HttpRequestMock15getCampoDeArrayENSt7__cxx1112basic_stringIcSt11char_traitsIcESaIcEEEi
FNF:5
FNH:0
DA:3,0
DA:6,0
DA:8,0
DA:11,0
DA:13,0
DA:14,0
DA:15,0
DA:16,0
DA:17,0
DA:19,0
DA:22,0
DA:23,0
DA:24,0
DA:25,0
DA:26,0
DA:27,0
DA:28,0
DA:29,0
DA:32,0
DA:33,0
DA:35,0
LF:21
LH:0
end_of_record
SF:/home/gonzalo/Escritorio/Jobify/server/src/HttpRequestMock.h
FN:13,_ZN15HttpRequestMock4initEP13mg_connectionP12http_message
FN:16,_ZN15HttpRequestMock6getUriB5cxx11Ev
FN:20,_ZN15HttpRequestMock19getUriParsedByIndexEi
FN:22,_ZN15HttpRequestMock25getUriStringParsedByIndexB5cxx11Ei
FN:24,_ZN15HttpRequestMock10getUriTypeEv
FN:26,_ZN15HttpRequestMock9getMethodEv
FN:34,_ZN15HttpRequestMock14addValueToBodyENSt7__cxx1112basic_stringIcSt11char_traitsIcESaIcEEES5_
FN:38,_ZN15HttpRequestMock14getHeaderValueENSt7__cxx1112basic_stringIcSt11char_traitsIcESaIcEEE
FN:40,_ZN15HttpRequestMock13getQueryCampoENSt7__cxx1112basic_stringIcSt11char_traitsIcESaIcEEE
FN:52,_ZN15HttpRequestMock11getUsernameB5cxx11Ev
FN:54,_ZN15HttpRequestMock12getConnTokenB5cxx11Ev
FNDA:0,_ZN15HttpRequestMock4initEP13mg_connectionP12http_message
FNDA:0,_ZN15HttpRequestMock6getUriB5cxx11Ev
FNDA:0,_ZN15HttpRequestMock19getUriParsedByIndexEi
FNDA:0,_ZN15HttpRequestMock25getUriStringParsedByIndexB5cxx11Ei
FNDA:0,_ZN15HttpRequestMock10getUriTypeEv
FNDA:0,_ZN15HttpRequestMock9getMethodEv
FNDA:0,_ZN15HttpRequestMock14addValueToBodyENSt7__cxx1112basic_stringIcSt11char_traitsIcESaIcEEES5_
FNDA:0,_ZN15HttpRequestMock14getHeaderValueENSt7__cxx1112basic_stringIcSt11char_traitsIcESaIcEEE
FNDA:0,_ZN15HttpRequestMock13getQueryCampoENSt7__cxx1112basic_stringIcSt11char_traitsIcESaIcEEE
FNDA:0,_ZN15HttpRequestMock11getUsernameB5cxx11Ev
FNDA:0,_ZN15HttpRequestMock12getConnTokenB5cxx11Ev
FNF:11
FNH:0
DA:13,0
DA:16,0
DA:20,0
DA:22,0
DA:24,0
DA:26,0
DA:34,0
DA:38,0
DA:40,0
DA:52,0
DA:54,0
LF:11
LH:0
end_of_record
TN:
SF:/home/gonzalo/Escritorio/Jobify/server/src/Logger.cpp
FN:7,_ZN13Server_LoggerC2Ev
FN:21,_ZN13Server_LoggerD0Ev
FN:21,_ZN13Server_LoggerD2Ev
FN:28,_ZN13Server_Logger9timestampB5cxx11Ev
FN:42,_ZN13Server_Logger3LogENSt7__cxx1112basic_stringIcSt11char_traitsIcESaIcEEE7Logmode
FN:50,_ZN13Server_Logger11getInstanceEv
FNDA:0,_ZN13Server_LoggerC2Ev
FNDA:0,_ZN13Server_LoggerD0Ev
FNDA:0,_ZN13Server_LoggerD2Ev
FNDA:0,_ZN13Server_Logger9timestampB5cxx11Ev
FNDA:0,_ZN13Server_Logger3LogENSt7__cxx1112basic_stringIcSt11char_traitsIcESaIcEEE7Logmode
FNDA:0,_ZN13Server_Logger11getInstanceEv
FNF:6
FNH:0
DA:7,0
DA:9,0
DA:10,0
DA:11,0
DA:12,0
DA:13,0
DA:14,0
DA:15,0
DA:16,0
DA:17,0
DA:18,0
DA:19,0
DA:21,0
DA:23,0
DA:24,0
DA:25,0
DA:26,0
DA:28,0
DA:33,0
DA:34,0
DA:36,0
DA:37,0
DA:39,0
DA:42,0
DA:43,0
DA:44,0
DA:45,0
DA:46,0
DA:48,0
DA:50,0
DA:51,0
DA:52,0
DA:54,0
LF:33
LH:0
end_of_record
TN:
SF:/home/gonzalo/Escritorio/Jobify/server/src/JsonSerializer.cpp
FN:5,_ZN14JsonSerializerC2Ev
FN:10,_ZN14JsonSerializerD0Ev
FN:10,_ZN14JsonSerializerD2Ev
FN:15,_ZN14JsonSerializer3getEN4Json5ValueENSt7__cxx1112basic_stringIcSt11char_traitsIcESaIcEEES7_RS1_RS7_
FN:27,_ZN14JsonSerializer3getEN4Json5ValueEiNSt7__cxx1112basic_stringIcSt11char_traitsIcESaIcEEERS1_RS7_
FN:38,_ZN14JsonSerializer21removeBegAndEndQuotesENSt7__cxx1112basic_stringIcSt11char_traitsIcESaIcEEE
FN:50,_ZN14JsonSerializer22turnObjectListToObjectERNSt7__cxx1112basic_stringIcSt11char_traitsIcESaIcEEE
FN:54,_ZN14JsonSerializer22turnObjectListToObjectERNSt7__cxx1112basic_stringIcSt11char_traitsIcESaIcEEES5_
FN:73,_ZN14JsonSerializer20turnArrayListToArrayERNSt7__cxx1112basic_stringIcSt11char_traitsIcESaIcEEES5_
FN:92,_ZN14JsonSerializer20turnArrayListToArrayERNSt7__cxx1112basic_stringIcSt11char_traitsIcESaIcEEE
FN:96,_ZN14JsonSerializer20addValueToObjectListERNSt7__cxx1112basic_stringIcSt11char_traitsIcESaIcEEES5_S5_
FN:115,_ZN14JsonSerializer16addValueToObjectERNSt7__cxx1112basic_stringIcSt11char_traitsIcESaIcEEES5_S5_
FN:126,_ZN14JsonSerializer19addValueToArrayListERNSt7__cxx1112basic_stringIcSt11char_traitsIcESaIcEEES5_
FN:140,_ZN14JsonSerializer22addArrayOrObjectToListERNSt7__cxx1112basic_stringIcSt11char_traitsIcESaIcEEES5_S5_
FN:157,_ZN14JsonSerializer17joinValueIntoListERNSt7__cxx1112basic_stringIcSt11char_traitsIcESaIcEEES5_
FN:167,_ZN14JsonSerializer17turnVectorToArrayERSt6vectorINSt7__cxx1112basic_stringIcSt11char_traitsIcESaIcEEESaIS6_EES6_RS6_
FN:176,_ZN14JsonSerializer23turnPairsVectorToObjectERSt6vectorISt4pairINSt7__cxx1112basic_stringIcSt11char_traitsIcESaIcEEES7_ESaIS8_EES7_RS7_
FN:185,_ZN14JsonSerializer12turnMapToObjERSt13unordered_mapINSt7__cxx1112basic_stringIcSt11char_traitsIcESaIcEEES6_St4hashIS6_ESt8equal_toIS6_ESaISt4pairIKS6_S6_EEES6_RS6_
FN:194,_ZN14JsonSerializer15addNumberToListERNSt7__cxx1112basic_stringIcSt11char_traitsIcESaIcEEES5_i
FN:211,_ZN14JsonSerializer13addBoolToListERNSt7__cxx1112basic_stringIcSt11char_traitsIcESaIcEEES5_b
FNDA:0,_ZN14JsonSerializerC2Ev
FNDA:0,_ZN14JsonSerializerD0Ev
FNDA:0,_ZN14JsonSerializerD2Ev
FNDA:0,_ZN14JsonSerializer3getEN4Json5ValueENSt7__cxx1112basic_stringIcSt11char_traitsIcESaIcEEES7_RS1_RS7_
FNDA:0,_ZN14JsonSerializer3getEN4Json5ValueEiNSt7__cxx1112basic_stringIcSt11char_traitsIcESaIcEEERS1_RS7_
FNDA:0,_ZN14JsonSerializer21removeBegAndEndQuotesENSt7__cxx1112basic_stringIcSt11char_traitsIcESaIcEEE
FNDA:0,_ZN14JsonSerializer22turnObjectListToObjectERNSt7__cxx1112basic_stringIcSt11char_traitsIcESaIcEEE
FNDA:0,_ZN14JsonSerializer22turnObjectListToObjectERNSt7__cxx1112basic_stringIcSt11char_traitsIcESaIcEEES5_
FNDA:0,_ZN14JsonSerializer20turnArrayListToArrayERNSt7__cxx1112basic_stringIcSt11char_traitsIcESaIcEEES5_
FNDA:0,_ZN14JsonSerializer20turnArrayListToArrayERNSt7__cxx1112basic_stringIcSt11char_traitsIcESaIcEEE
FNDA:0,_ZN14JsonSerializer20addValueToObjectListERNSt7__cxx1112basic_stringIcSt11char_traitsIcESaIcEEES5_S5_
FNDA:0,_ZN14JsonSerializer16addValueToObjectERNSt7__cxx1112basic_stringIcSt11char_traitsIcESaIcEEES5_S5_
FNDA:0,_ZN14JsonSerializer19addValueToArrayListERNSt7__cxx1112basic_stringIcSt11char_traitsIcESaIcEEES5_
FNDA:0,_ZN14JsonSerializer22addArrayOrObjectToListERNSt7__cxx1112basic_stringIcSt11char_traitsIcESaIcEEES5_S5_
FNDA:0,_ZN14JsonSerializer17joinValueIntoListERNSt7__cxx1112basic_stringIcSt11char_traitsIcESaIcEEES5_
FNDA:0,_ZN14JsonSerializer17turnVectorToArrayERSt6vectorINSt7__cxx1112basic_stringIcSt11char_traitsIcESaIcEEESaIS6_EES6_RS6_
FNDA:0,_ZN14JsonSerializer23turnPairsVectorToObjectERSt6vectorISt4pairINSt7__cxx1112basic_stringIcSt11char_traitsIcESaIcEEES7_ESaIS8_EES7_RS7_
FNDA:0,_ZN14JsonSerializer12turnMapToObjERSt13unordered_mapINSt7__cxx1112basic_stringIcSt11char_traitsIcESaIcEEES6_St4hashIS6_ESt8equal_toIS6_ESaISt4pairIKS6_S6_EEES6_RS6_
FNDA:0,_ZN14JsonSerializer15addNumberToListERNSt7__cxx1112basic_stringIcSt11char_traitsIcESaIcEEES5_i
FNDA:0,_ZN14JsonSerializer13addBoolToListERNSt7__cxx1112basic_stringIcSt11char_traitsIcESaIcEEES5_b
FNF:20
FNH:0
DA:5,0
DA:8,0
DA:10,0
DA:13,0
DA:15,0
DA:16,0
DA:17,0
DA:18,0
DA:19,0
DA:20,0
DA:22,0
DA:24,0
DA:27,0
DA:28,0
DA:29,0
DA:30,0
DA:31,0
DA:33,0
DA:35,0
DA:38,0
DA:39,0
DA:40,0
DA:41,0
DA:43,0
DA:46,0
DA:50,0
DA:51,0
DA:52,0
DA:54,0
DA:55,0
DA:56,0
DA:57,0
DA:58,0
DA:59,0
DA:61,0
DA:64,0
DA:68,0
DA:69,0
DA:70,0
DA:71,0
DA:73,0
DA:74,0
DA:75,0
DA:76,0
DA:77,0
DA:78,0
DA:80,0
DA:83,0
DA:87,0
DA:88,0
DA:89,0
DA:90,0
DA:92,0
DA:93,0
DA:94,0
DA:96,0
DA:97,0
DA:99,0
DA:100,0
DA:103,0
DA:104,0
DA:105,0
DA:107,0
DA:108,0
DA:109,0
DA:110,0
DA:112,0
DA:113,0
DA:115,0
DA:116,0
DA:117,0
DA:118,0
DA:122,0
DA:123,0
DA:124,0
DA:126,0
DA:127,0
DA:129,0
DA:130,0
DA:133,0
DA:134,0
DA:135,0
DA:137,0
DA:138,0
DA:140,0
DA:141,0
DA:143,0
DA:144,0
DA:148,0
DA:149,0
DA:150,0
DA:151,0
DA:152,0
DA:154,0
DA:155,0
DA:157,0
DA:158,0
DA:159,0
DA:160,0
DA:163,0
DA:164,0
DA:165,0
DA:167,0
DA:168,0
DA:169,0
DA:170,0
DA:172,0
DA:173,0
DA:174,0
DA:176,0
DA:177,0
DA:178,0
DA:179,0
DA:181,0
DA:182,0
DA:183,0
DA:185,0
DA:186,0
DA:187,0
DA:188,0
DA:190,0
DA:191,0
DA:192,0
DA:194,0
DA:195,0
DA:197,0
DA:198,0
DA:201,0
DA:202,0
DA:203,0
DA:205,0
DA:206,0
DA:208,0
DA:209,0
DA:211,0
DA:212,0
DA:214,0
DA:215,0
DA:218,0
DA:219,0
DA:220,0
DA:222,0
DA:223,0
DA:224,0
DA:226,0
DA:229,0
DA:230,0
LF:147
LH:0
end_of_record
TN:
SF:/home/gonzalo/Escritorio/Jobify/server/include/leveldb/slice.h
FN:28,_ZN7leveldb5SliceC2Ev
FN:37,_ZN7leveldb5SliceC2EPKc
FNDA:0,_ZN7leveldb5SliceC2Ev
FNDA:0,_ZN7leveldb5SliceC2EPKc
FNF:2
FNH:0
DA:28,0
DA:37,0
LF:2
LH:0
end_of_record
SF:/home/gonzalo/Escritorio/Jobify/server/include/leveldb/status.h
FN:25,_ZN7leveldb6StatusD2Ev
FN:47,_ZN7leveldb6Status7IOErrorERKNS_5SliceES3_
FNDA:0,_ZN7leveldb6StatusD2Ev
FNDA:0,_ZN7leveldb6Status7IOErrorERKNS_5SliceES3_
FNF:2
FNH:0
DA:25,0
DA:47,0
DA:48,0
LF:3
LH:0
end_of_record
SF:/home/gonzalo/Escritorio/Jobify/server/src/EventHandlerRemovesAuthentication.cpp
FN:6,_ZN33EventHandlerRemovesAuthenticationC2EP8DatabaseP18TokenAuthenticator
FN:11,_ZN33EventHandlerRemovesAuthenticationD0Ev
FN:11,_ZN33EventHandlerRemovesAuthenticationD2Ev
FN:16,_ZN33EventHandlerRemovesAuthentication17_check_permissionER11HttpRequest
FNDA:0,_ZN33EventHandlerRemovesAuthenticationC2EP8DatabaseP18TokenAuthenticator
FNDA:0,_ZN33EventHandlerRemovesAuthenticationD0Ev
FNDA:0,_ZN33EventHandlerRemovesAuthenticationD2Ev
FNDA:0,_ZN33EventHandlerRemovesAuthentication17_check_permissionER11HttpRequest
FNF:4
FNH:0
DA:6,0
DA:9,0
DA:11,0
DA:14,0
DA:16,0
DA:17,0
DA:18,0
DA:19,0
DA:20,0
DA:21,0
DA:22,0
DA:24,0
DA:25,0
DA:27,0
DA:28,0
DA:30,0
LF:16
LH:0
end_of_record
TN:
SF:/home/gonzalo/Escritorio/Jobify/server/include/json/json.h
FN:1017,_ZNK4Json17ValueIteratorBaseneERKS0_
FN:1155,_ZN4Json13ValueIteratorppEv
FN:1160,_ZNK4Json13ValueIteratordeEv
FN:1226,_ZN4Json6ReaderD2Ev
FN:1376,_ZN4Json6Reader9ErrorInfoD2Ev
FNDA:0,_ZNK4Json17ValueIteratorBaseneERKS0_
FNDA:0,_ZN4Json13ValueIteratorppEv
FNDA:0,_ZNK4Json13ValueIteratordeEv
FNDA:0,_ZN4Json6ReaderD2Ev
FNDA:0,_ZN4Json6Reader9ErrorInfoD2Ev
FNF:5
FNH:0
DA:1017,0
DA:1155,0
DA:1156,0
DA:1157,0
DA:1160,0
DA:1226,0
DA:1376,0
LF:7
LH:0
end_of_record
SF:/home/gonzalo/Escritorio/Jobify/server/include/leveldb/slice.h
FN:28,_ZN7leveldb5SliceC2Ev
FN:37,_ZN7leveldb5SliceC2EPKc
FNDA:0,_ZN7leveldb5SliceC2Ev
FNDA:0,_ZN7leveldb5SliceC2EPKc
FNF:2
FNH:0
DA:28,0
DA:37,0
LF:2
LH:0
end_of_record
SF:/home/gonzalo/Escritorio/Jobify/server/include/leveldb/status.h
FN:24,_ZN7leveldb6StatusC2Ev
FN:25,_ZN7leveldb6StatusD2Ev
FN:35,_ZN7leveldb6Status8NotFoundERKNS_5SliceES3_
FN:38,_ZN7leveldb6Status10CorruptionERKNS_5SliceES3_
FN:52,_ZNK7leveldb6Status2okEv
FN:55,_ZNK7leveldb6Status10IsNotFoundEv
FN:84,_ZNK7leveldb6Status4codeEv
FN:92,_ZN7leveldb6StatusC2ERKS0_
FN:95,_ZN7leveldb6StatusaSERKS0_
FNDA:0,_ZN7leveldb6StatusC2Ev
FNDA:0,_ZN7leveldb6StatusD2Ev
FNDA:0,_ZN7leveldb6Status8NotFoundERKNS_5SliceES3_
FNDA:0,_ZN7leveldb6Status10CorruptionERKNS_5SliceES3_
FNDA:0,_ZNK7leveldb6Status2okEv
FNDA:0,_ZNK7leveldb6Status10IsNotFoundEv
FNDA:0,_ZNK7leveldb6Status4codeEv
FNDA:0,_ZN7leveldb6StatusC2ERKS0_
FNDA:0,_ZN7leveldb6StatusaSERKS0_
FNF:9
FNH:0
DA:24,0
DA:25,0
DA:35,0
DA:36,0
DA:38,0
DA:39,0
DA:52,0
DA:55,0
DA:84,0
DA:85,0
DA:92,0
DA:93,0
DA:94,0
DA:95,0
DA:98,0
DA:99,0
DA:100,0
DA:102,0
LF:18
LH:0
end_of_record
SF:/home/gonzalo/Escritorio/Jobify/server/src/ChatData.cpp
FN:12,_ZN8ChatDataC2EP8DatabaseP18DatabaseWriteBatch
FN:16,_ZN8ChatDataD0Ev
FN:16,_ZN8ChatDataD2Ev
FN:22,_ZN8ChatData7_setKeyEv
FN:30,_ZN8ChatData13_setValueVarsEv
FN:44,_ZN8ChatData9_setValueEv
FN:60,_ZN8ChatData7DBeraseEv
FN:76,_ZN8ChatData5DBgetEv
FN:87,_ZN8ChatData8DBcreateEv
FN:106,_ZN8ChatData13DBaddMensajesENSt7__cxx1112basic_stringIcSt11char_traitsIcESaIcEEE
FN:126,_ZN8ChatData10getProfileB5cxx11Ev
FNDA:0,_ZN8ChatDataC2EP8DatabaseP18DatabaseWriteBatch
FNDA:0,_ZN8ChatDataD0Ev
FNDA:0,_ZN8ChatDataD2Ev
FNDA:0,_ZN8ChatData7_setKeyEv
FNDA:0,_ZN8ChatData13_setValueVarsEv
FNDA:0,_ZN8ChatData9_setValueEv
FNDA:0,_ZN8ChatData7DBeraseEv
FNDA:0,_ZN8ChatData5DBgetEv
FNDA:0,_ZN8ChatData8DBcreateEv
FNDA:0,_ZN8ChatData13DBaddMensajesENSt7__cxx1112basic_stringIcSt11char_traitsIcESaIcEEE
FNDA:0,_ZN8ChatData10getProfileB5cxx11Ev
FNF:11
FNH:0
DA:12,0
DA:14,0
DA:16,0
DA:19,0
DA:22,0
DA:23,0
DA:24,0
DA:25,0
DA:26,0
DA:27,0
DA:28,0
DA:30,0
DA:31,0
DA:32,0
DA:33,0
DA:34,0
DA:35,0
DA:36,0
DA:39,0
DA:40,0
DA:41,0
DA:42,0
DA:44,0
DA:45,0
DA:47,0
DA:48,0
DA:50,0
DA:51,0
DA:52,0
DA:53,0
DA:55,0
DA:56,0
DA:57,0
DA:58,0
DA:60,0
DA:61,0
DA:63,0
DA:65,0
DA:66,0
DA:67,0
DA:68,0
DA:71,0
DA:72,0
DA:73,0
DA:76,0
DA:77,0
DA:79,0
DA:80,0
DA:81,0
DA:84,0
DA:87,0
DA:88,0
DA:90,0
DA:91,0
DA:92,0
DA:93,0
DA:95,0
DA:96,0
DA:100,0
DA:102,0
DA:106,0
DA:107,0
DA:109,0
DA:110,0
DA:111,0
DA:113,0
DA:115,0
DA:117,0
DA:118,0
DA:119,0
DA:121,0
DA:126,0
DA:127,0
DA:129,0
DA:130,0
DA:131,0
DA:132,0
DA:133,0
DA:135,0
DA:137,0
DA:138,0
DA:140,0
LF:82
LH:0
end_of_record
SF:/home/gonzalo/Escritorio/Jobify/server/src/ChatData.h
FN:39,_ZN8ChatData11addMensajesENSt7__cxx1112basic_stringIcSt11char_traitsIcESaIcEEE
FNDA:0,_ZN8ChatData11addMensajesENSt7__cxx1112basic_stringIcSt11char_traitsIcESaIcEEE
FNF:1
FNH:0
DA:39,0
LF:1
LH:0
end_of_record
TN:
SF:/home/gonzalo/Escritorio/Jobify/server/include/json/json.h
FN:1226,_ZN4Json6ReaderD2Ev
FN:1376,_ZN4Json6Reader9ErrorInfoD2Ev
FNDA:0,_ZN4Json6ReaderD2Ev
FNDA:0,_ZN4Json6Reader9ErrorInfoD2Ev
FNF:2
FNH:0
DA:1226,0
DA:1376,0
LF:2
LH:0
end_of_record
SF:/home/gonzalo/Escritorio/Jobify/server/include/leveldb/status.h
FN:52,_ZNK7leveldb6Status2okEv
FN:55,_ZNK7leveldb6Status10IsNotFoundEv
FN:61,_ZNK7leveldb6Status9IsIOErrorEv
FN:84,_ZNK7leveldb6Status4codeEv
FNDA:0,_ZNK7leveldb6Status2okEv
FNDA:0,_ZNK7leveldb6Status10IsNotFoundEv
FNDA:0,_ZNK7leveldb6Status9IsIOErrorEv
FNDA:0,_ZNK7leveldb6Status4codeEv
FNF:4
FNH:0
DA:52,0
DA:55,0
DA:61,0
DA:84,0
DA:85,0
LF:5
LH:0
end_of_record
SF:/home/gonzalo/Escritorio/Jobify/server/src/HttpRequestConcrete.cpp
FN:12,_Z10new_mg_strNSt7__cxx1112basic_stringIcSt11char_traitsIcESaIcEEEP6mg_str
FN:25,_Z13delete_mg_strP6mg_str
FN:33,_Z16new_http_messageNSt7__cxx1112basic_stringIcSt11char_traitsIcESaIcEEES4_S4_PSt6vectorIS4_SaIS4_EES8_S4_
FN:52,_Z19delete_http_messageP12http_message
FN:58,_ZN19HttpRequestConcreteC2Ev
FN:63,_ZN19HttpRequestConcrete4initEP13mg_connectionP12http_message
FN:78,_ZN19HttpRequestConcreteD0Ev
FN:78,_ZN19HttpRequestConcreteD2Ev
FN:89,_ZN19HttpRequestConcrete11setResponseEN7leveldb6StatusENSt7__cxx1112basic_stringIcSt11char_traitsIcESaIcEEE
FN:125,_ZN19HttpRequestConcrete12getConnTokenB5cxx11Ev
FN:129,_ZN19HttpRequestConcrete14getHeaderValueENSt7__cxx1112basic_stringIcSt11char_traitsIcESaIcEEE
FN:152,_ZN19HttpRequestConcrete13getQueryCampoENSt7__cxx1112basic_stringIcSt11char_traitsIcESaIcEEE
FN:193,_ZN19HttpRequestConcrete8getCampoENSt7__cxx1112basic_stringIcSt11char_traitsIcESaIcEEE
FN:205,_ZN19HttpRequestConcrete15getCampoDeArrayENSt7__cxx1112basic_stringIcSt11char_traitsIcESaIcEEEi
FN:218,_ZN19HttpRequestConcrete6getUriB5cxx11Ev
FN:227,_ZN19HttpRequestConcrete12getUriParsedEPSt6vectorINSt7__cxx1112basic_stringIcSt11char_traitsIcESaIcEEESaIS6_EE
FN:244,_ZN19HttpRequestConcrete14addValueToBodyENSt7__cxx1112basic_stringIcSt11char_traitsIcESaIcEEES5_
FN:250,_ZN19HttpRequestConcrete13getStatusCodeEv
FN:254,_ZN19HttpRequestConcrete16getUriCantCamposEv
FN:260,_ZN19HttpRequestConcrete19getUriParsedByIndexEi
FN:307,_ZN19HttpRequestConcrete11getUsernameB5cxx11Ev
FN:311,_ZN19HttpRequestConcrete25getUriStringParsedByIndexB5cxx11Ei
FN:322,_ZN19HttpRequestConcrete10getUriTypeEv
FN:330,_ZN19HttpRequestConcrete9getMethodEv
FN:347,_GLOBAL__sub_I__Z10new_mg_strNSt7__cxx1112basic_stringIcSt11char_traitsIcESaIcEEEP6mg_str
FN:347,_Z41__static_initialization_and_destruction_0ii
FNDA:0,_Z10new_mg_strNSt7__cxx1112basic_stringIcSt11char_traitsIcESaIcEEEP6mg_str
FNDA:0,_Z13delete_mg_strP6mg_str
FNDA:0,_Z16new_http_messageNSt7__cxx1112basic_stringIcSt11char_traitsIcESaIcEEES4_S4_PSt6vectorIS4_SaIS4_EES8_S4_
FNDA:0,_Z19delete_http_messageP12http_message
FNDA:0,_ZN19HttpRequestConcreteC2Ev
FNDA:0,_ZN19HttpRequestConcrete4initEP13mg_connectionP12http_message
FNDA:0,_ZN19HttpRequestConcreteD0Ev
FNDA:0,_ZN19HttpRequestConcreteD2Ev
FNDA:0,_ZN19HttpRequestConcrete11setResponseEN7leveldb6StatusENSt7__cxx1112basic_stringIcSt11char_traitsIcESaIcEEE
FNDA:0,_ZN19HttpRequestConcrete12getConnTokenB5cxx11Ev
FNDA:0,_ZN19HttpRequestConcrete14getHeaderValueENSt7__cxx1112basic_stringIcSt11char_traitsIcESaIcEEE
FNDA:0,_ZN19HttpRequestConcrete13getQueryCampoENSt7__cxx1112basic_stringIcSt11char_traitsIcESaIcEEE
FNDA:0,_ZN19HttpRequestConcrete8getCampoENSt7__cxx1112basic_stringIcSt11char_traitsIcESaIcEEE
FNDA:0,_ZN19HttpRequestConcrete15getCampoDeArrayENSt7__cxx1112basic_stringIcSt11char_traitsIcESaIcEEEi
FNDA:0,_ZN19HttpRequestConcrete6getUriB5cxx11Ev
FNDA:0,_ZN19HttpRequestConcrete12getUriParsedEPSt6vectorINSt7__cxx1112basic_stringIcSt11char_traitsIcESaIcEEESaIS6_EE
FNDA:0,_ZN19HttpRequestConcrete14addValueToBodyENSt7__cxx1112basic_stringIcSt11char_traitsIcESaIcEEES5_
FNDA:0,_ZN19HttpRequestConcrete13getStatusCodeEv
FNDA:0,_ZN19HttpRequestConcrete16getUriCantCamposEv
FNDA:0,_ZN19HttpRequestConcrete19getUriParsedByIndexEi
FNDA:0,_ZN19HttpRequestConcrete11getUsernameB5cxx11Ev
FNDA:0,_ZN19HttpRequestConcrete25getUriStringParsedByIndexB5cxx11Ei
FNDA:0,_ZN19HttpRequestConcrete10getUriTypeEv
FNDA:0,_ZN19HttpRequestConcrete9getMethodEv
FNDA:0,_GLOBAL__sub_I__Z10new_mg_strNSt7__cxx1112basic_stringIcSt11char_traitsIcESaIcEEEP6mg_str
FNDA:0,_Z41__static_initialization_and_destruction_0ii
FNF:26
FNH:0
DA:12,0
DA:13,0
DA:14,0
DA:15,0
DA:16,0
DA:17,0
DA:19,0
DA:20,0
DA:22,0
DA:25,0
DA:26,0
DA:27,0
DA:28,0
DA:29,0
DA:31,0
DA:33,0
DA:34,0
DA:36,0
DA:37,0
DA:38,0
DA:39,0
DA:40,0
DA:42,0
DA:43,0
DA:44,0
DA:45,0
DA:49,0
DA:52,0
DA:53,0
DA:54,0
DA:56,0
DA:58,0
DA:61,0
DA:63,0
DA:65,0
DA:66,0
DA:68,0
DA:69,0
DA:71,0
DA:72,0
DA:74,0
DA:75,0
DA:76,0
DA:78,0
DA:81,0
DA:89,0
DA:91,0
DA:92,0
DA:94,0
DA:95,0
DA:96,0
DA:97,0
DA:98,0
DA:99,0
DA:100,0
DA:101,0
DA:102,0
DA:105,0
DA:106,0
DA:107,0
DA:108,0
DA:109,0
DA:110,0
DA:115,0
DA:116,0
DA:117,0
DA:118,0
DA:119,0
DA:121,0
DA:123,0
DA:125,0
DA:126,0
DA:129,0
DA:130,0
DA:131,0
DA:132,0
DA:133,0
DA:134,0
DA:135,0
DA:136,0
DA:139,0
DA:140,0
DA:142,0
DA:144,0
DA:145,0
DA:147,0
DA:149,0
DA:152,0
DA:153,0
DA:154,0
DA:156,0
DA:158,0
DA:159,0
DA:161,0
DA:162,0
DA:164,0
DA:165,0
DA:167,0
DA:168,0
DA:170,0
DA:171,0
DA:175,0
DA:176,0
DA:180,0
DA:181,0
DA:184,0
DA:185,0
DA:187,0
DA:188,0
DA:190,0
DA:193,0
DA:194,0
DA:195,0
DA:196,0
DA:198,0
DA:201,0
DA:205,0
DA:206,0
DA:207,0
DA:208,0
DA:209,0
DA:210,0
DA:213,0
DA:214,0
DA:218,0
DA:219,0
DA:220,0
DA:221,0
DA:222,0
DA:224,0
DA:227,0
DA:228,0
DA:229,0
DA:230,0
DA:232,0
DA:233,0
DA:234,0
DA:235,0
DA:236,0
DA:237,0
DA:239,0
DA:240,0
DA:242,0
DA:244,0
DA:245,0
DA:246,0
DA:247,0
DA:250,0
DA:251,0
DA:254,0
DA:255,0
DA:256,0
DA:257,0
DA:260,0
DA:261,0
DA:262,0
DA:263,0
DA:264,0
DA:266,0
DA:268,0
DA:270,0
DA:272,0
DA:273,0
DA:274,0
DA:275,0
DA:276,0
DA:277,0
DA:278,0
DA:279,0
DA:280,0
DA:281,0
DA:282,0
DA:283,0
DA:284,0
DA:285,0
DA:286,0
DA:287,0
DA:288,0
DA:289,0
DA:290,0
DA:291,0
DA:292,0
DA:293,0
DA:294,0
DA:295,0
DA:296,0
DA:297,0
DA:298,0
DA:299,0
DA:300,0
DA:301,0
DA:303,0
DA:307,0
DA:308,0
DA:311,0
DA:312,0
DA:313,0
DA:315,0
DA:316,0
DA:318,0
DA:319,0
DA:322,0
DA:323,0
DA:324,0
DA:325,0
DA:327,0
DA:330,0
DA:331,0
DA:332,0
DA:333,0
DA:334,0
DA:336,0
DA:337,0
DA:338,0
DA:339,0
DA:340,0
DA:341,0
DA:342,0
DA:343,0
DA:345,0
DA:347,0
LF:221
LH:0
end_of_record
SF:/home/gonzalo/Escritorio/Jobify/server/src/HttpRequestConcrete.h
FN:50,_ZN19HttpRequestConcrete11getResponseB5cxx11Ev
FNDA:0,_ZN19HttpRequestConcrete11getResponseB5cxx11Ev
FNF:1
FNH:0
DA:50,0
LF:1
LH:0
end_of_record
TN:
SF:/home/gonzalo/Escritorio/Jobify/server/src/HerokuComHandler.cpp
FN:3,_ZN16HerokuComHandlerC2Ev
FN:8,_ZN16HerokuComHandlerD0Ev
FN:8,_ZN16HerokuComHandlerD2Ev
FN:15,_ZN16HerokuComHandler10write_dataEPcmmP8url_data
FN:40,_ZN16HerokuComHandler18matiMethodComebackEPcmmP8url_dataPv
FN:46,_ZN16HerokuComHandler4POSTEPcS0_
FN:92,_ZN16HerokuComHandler6DELETEEPc
FN:138,_ZN16HerokuComHandler3GETEPc
FNDA:0,_ZN16HerokuComHandlerC2Ev
FNDA:0,_ZN16HerokuComHandlerD0Ev
FNDA:0,_ZN16HerokuComHandlerD2Ev
FNDA:0,_ZN16HerokuComHandler10write_dataEPcmmP8url_data
FNDA:0,_ZN16HerokuComHandler18matiMethodComebackEPcmmP8url_dataPv
FNDA:0,_ZN16HerokuComHandler4POSTEPcS0_
FNDA:0,_ZN16HerokuComHandler6DELETEEPc
FNDA:0,_ZN16HerokuComHandler3GETEPc
FNF:8
FNH:0
DA:3,0
DA:6,0
DA:8,0
DA:11,0
DA:15,0
DA:16,0
DA:17,0
DA:20,0
DA:22,0
DA:24,0
DA:25,0
DA:27,0
DA:28,0
DA:30,0
DA:31,0
DA:34,0
DA:35,0
DA:37,0
DA:40,0
DA:42,0
DA:46,0
DA:51,0
DA:52,0
DA:53,0
DA:54,0
DA:55,0
DA:58,0
DA:62,0
DA:63,0
DA:64,0
DA:65,0
DA:66,0
DA:67,0
DA:68,0
DA:70,0
DA:71,0
DA:72,0
DA:73,0
DA:75,0
DA:76,0
DA:77,0
DA:78,0
DA:81,0
DA:82,0
DA:83,0
DA:86,0
DA:89,0
DA:92,0
DA:97,0
DA:98,0
DA:99,0
DA:100,0
DA:101,0
DA:104,0
DA:108,0
DA:109,0
DA:110,0
DA:111,0
DA:112,0
DA:113,0
DA:114,0
DA:116,0
DA:117,0
DA:118,0
DA:119,0
DA:121,0
DA:122,0
DA:123,0
DA:124,0
DA:127,0
DA:128,0
DA:129,0
DA:132,0
DA:135,0
DA:138,0
DA:142,0
DA:143,0
DA:144,0
DA:145,0
DA:146,0
DA:149,0
DA:153,0
DA:154,0
DA:155,0
DA:156,0
DA:157,0
DA:158,0
DA:159,0
DA:160,0
DA:161,0
DA:164,0
DA:167,0
LF:92
LH:0
end_of_record
TN:
SF:/home/gonzalo/Escritorio/Jobify/server/src/HttpRequestConcrete.h
FN:50,_ZN19HttpRequestConcrete11getResponseB5cxx11Ev
FNDA:0,_ZN19HttpRequestConcrete11getResponseB5cxx11Ev
FNF:1
FNH:0
DA:50,0
LF:1
LH:0
end_of_record
SF:/home/gonzalo/Escritorio/Jobify/server/src/Server.cpp
FN:7,_ZN6ServerC2ENSt7__cxx1112basic_stringIcSt11char_traitsIcESaIcEEEbb
FN:16,_ZN6ServerD0Ev
FN:16,_ZN6ServerD2Ev
FN:23,_ZN6Server4pollEv
FN:27,_ZN6Server4stopEv
FN:32,_ZN6Server25createListeningConnectionEPKc
FN:46,_ZN6Server13staticHandlerEP13mg_connectioniPv
FN:51,_ZN6Server7handlerEP13mg_connectioniPv
FN:74,_Z41__static_initialization_and_destruction_0ii
FN:74,_GLOBAL__sub_I__ZN6Server11open_serverE
FNDA:0,_ZN6ServerC2ENSt7__cxx1112basic_stringIcSt11char_traitsIcESaIcEEEbb
FNDA:0,_ZN6ServerD0Ev
FNDA:0,_ZN6ServerD2Ev
FNDA:0,_ZN6Server4pollEv
FNDA:0,_ZN6Server4stopEv
FNDA:0,_ZN6Server25createListeningConnectionEPKc
FNDA:0,_ZN6Server13staticHandlerEP13mg_connectioniPv
FNDA:0,_ZN6Server7handlerEP13mg_connectioniPv
FNDA:0,_Z41__static_initialization_and_destruction_0ii
FNDA:0,_GLOBAL__sub_I__ZN6Server11open_serverE
FNF:10
FNH:0
DA:7,0
DA:10,0
DA:11,0
DA:12,0
DA:13,0
DA:14,0
DA:16,0
DA:18,0
DA:19,0
DA:21,0
DA:23,0
DA:24,0
DA:25,0
DA:27,0
DA:28,0
DA:29,0
DA:30,0
DA:32,0
DA:34,0
DA:35,0
DA:36,0
DA:38,0
DA:39,0
DA:40,0
DA:42,0
DA:46,0
DA:47,0
DA:48,0
DA:49,0
DA:51,0
DA:53,0
DA:54,0
DA:56,0
DA:58,0
DA:60,0
DA:61,0
DA:63,0
DA:65,0
DA:67,0
DA:68,0
DA:69,0
DA:70,0
DA:72,0
DA:74,0
LF:44
LH:0
end_of_record
TN:
SF:/home/gonzalo/Escritorio/Jobify/server/include/leveldb/slice.h
FN:28,_ZN7leveldb5SliceC2Ev
FN:37,_ZN7leveldb5SliceC2EPKc
FNDA:0,_ZN7leveldb5SliceC2Ev
FNDA:0,_ZN7leveldb5SliceC2EPKc
FNF:2
FNH:0
DA:28,0
DA:37,0
LF:2
LH:0
end_of_record
SF:/home/gonzalo/Escritorio/Jobify/server/include/leveldb/status.h
FN:24,_ZN7leveldb6StatusC2Ev
FN:25,_ZN7leveldb6StatusD2Ev
FN:32,_ZN7leveldb6Status2OKEv
FN:38,_ZN7leveldb6Status10CorruptionERKNS_5SliceES3_
FN:44,_ZN7leveldb6Status15InvalidArgumentERKNS_5SliceES3_
FN:52,_ZNK7leveldb6Status2okEv
FN:92,_ZN7leveldb6StatusC2ERKS0_
FN:95,_ZN7leveldb6StatusaSERKS0_
FNDA:0,_ZN7leveldb6StatusC2Ev
FNDA:0,_ZN7leveldb6StatusD2Ev
FNDA:0,_ZN7leveldb6Status2OKEv
FNDA:0,_ZN7leveldb6Status10CorruptionERKNS_5SliceES3_
FNDA:0,_ZN7leveldb6Status15InvalidArgumentERKNS_5SliceES3_
FNDA:0,_ZNK7leveldb6Status2okEv
FNDA:0,_ZN7leveldb6StatusC2ERKS0_
FNDA:0,_ZN7leveldb6StatusaSERKS0_
FNF:8
FNH:0
DA:24,0
DA:25,0
DA:32,0
DA:38,0
DA:39,0
DA:44,0
DA:45,0
DA:52,0
DA:92,0
DA:93,0
DA:94,0
DA:95,0
DA:98,0
DA:99,0
DA:100,0
DA:102,0
LF:16
LH:0
end_of_record
SF:/home/gonzalo/Escritorio/Jobify/server/src/DBElement.h
FN:46,_ZN9DBElement16getValueToStringB5cxx11Ev
FNDA:0,_ZN9DBElement16getValueToStringB5cxx11Ev
FNF:1
FNH:0
DA:46,0
LF:1
LH:0
end_of_record
SF:/home/gonzalo/Escritorio/Jobify/server/src/LogInHandler.cpp
FN:8,_ZN12LogInHandlerC2EP8DatabaseP18TokenAuthenticator
FN:13,_ZN12LogInHandlerD0Ev
FN:13,_ZN12LogInHandlerD2Ev
FN:17,_ZN12LogInHandler11isMyRequestER11HttpRequest
FN:31,_ZN12LogInHandler7_handleER11HttpRequest
FN:65,_GLOBAL__sub_I__ZN12LogInHandlerC2EP8DatabaseP18TokenAuthenticator
FN:65,_Z41__static_initialization_and_destruction_0ii
FNDA:0,_ZN12LogInHandlerC2EP8DatabaseP18TokenAuthenticator
FNDA:0,_ZN12LogInHandlerD0Ev
FNDA:0,_ZN12LogInHandlerD2Ev
FNDA:0,_ZN12LogInHandler11isMyRequestER11HttpRequest
FNDA:0,_ZN12LogInHandler7_handleER11HttpRequest
FNDA:0,_GLOBAL__sub_I__ZN12LogInHandlerC2EP8DatabaseP18TokenAuthenticator
FNDA:0,_Z41__static_initialization_and_destruction_0ii
FNF:7
FNH:0
DA:8,0
DA:11,0
DA:13,0
DA:15,0
DA:17,0
DA:19,0
DA:20,0
DA:21,0
DA:22,0
DA:23,0
DA:24,0
DA:25,0
DA:26,0
DA:28,0
DA:31,0
DA:32,0
DA:33,0
DA:34,0
DA:35,0
DA:36,0
DA:37,0
DA:38,0
DA:40,0
DA:41,0
DA:43,0
DA:44,0
DA:45,0
DA:48,0
DA:49,0
DA:50,0
DA:51,0
DA:53,0
DA:54,0
DA:56,0
DA:57,0
DA:58,0
DA:59,0
DA:60,0
DA:62,0
DA:63,0
DA:65,0
LF:41
LH:0
end_of_record
SF:/home/gonzalo/Escritorio/Jobify/server/src/User.h
FN:24,_ZN4User11setUsernameENSt7__cxx1112basic_stringIcSt11char_traitsIcESaIcEEE
FNDA:0,_ZN4User11setUsernameENSt7__cxx1112basic_stringIcSt11char_traitsIcESaIcEEE
FNF:1
FNH:0
DA:24,0
LF:1
LH:0
end_of_record
TN:
SF:/home/gonzalo/Escritorio/Jobify/server/include/leveldb/slice.h
FN:28,_ZN7leveldb5SliceC2Ev
FN:37,_ZN7leveldb5SliceC2EPKc
FNDA:0,_ZN7leveldb5SliceC2Ev
FNDA:0,_ZN7leveldb5SliceC2EPKc
FNF:2
FNH:0
DA:28,0
DA:37,0
LF:2
LH:0
end_of_record
SF:/home/gonzalo/Escritorio/Jobify/server/include/leveldb/status.h
FN:24,_ZN7leveldb6StatusC2Ev
FN:25,_ZN7leveldb6StatusD2Ev
FN:32,_ZN7leveldb6Status2OKEv
FN:35,_ZN7leveldb6Status8NotFoundERKNS_5SliceES3_
FN:92,_ZN7leveldb6StatusC2ERKS0_
FN:95,_ZN7leveldb6StatusaSERKS0_
FNDA:0,_ZN7leveldb6StatusC2Ev
FNDA:0,_ZN7leveldb6StatusD2Ev
FNDA:0,_ZN7leveldb6Status2OKEv
FNDA:0,_ZN7leveldb6Status8NotFoundERKNS_5SliceES3_
FNDA:0,_ZN7leveldb6StatusC2ERKS0_
FNDA:0,_ZN7leveldb6StatusaSERKS0_
FNF:6
FNH:0
DA:24,0
DA:25,0
DA:32,0
DA:35,0
DA:36,0
DA:92,0
DA:93,0
DA:94,0
DA:95,0
DA:98,0
DA:99,0
DA:100,0
DA:102,0
LF:13
LH:0
end_of_record
SF:/home/gonzalo/Escritorio/Jobify/server/src/DBElement.cpp
FN:6,_ZN9DBElementC2EP8DatabaseP18DatabaseWriteBatch
FN:11,_ZN9DBElementD2Ev
FN:11,_ZN9DBElementD0Ev
FN:16,_ZN9DBElement8setValueENSt7__cxx1112basic_stringIcSt11char_traitsIcESaIcEEE
FN:21,_ZN9DBElement6getKeyB5cxx11Ev
FN:26,_ZN9DBElement8getValueB5cxx11Ev
FN:31,_ZN9DBElement3putEv
FN:50,_ZN9DBElement5eraseEv
FN:66,_ZN9DBElement3getEv
FN:89,_ZN9DBElement10startBatchEv
FN:93,_ZN9DBElement8endBatchEv
FN:100,_ZN9DBElement6reSyncEv
FNDA:0,_ZN9DBElementC2EP8DatabaseP18DatabaseWriteBatch
FNDA:0,_ZN9DBElementD2Ev
FNDA:0,_ZN9DBElementD0Ev
FNDA:0,_ZN9DBElement8setValueENSt7__cxx1112basic_stringIcSt11char_traitsIcESaIcEEE
FNDA:0,_ZN9DBElement6getKeyB5cxx11Ev
FNDA:0,_ZN9DBElement8getValueB5cxx11Ev
FNDA:0,_ZN9DBElement3putEv
FNDA:0,_ZN9DBElement5eraseEv
FNDA:0,_ZN9DBElement3getEv
FNDA:0,_ZN9DBElement10startBatchEv
FNDA:0,_ZN9DBElement8endBatchEv
FNDA:0,_ZN9DBElement6reSyncEv
FNF:12
FNH:0
DA:6,0
DA:9,0
DA:11,0
DA:14,0
DA:16,0
DA:17,0
DA:18,0
DA:19,0
DA:21,0
DA:22,0
DA:23,0
DA:26,0
DA:27,0
DA:28,0
DA:31,0
DA:32,0
DA:33,0
DA:34,0
DA:35,0
DA:36,0
DA:38,0
DA:39,0
DA:41,0
DA:42,0
DA:44,0
DA:47,0
DA:50,0
DA:51,0
DA:52,0
DA:55,0
DA:57,0
DA:58,0
DA:60,0
DA:63,0
DA:66,0
DA:67,0
DA:68,0
DA:69,0
DA:70,0
DA:71,0
DA:73,0
DA:74,0
DA:75,0
DA:76,0
DA:77,0
DA:80,0
DA:81,0
DA:83,0
DA:84,0
DA:86,0
DA:89,0
DA:90,0
DA:91,0
DA:93,0
DA:94,0
DA:95,0
DA:96,0
DA:97,0
DA:100,0
DA:101,0
DA:102,0
LF:61
LH:0
end_of_record
TN:
SF:/home/gonzalo/Escritorio/Jobify/server/include/leveldb/slice.h
FN:28,_ZN7leveldb5SliceC2Ev
FN:37,_ZN7leveldb5SliceC2EPKc
FNDA:0,_ZN7leveldb5SliceC2Ev
FNDA:0,_ZN7leveldb5SliceC2EPKc
FNF:2
FNH:0
DA:28,0
DA:37,0
LF:2
LH:0
end_of_record
SF:/home/gonzalo/Escritorio/Jobify/server/include/leveldb/status.h
FN:25,_ZN7leveldb6StatusD2Ev
FN:44,_ZN7leveldb6Status15InvalidArgumentERKNS_5SliceES3_
FN:52,_ZNK7leveldb6Status2okEv
FN:92,_ZN7leveldb6StatusC2ERKS0_
FNDA:0,_ZN7leveldb6StatusD2Ev
FNDA:0,_ZN7leveldb6Status15InvalidArgumentERKNS_5SliceES3_
FNDA:0,_ZNK7leveldb6Status2okEv
FNDA:0,_ZN7leveldb6StatusC2ERKS0_
FNF:4
FNH:0
DA:25,0
DA:44,0
DA:45,0
DA:52,0
DA:92,0
DA:93,0
DA:94,0
LF:7
LH:0
end_of_record
SF:/home/gonzalo/Escritorio/Jobify/server/src/ChatData.h
FN:33,_ZN8ChatData11setUsernameENSt7__cxx1112basic_stringIcSt11char_traitsIcESaIcEEE
FNDA:0,_ZN8ChatData11setUsernameENSt7__cxx1112basic_stringIcSt11char_traitsIcESaIcEEE
FNF:1
FNH:0
DA:33,0
LF:1
LH:0
end_of_record
SF:/home/gonzalo/Escritorio/Jobify/server/src/GetChatHandler.cpp
FN:7,_ZN14GetChatHandlerC2EP8DatabaseP18TokenAuthenticator
FN:12,_ZN14GetChatHandler11isMyRequestER11HttpRequest
FN:26,_ZN14GetChatHandler7_handleER11HttpRequest
FN:56,_ZN14GetChatHandlerD2Ev
FN:56,_ZN14GetChatHandlerD0Ev
FN:59,_GLOBAL__sub_I__ZN14GetChatHandlerC2EP8DatabaseP18TokenAuthenticator
FN:59,_Z41__static_initialization_and_destruction_0ii
FNDA:0,_ZN14GetChatHandlerC2EP8DatabaseP18TokenAuthenticator
FNDA:0,_ZN14GetChatHandler11isMyRequestER11HttpRequest
FNDA:0,_ZN14GetChatHandler7_handleER11HttpRequest
FNDA:0,_ZN14GetChatHandlerD2Ev
FNDA:0,_ZN14GetChatHandlerD0Ev
FNDA:0,_GLOBAL__sub_I__ZN14GetChatHandlerC2EP8DatabaseP18TokenAuthenticator
FNDA:0,_Z41__static_initialization_and_destruction_0ii
FNF:7
FNH:0
DA:7,0
DA:10,0
DA:12,0
DA:15,0
DA:16,0
DA:17,0
DA:18,0
DA:19,0
DA:20,0
DA:21,0
DA:23,0
DA:26,0
DA:28,0
DA:29,0
DA:30,0
DA:31,0
DA:34,0
DA:35,0
DA:37,0
DA:38,0
DA:39,0
DA:40,0
DA:42,0
DA:43,0
DA:45,0
DA:47,0
DA:48,0
DA:49,0
DA:51,0
DA:52,0
DA:56,0
DA:59,0
LF:32
LH:0
end_of_record
TN:
SF:/home/gonzalo/Escritorio/Jobify/server/include/leveldb/slice.h
FN:28,_ZN7leveldb5SliceC2Ev
FN:37,_ZN7leveldb5SliceC2EPKc
FNDA:0,_ZN7leveldb5SliceC2Ev
FNDA:0,_ZN7leveldb5SliceC2EPKc
FNF:2
FNH:0
DA:28,0
DA:37,0
LF:2
LH:0
end_of_record
SF:/home/gonzalo/Escritorio/Jobify/server/include/leveldb/status.h
FN:24,_ZN7leveldb6StatusC2Ev
FN:25,_ZN7leveldb6StatusD2Ev
FN:32,_ZN7leveldb6Status2OKEv
FN:44,_ZN7leveldb6Status15InvalidArgumentERKNS_5SliceES3_
FN:52,_ZNK7leveldb6Status2okEv
FNDA:0,_ZN7leveldb6StatusC2Ev
FNDA:0,_ZN7leveldb6StatusD2Ev
FNDA:0,_ZN7leveldb6Status2OKEv
FNDA:0,_ZN7leveldb6Status15InvalidArgumentERKNS_5SliceES3_
FNDA:0,_ZNK7leveldb6Status2okEv
FNF:5
FNH:0
DA:24,0
DA:25,0
DA:32,0
DA:44,0
DA:45,0
DA:52,0
LF:6
LH:0
end_of_record
SF:/home/gonzalo/Escritorio/Jobify/server/src/JobGetHandler.cpp
FN:12,_ZN13JobGetHandlerC2EP8DatabaseP18TokenAuthenticator
FN:17,_ZN13JobGetHandlerD2Ev
FN:17,_ZN13JobGetHandlerD0Ev
FN:22,_ZN13JobGetHandler11isMyRequestER11HttpRequest
FN:36,_ZN13JobGetHandler7_handleER11HttpRequest
FN:96,_GLOBAL__sub_I__ZN13JobGetHandlerC2EP8DatabaseP18TokenAuthenticator
FN:96,_Z41__static_initialization_and_destruction_0ii
FNDA:0,_ZN13JobGetHandlerC2EP8DatabaseP18TokenAuthenticator
FNDA:0,_ZN13JobGetHandlerD2Ev
FNDA:0,_ZN13JobGetHandlerD0Ev
FNDA:0,_ZN13JobGetHandler11isMyRequestER11HttpRequest
FNDA:0,_ZN13JobGetHandler7_handleER11HttpRequest
FNDA:0,_GLOBAL__sub_I__ZN13JobGetHandlerC2EP8DatabaseP18TokenAuthenticator
FNDA:0,_Z41__static_initialization_and_destruction_0ii
FNF:7
FNH:0
DA:12,0
DA:15,0
DA:17,0
DA:20,0
DA:22,0
DA:24,0
DA:25,0
DA:26,0
DA:27,0
DA:28,0
DA:29,0
DA:30,0
DA:31,0
DA:33,0
DA:36,0
DA:37,0
DA:39,0
DA:41,0
DA:43,0
DA:46,0
DA:47,0
DA:52,0
DA:53,0
DA:56,0
DA:59,0
DA:60,0
DA:61,0
DA:63,0
DA:65,0
DA:66,0
DA:67,0
DA:68,0
DA:69,0
DA:72,0
DA:74,0
DA:76,0
DA:77,0
DA:78,0
DA:82,0
DA:83,0
DA:86,0
DA:90,0
DA:91,0
DA:92,0
DA:94,0
DA:95,0
DA:96,0
LF:47
LH:0
end_of_record
TN:
SF:/home/gonzalo/Escritorio/Jobify/server/include/leveldb/slice.h
FN:28,_ZN7leveldb5SliceC2Ev
FN:37,_ZN7leveldb5SliceC2EPKc
FNDA:0,_ZN7leveldb5SliceC2Ev
FNDA:0,_ZN7leveldb5SliceC2EPKc
FNF:2
FNH:0
DA:28,0
DA:37,0
LF:2
LH:0
end_of_record
SF:/home/gonzalo/Escritorio/Jobify/server/include/leveldb/status.h
FN:24,_ZN7leveldb6StatusC2Ev
FN:25,_ZN7leveldb6StatusD2Ev
FN:32,_ZN7leveldb6Status2OKEv
FN:35,_ZN7leveldb6Status8NotFoundERKNS_5SliceES3_
FN:95,_ZN7leveldb6StatusaSERKS0_
FNDA:0,_ZN7leveldb6StatusC2Ev
FNDA:0,_ZN7leveldb6StatusD2Ev
FNDA:0,_ZN7leveldb6Status2OKEv
FNDA:0,_ZN7leveldb6Status8NotFoundERKNS_5SliceES3_
FNDA:0,_ZN7leveldb6StatusaSERKS0_
FNF:5
FNH:0
DA:24,0
DA:25,0
DA:32,0
DA:35,0
DA:36,0
DA:95,0
DA:98,0
DA:99,0
DA:100,0
DA:102,0
LF:10
LH:0
end_of_record
SF:/home/gonzalo/Escritorio/Jobify/server/src/Database.h
FN:22,_ZN8DatabaseC2Ev
FN:23,_ZN8DatabaseD2Ev
FN:23,_ZN8DatabaseD0Ev
FNDA:0,_ZN8DatabaseC2Ev
FNDA:0,_ZN8DatabaseD2Ev
FNDA:0,_ZN8DatabaseD0Ev
FNF:3
FNH:0
DA:22,0
DA:23,0
LF:2
LH:0
end_of_record
SF:/home/gonzalo/Escritorio/Jobify/server/src/DatabaseMockRAM.cpp
FN:7,_ZN15DatabaseMockRAMC2Ev
FN:11,_ZN15DatabaseMockRAMD2Ev
FN:11,_ZN15DatabaseMockRAMD0Ev
FN:15,_ZN15DatabaseMockRAM6configERKNSt7__cxx1112basic_stringIcSt11char_traitsIcESaIcEEEbb
FN:19,_ZN15DatabaseMockRAM4openEv
FN:23,_ZN15DatabaseMockRAM5closeEv
FN:27,_ZN15DatabaseMockRAM9clear_allEv
FN:32,_ZN15DatabaseMockRAM5eraseER9DBElement
FN:36,_ZN15DatabaseMockRAM5eraseENSt7__cxx1112basic_stringIcSt11char_traitsIcESaIcEEE
FN:43,_ZN15DatabaseMockRAM3putER9DBElement
FN:47,_ZN15DatabaseMockRAM3putENSt7__cxx1112basic_stringIcSt11char_traitsIcESaIcEEES5_
FN:52,_ZN15DatabaseMockRAM3getER9DBElement
FN:63,_ZN15DatabaseMockRAM10writeBatchEP18DatabaseWriteBatch
FN:80,_Z41__static_initialization_and_destruction_0ii
FN:80,_GLOBAL__sub_I__ZN15DatabaseMockRAMC2Ev
FNDA:0,_ZN15DatabaseMockRAMC2Ev
FNDA:0,_ZN15DatabaseMockRAMD2Ev
FNDA:0,_ZN15DatabaseMockRAMD0Ev
FNDA:0,_ZN15DatabaseMockRAM6configERKNSt7__cxx1112basic_stringIcSt11char_traitsIcESaIcEEEbb
FNDA:0,_ZN15DatabaseMockRAM4openEv
FNDA:0,_ZN15DatabaseMockRAM5closeEv
FNDA:0,_ZN15DatabaseMockRAM9clear_allEv
FNDA:0,_ZN15DatabaseMockRAM5eraseER9DBElement
FNDA:0,_ZN15DatabaseMockRAM5eraseENSt7__cxx1112basic_stringIcSt11char_traitsIcESaIcEEE
FNDA:0,_ZN15DatabaseMockRAM3putER9DBElement
FNDA:0,_ZN15DatabaseMockRAM3putENSt7__cxx1112basic_stringIcSt11char_traitsIcESaIcEEES5_
FNDA:0,_ZN15DatabaseMockRAM3getER9DBElement
FNDA:0,_ZN15DatabaseMockRAM10writeBatchEP18DatabaseWriteBatch
FNDA:0,_Z41__static_initialization_and_destruction_0ii
FNDA:0,_GLOBAL__sub_I__ZN15DatabaseMockRAMC2Ev
FNF:15
FNH:0
DA:7,0
DA:9,0
DA:11,0
DA:13,0
DA:15,0
DA:16,0
DA:19,0
DA:20,0
DA:23,0
DA:25,0
DA:27,0
DA:28,0
DA:29,0
DA:32,0
DA:33,0
DA:36,0
DA:37,0
DA:38,0
DA:40,0
DA:43,0
DA:44,0
DA:47,0
DA:48,0
DA:49,0
DA:52,0
DA:53,0
DA:54,0
DA:55,0
DA:56,0
DA:59,0
DA:63,0
DA:65,0
DA:66,0
DA:67,0
DA:68,0
DA:69,0
DA:70,0
DA:71,0
DA:72,0
DA:73,0
DA:79,0
DA:80,0
LF:42
LH:0
end_of_record
SF:/home/gonzalo/Escritorio/Jobify/server/src/DatabaseWriteBatch.h
FN:35,_ZN18DatabaseWriteBatch7getKeysB5cxx11Ev
FN:40,_ZN18DatabaseWriteBatch9getValuesB5cxx11Ev
FN:45,_ZN18DatabaseWriteBatch13getOperationsB5cxx11Ev
FNDA:0,_ZN18DatabaseWriteBatch7getKeysB5cxx11Ev
FNDA:0,_ZN18DatabaseWriteBatch9getValuesB5cxx11Ev
FNDA:0,_ZN18DatabaseWriteBatch13getOperationsB5cxx11Ev
FNF:3
FNH:0
DA:35,0
DA:40,0
DA:45,0
LF:3
LH:0
end_of_record
TN:
SF:/home/gonzalo/Escritorio/Jobify/server/include/leveldb/slice.h
FN:28,_ZN7leveldb5SliceC2Ev
FN:37,_ZN7leveldb5SliceC2EPKc
FNDA:0,_ZN7leveldb5SliceC2Ev
FNDA:0,_ZN7leveldb5SliceC2EPKc
FNF:2
FNH:0
DA:28,0
DA:37,0
LF:2
LH:0
end_of_record
SF:/home/gonzalo/Escritorio/Jobify/server/include/leveldb/status.h
FN:24,_ZN7leveldb6StatusC2Ev
FN:25,_ZN7leveldb6StatusD2Ev
FN:44,_ZN7leveldb6Status15InvalidArgumentERKNS_5SliceES3_
FN:52,_ZNK7leveldb6Status2okEv
FN:92,_ZN7leveldb6StatusC2ERKS0_
FN:95,_ZN7leveldb6StatusaSERKS0_
FNDA:0,_ZN7leveldb6StatusC2Ev
FNDA:0,_ZN7leveldb6StatusD2Ev
FNDA:0,_ZN7leveldb6Status15InvalidArgumentERKNS_5SliceES3_
FNDA:0,_ZNK7leveldb6Status2okEv
FNDA:0,_ZN7leveldb6StatusC2ERKS0_
FNDA:0,_ZN7leveldb6StatusaSERKS0_
FNF:6
FNH:0
DA:24,0
DA:25,0
DA:44,0
DA:45,0
DA:52,0
DA:92,0
DA:93,0
DA:94,0
DA:95,0
DA:98,0
DA:99,0
DA:100,0
DA:102,0
LF:13
LH:0
end_of_record
SF:/home/gonzalo/Escritorio/Jobify/server/src/User.h
FN:24,_ZN4User11setUsernameENSt7__cxx1112basic_stringIcSt11char_traitsIcESaIcEEE
FNDA:0,_ZN4User11setUsernameENSt7__cxx1112basic_stringIcSt11char_traitsIcESaIcEEE
FNF:1
FNH:0
DA:24,0
LF:1
LH:0
end_of_record
SF:/home/gonzalo/Escritorio/Jobify/server/src/UserDeleteHandler.cpp
FN:6,_ZN17UserDeleteHandlerC2EP8DatabaseP18TokenAuthenticator
FN:11,_ZN17UserDeleteHandlerD0Ev
FN:11,_ZN17UserDeleteHandlerD2Ev
FN:16,_ZN17UserDeleteHandler11isMyRequestER11HttpRequest
FN:30,_ZN17UserDeleteHandler7_handleER11HttpRequest
FNDA:0,_ZN17UserDeleteHandlerC2EP8DatabaseP18TokenAuthenticator
FNDA:0,_ZN17UserDeleteHandlerD0Ev
FNDA:0,_ZN17UserDeleteHandlerD2Ev
FNDA:0,_ZN17UserDeleteHandler11isMyRequestER11HttpRequest
FNDA:0,_ZN17UserDeleteHandler7_handleER11HttpRequest
FNF:5
FNH:0
DA:6,0
DA:9,0
DA:11,0
DA:14,0
DA:16,0
DA:18,0
DA:19,0
DA:20,0
DA:21,0
DA:22,0
DA:23,0
DA:24,0
DA:25,0
DA:27,0
DA:30,0
DA:31,0
DA:33,0
DA:34,0
DA:35,0
DA:36,0
DA:37,0
DA:38,0
DA:42,0
DA:43,0
DA:44,0
DA:45,0
DA:46,0
DA:47,0
DA:49,0
DA:50,0
DA:51,0
DA:54,0
DA:56,0
DA:59,0
LF:34
LH:0
end_of_record
SF:/home/gonzalo/Escritorio/Jobify/server/src/UserMetadata.h
FN:33,_ZN12UserMetadata11setUsernameENSt7__cxx1112basic_stringIcSt11char_traitsIcESaIcEEE
FNDA:0,_ZN12UserMetadata11setUsernameENSt7__cxx1112basic_stringIcSt11char_traitsIcESaIcEEE
FNF:1
FNH:0
DA:33,0
LF:1
LH:0
end_of_record
TN:
SF:/home/gonzalo/Escritorio/Jobify/server/include/json/json.h
FN:1017,_ZNK4Json17ValueIteratorBaseneERKS0_
FN:1155,_ZN4Json13ValueIteratorppEv
FN:1160,_ZNK4Json13ValueIteratordeEv
FN:1226,_ZN4Json6ReaderD2Ev
FN:1376,_ZN4Json6Reader9ErrorInfoD2Ev
FNDA:0,_ZNK4Json17ValueIteratorBaseneERKS0_
FNDA:0,_ZN4Json13ValueIteratorppEv
FNDA:0,_ZNK4Json13ValueIteratordeEv
FNDA:0,_ZN4Json6ReaderD2Ev
FNDA:0,_ZN4Json6Reader9ErrorInfoD2Ev
FNF:5
FNH:0
DA:1017,0
DA:1155,0
DA:1156,0
DA:1157,0
DA:1160,0
DA:1226,0
DA:1376,0
LF:7
LH:0
end_of_record
SF:/home/gonzalo/Escritorio/Jobify/server/include/leveldb/slice.h
FN:28,_ZN7leveldb5SliceC2Ev
FN:37,_ZN7leveldb5SliceC2EPKc
FNDA:0,_ZN7leveldb5SliceC2Ev
FNDA:0,_ZN7leveldb5SliceC2EPKc
FNF:2
FNH:0
DA:28,0
DA:37,0
LF:2
LH:0
end_of_record
SF:/home/gonzalo/Escritorio/Jobify/server/include/leveldb/status.h
FN:24,_ZN7leveldb6StatusC2Ev
FN:25,_ZN7leveldb6StatusD2Ev
FN:35,_ZN7leveldb6Status8NotFoundERKNS_5SliceES3_
FN:38,_ZN7leveldb6Status10CorruptionERKNS_5SliceES3_
FN:52,_ZNK7leveldb6Status2okEv
FN:55,_ZNK7leveldb6Status10IsNotFoundEv
FN:84,_ZNK7leveldb6Status4codeEv
FN:92,_ZN7leveldb6StatusC2ERKS0_
FN:95,_ZN7leveldb6StatusaSERKS0_
FNDA:0,_ZN7leveldb6StatusC2Ev
FNDA:0,_ZN7leveldb6StatusD2Ev
FNDA:0,_ZN7leveldb6Status8NotFoundERKNS_5SliceES3_
FNDA:0,_ZN7leveldb6Status10CorruptionERKNS_5SliceES3_
FNDA:0,_ZNK7leveldb6Status2okEv
FNDA:0,_ZNK7leveldb6Status10IsNotFoundEv
FNDA:0,_ZNK7leveldb6Status4codeEv
FNDA:0,_ZN7leveldb6StatusC2ERKS0_
FNDA:0,_ZN7leveldb6StatusaSERKS0_
FNF:9
FNH:0
DA:24,0
DA:25,0
DA:35,0
DA:36,0
DA:38,0
DA:39,0
DA:52,0
DA:55,0
DA:84,0
DA:85,0
DA:92,0
DA:93,0
DA:94,0
DA:95,0
DA:98,0
DA:99,0
DA:100,0
DA:102,0
LF:18
LH:0
end_of_record
SF:/home/gonzalo/Escritorio/Jobify/server/src/UserMetadata.cpp
FN:12,_ZN12UserMetadataC2EP8DatabaseP18DatabaseWriteBatch
FN:23,_ZN12UserMetadataD0Ev
FN:23,_ZN12UserMetadataD2Ev
FN:29,_ZN12UserMetadata7_setKeyEv
FN:37,_ZN12UserMetadata13_setValueVarsEv
FN:76,_ZN12UserMetadata9_setValueEv
FN:128,_ZN12UserMetadata18removeNotificationENSt7__cxx1112basic_stringIcSt11char_traitsIcESaIcEEE
FN:133,_ZN12UserMetadata10removeLikeENSt7__cxx1112basic_stringIcSt11char_traitsIcESaIcEEE
FN:139,_ZN12UserMetadata12removeFriendENSt7__cxx1112basic_stringIcSt11char_traitsIcESaIcEEE
FN:146,_ZN12UserMetadata7DBeraseEv
FN:170,_ZN12UserMetadata5DBgetEv
FN:181,_ZN12UserMetadata8DBcreateEv
FN:201,_ZN12UserMetadata14DBchange_emailENSt7__cxx1112basic_stringIcSt11char_traitsIcESaIcEEE
FN:219,_ZN12UserMetadata13DBchange_nameENSt7__cxx1112basic_stringIcSt11char_traitsIcESaIcEEE
FN:238,_ZN12UserMetadata15DBchange_resumeENSt7__cxx1112basic_stringIcSt11char_traitsIcESaIcEEE
FN:256,_ZN12UserMetadata19DBchange_skill_listENSt7__cxx1112basic_stringIcSt11char_traitsIcESaIcEEE
FN:273,_ZN12UserMetadata17DBchange_job_listENSt7__cxx1112basic_stringIcSt11char_traitsIcESaIcEEE
FN:292,_ZN12UserMetadata20DBchange_profile_picENSt7__cxx1112basic_stringIcSt11char_traitsIcESaIcEEE
FN:310,_ZN12UserMetadata19DBchange_last_placeENSt7__cxx1112basic_stringIcSt11char_traitsIcESaIcEEE
FN:328,_ZN12UserMetadata25DBchange_ultima_ubicacionENSt7__cxx1112basic_stringIcSt11char_traitsIcESaIcEEE
FN:346,_ZN12UserMetadata17DBaddNotificationENSt7__cxx1112basic_stringIcSt11char_traitsIcESaIcEEE
FN:364,_ZN12UserMetadata20DBremoveNotificationENSt7__cxx1112basic_stringIcSt11char_traitsIcESaIcEEE
FN:382,_ZN12UserMetadata11DBaddFriendENSt7__cxx1112basic_stringIcSt11char_traitsIcESaIcEEEb
FN:407,_ZN12UserMetadata14DBremoveFriendENSt7__cxx1112basic_stringIcSt11char_traitsIcESaIcEEE
FN:426,_ZN12UserMetadata9DBaddLikeENSt7__cxx1112basic_stringIcSt11char_traitsIcESaIcEEE
FN:444,_ZN12UserMetadata12DBremoveLikeENSt7__cxx1112basic_stringIcSt11char_traitsIcESaIcEEE
FN:463,_ZN12UserMetadata10getProfileB5cxx11Ev
FNDA:0,_ZN12UserMetadataC2EP8DatabaseP18DatabaseWriteBatch
FNDA:0,_ZN12UserMetadataD0Ev
FNDA:0,_ZN12UserMetadataD2Ev
FNDA:0,_ZN12UserMetadata7_setKeyEv
FNDA:0,_ZN12UserMetadata13_setValueVarsEv
FNDA:0,_ZN12UserMetadata9_setValueEv
FNDA:0,_ZN12UserMetadata18removeNotificationENSt7__cxx1112basic_stringIcSt11char_traitsIcESaIcEEE
FNDA:0,_ZN12UserMetadata10removeLikeENSt7__cxx1112basic_stringIcSt11char_traitsIcESaIcEEE
FNDA:0,_ZN12UserMetadata12removeFriendENSt7__cxx1112basic_stringIcSt11char_traitsIcESaIcEEE
FNDA:0,_ZN12UserMetadata7DBeraseEv
FNDA:0,_ZN12UserMetadata5DBgetEv
FNDA:0,_ZN12UserMetadata8DBcreateEv
FNDA:0,_ZN12UserMetadata14DBchange_emailENSt7__cxx1112basic_stringIcSt11char_traitsIcESaIcEEE
FNDA:0,_ZN12UserMetadata13DBchange_nameENSt7__cxx1112basic_stringIcSt11char_traitsIcESaIcEEE
FNDA:0,_ZN12UserMetadata15DBchange_resumeENSt7__cxx1112basic_stringIcSt11char_traitsIcESaIcEEE
FNDA:0,_ZN12UserMetadata19DBchange_skill_listENSt7__cxx1112basic_stringIcSt11char_traitsIcESaIcEEE
FNDA:0,_ZN12UserMetadata17DBchange_job_listENSt7__cxx1112basic_stringIcSt11char_traitsIcESaIcEEE
FNDA:0,_ZN12UserMetadata20DBchange_profile_picENSt7__cxx1112basic_stringIcSt11char_traitsIcESaIcEEE
FNDA:0,_ZN12UserMetadata19DBchange_last_placeENSt7__cxx1112basic_stringIcSt11char_traitsIcESaIcEEE
FNDA:0,_ZN12UserMetadata25DBchange_ultima_ubicacionENSt7__cxx1112basic_stringIcSt11char_traitsIcESaIcEEE
FNDA:0,_ZN12UserMetadata17DBaddNotificationENSt7__cxx1112basic_stringIcSt11char_traitsIcESaIcEEE
FNDA:0,_ZN12UserMetadata20DBremoveNotificationENSt7__cxx1112basic_stringIcSt11char_traitsIcESaIcEEE
FNDA:0,_ZN12UserMetadata11DBaddFriendENSt7__cxx1112basic_stringIcSt11char_traitsIcESaIcEEEb
FNDA:0,_ZN12UserMetadata14DBremoveFriendENSt7__cxx1112basic_stringIcSt11char_traitsIcESaIcEEE
FNDA:0,_ZN12UserMetadata9DBaddLikeENSt7__cxx1112basic_stringIcSt11char_traitsIcESaIcEEE
FNDA:0,_ZN12UserMetadata12DBremoveLikeENSt7__cxx1112basic_stringIcSt11char_traitsIcESaIcEEE
FNDA:0,_ZN12UserMetadata10getProfileB5cxx11Ev
FNF:27
FNH:0
DA:12,0
DA:14,0
DA:15,0
DA:16,0
DA:17,0
DA:18,0
DA:19,0
DA:20,0
DA:21,0
DA:23,0
DA:26,0
DA:29,0
DA:30,0
DA:31,0
DA:32,0
DA:33,0
DA:34,0
DA:35,0
DA:37,0
DA:38,0
DA:39,0
DA:40,0
DA:42,0
DA:43,0
DA:44,0
DA:45,0
DA:48,0
DA:53,0
DA:54,0
DA:55,0
DA:57,0
DA:58,0
DA:59,0
DA:61,0
DA:62,0
DA:63,0
DA:67,0
DA:68,0
DA:69,0
DA:71,0
DA:72,0
DA:73,0
DA:74,0
DA:76,0
DA:77,0
DA:79,0
DA:80,0
DA:81,0
DA:82,0
DA:84,0
DA:85,0
DA:87,0
DA:88,0
DA:89,0
DA:90,0
DA:92,0
DA:93,0
DA:95,0
DA:96,0
DA:97,0
DA:98,0
DA:99,0
DA:100,0
DA:103,0
DA:104,0
DA:105,0
DA:106,0
DA:108,0
DA:109,0
DA:110,0
DA:111,0
DA:112,0
DA:113,0
DA:114,0
DA:115,0
DA:116,0
DA:117,0
DA:118,0
DA:119,0
DA:120,0
DA:121,0
DA:123,0
DA:124,0
DA:125,0
DA:126,0
DA:128,0
DA:129,0
DA:130,0
DA:131,0
DA:132,0
DA:133,0
DA:134,0
DA:135,0
DA:136,0
DA:137,0
DA:139,0
DA:140,0
DA:141,0
DA:142,0
DA:143,0
DA:146,0
DA:147,0
DA:149,0
DA:151,0
DA:152,0
DA:153,0
DA:154,0
DA:157,0
DA:158,0
DA:159,0
DA:160,0
DA:161,0
DA:165,0
DA:166,0
DA:167,0
DA:170,0
DA:171,0
DA:173,0
DA:174,0
DA:175,0
DA:178,0
DA:181,0
DA:182,0
DA:184,0
DA:185,0
DA:186,0
DA:187,0
DA:189,0
DA:190,0
DA:193,0
DA:194,0
DA:196,0
DA:201,0
DA:202,0
DA:204,0
DA:205,0
DA:206,0
DA:208,0
DA:210,0
DA:211,0
DA:213,0
DA:214,0
DA:216,0
DA:219,0
DA:220,0
DA:222,0
DA:223,0
DA:224,0
DA:226,0
DA:228,0
DA:229,0
DA:231,0
DA:232,0
DA:234,0
DA:238,0
DA:239,0
DA:241,0
DA:242,0
DA:243,0
DA:245,0
DA:247,0
DA:248,0
DA:250,0
DA:251,0
DA:253,0
DA:256,0
DA:257,0
DA:259,0
DA:260,0
DA:261,0
DA:263,0
DA:265,0
DA:266,0
DA:268,0
DA:269,0
DA:271,0
DA:273,0
DA:274,0
DA:276,0
DA:277,0
DA:278,0
DA:280,0
DA:282,0
DA:283,0
DA:285,0
DA:286,0
DA:288,0
DA:292,0
DA:293,0
DA:295,0
DA:296,0
DA:297,0
DA:299,0
DA:301,0
DA:302,0
DA:304,0
DA:305,0
DA:307,0
DA:310,0
DA:311,0
DA:313,0
DA:314,0
DA:315,0
DA:317,0
DA:319,0
DA:321,0
DA:322,0
DA:323,0
DA:325,0
DA:328,0
DA:329,0
DA:331,0
DA:332,0
DA:333,0
DA:335,0
DA:337,0
DA:339,0
DA:340,0
DA:341,0
DA:343,0
DA:346,0
DA:347,0
DA:349,0
DA:350,0
DA:351,0
DA:353,0
DA:355,0
DA:357,0
DA:358,0
DA:359,0
DA:361,0
DA:364,0
DA:365,0
DA:367,0
DA:368,0
DA:369,0
DA:371,0
DA:373,0
DA:375,0
DA:376,0
DA:377,0
DA:379,0
DA:382,0
DA:383,0
DA:385,0
DA:386,0
DA:387,0
DA:389,0
DA:391,0
DA:392,0
DA:394,0
DA:395,0
DA:396,0
DA:397,0
DA:400,0
DA:401,0
DA:402,0
DA:404,0
DA:407,0
DA:408,0
DA:410,0
DA:411,0
DA:412,0
DA:414,0
DA:416,0
DA:418,0
DA:419,0
DA:420,0
DA:422,0
DA:426,0
DA:427,0
DA:429,0
DA:430,0
DA:431,0
DA:433,0
DA:435,0
DA:437,0
DA:438,0
DA:439,0
DA:441,0
DA:444,0
DA:445,0
DA:447,0
DA:448,0
DA:449,0
DA:451,0
DA:453,0
DA:455,0
DA:456,0
DA:457,0
DA:459,0
DA:463,0
DA:464,0
DA:466,0
DA:467,0
DA:468,0
DA:469,0
DA:470,0
DA:471,0
DA:472,0
DA:473,0
DA:474,0
DA:475,0
DA:476,0
DA:477,0
DA:478,0
DA:479,0
DA:481,0
DA:483,0
DA:484,0
DA:486,0
LF:311
LH:0
end_of_record
SF:/home/gonzalo/Escritorio/Jobify/server/src/UserMetadata.h
FN:33,_ZN12UserMetadata11setUsernameENSt7__cxx1112basic_stringIcSt11char_traitsIcESaIcEEE
FN:39,_ZN12UserMetadata11setJoinDateENSt7__cxx1112basic_stringIcSt11char_traitsIcESaIcEEE
FN:44,_ZN12UserMetadata12changeResumeENSt7__cxx1112basic_stringIcSt11char_traitsIcESaIcEEE
FN:49,_ZN12UserMetadata11changeEmailENSt7__cxx1112basic_stringIcSt11char_traitsIcESaIcEEE
FN:56,_ZN12UserMetadata21changeUltimaUbicacionENSt7__cxx1112basic_stringIcSt11char_traitsIcESaIcEEE
FN:61,_ZN12UserMetadata13changeJobListENSt7__cxx1112basic_stringIcSt11char_traitsIcESaIcEEE
FN:66,_ZN12UserMetadata15changeSkillListENSt7__cxx1112basic_stringIcSt11char_traitsIcESaIcEEE
FN:72,_ZN12UserMetadata15addNotificacionENSt7__cxx1112basic_stringIcSt11char_traitsIcESaIcEEE
FN:82,_ZN12UserMetadata9addFriendENSt7__cxx1112basic_stringIcSt11char_traitsIcESaIcEEE
FN:87,_ZN12UserMetadata7addLikeENSt7__cxx1112basic_stringIcSt11char_traitsIcESaIcEEE
FN:102,_ZN12UserMetadata10changeNameENSt7__cxx1112basic_stringIcSt11char_traitsIcESaIcEEE
FN:107,_ZN12UserMetadata9changePicENSt7__cxx1112basic_stringIcSt11char_traitsIcESaIcEEE
FNDA:0,_ZN12UserMetadata11setUsernameENSt7__cxx1112basic_stringIcSt11char_traitsIcESaIcEEE
FNDA:0,_ZN12UserMetadata11setJoinDateENSt7__cxx1112basic_stringIcSt11char_traitsIcESaIcEEE
FNDA:0,_ZN12UserMetadata12changeResumeENSt7__cxx1112basic_stringIcSt11char_traitsIcESaIcEEE
FNDA:0,_ZN12UserMetadata11changeEmailENSt7__cxx1112basic_stringIcSt11char_traitsIcESaIcEEE
FNDA:0,_ZN12UserMetadata21changeUltimaUbicacionENSt7__cxx1112basic_stringIcSt11char_traitsIcESaIcEEE
FNDA:0,_ZN12UserMetadata13changeJobListENSt7__cxx1112basic_stringIcSt11char_traitsIcESaIcEEE
FNDA:0,_ZN12UserMetadata15changeSkillListENSt7__cxx1112basic_stringIcSt11char_traitsIcESaIcEEE
FNDA:0,_ZN12UserMetadata15addNotificacionENSt7__cxx1112basic_stringIcSt11char_traitsIcESaIcEEE
FNDA:0,_ZN12UserMetadata9addFriendENSt7__cxx1112basic_stringIcSt11char_traitsIcESaIcEEE
FNDA:0,_ZN12UserMetadata7addLikeENSt7__cxx1112basic_stringIcSt11char_traitsIcESaIcEEE
FNDA:0,_ZN12UserMetadata10changeNameENSt7__cxx1112basic_stringIcSt11char_traitsIcESaIcEEE
FNDA:0,_ZN12UserMetadata9changePicENSt7__cxx1112basic_stringIcSt11char_traitsIcESaIcEEE
FNF:12
FNH:0
DA:33,0
DA:39,0
DA:44,0
DA:49,0
DA:56,0
DA:61,0
DA:66,0
DA:72,0
DA:82,0
DA:87,0
DA:102,0
DA:107,0
LF:12
LH:0
end_of_record
TN:
SF:/home/gonzalo/Escritorio/Jobify/server/src/HttpRequest.cpp
FN:7,_ZN11HttpRequestC2Ev
FN:12,_ZN11HttpRequestD0Ev
FN:12,_ZN11HttpRequestD2Ev
FNDA:0,_ZN11HttpRequestC2Ev
FNDA:0,_ZN11HttpRequestD0Ev
FNDA:0,_ZN11HttpRequestD2Ev
FNF:3
FNH:0
DA:7,0
DA:10,0
DA:12,0
DA:15,0
LF:4
LH:0
end_of_record
TN:
SF:/home/gonzalo/Escritorio/Jobify/server/src/EventHandlerIgnoresAuthentication.cpp
FN:4,_ZN33EventHandlerIgnoresAuthenticationC2EP8DatabaseP18TokenAuthenticator
FN:9,_ZN33EventHandlerIgnoresAuthenticationD0Ev
FN:9,_ZN33EventHandlerIgnoresAuthenticationD2Ev
FN:14,_ZN33EventHandlerIgnoresAuthentication17_check_permissionER11HttpRequest
FNDA:0,_ZN33EventHandlerIgnoresAuthenticationC2EP8DatabaseP18TokenAuthenticator
FNDA:0,_ZN33EventHandlerIgnoresAuthenticationD0Ev
FNDA:0,_ZN33EventHandlerIgnoresAuthenticationD2Ev
FNDA:0,_ZN33EventHandlerIgnoresAuthentication17_check_permissionER11HttpRequest
FNF:4
FNH:0
DA:4,0
DA:7,0
DA:9,0
DA:12,0
DA:14,0
DA:15,0
DA:16,0
LF:7
LH:0
end_of_record
TN:
SF:/home/gonzalo/Escritorio/Jobify/server/include/leveldb/status.h
FN:24,_ZN7leveldb6StatusC2Ev
FN:25,_ZN7leveldb6StatusD2Ev
FN:32,_ZN7leveldb6Status2OKEv
FNDA:0,_ZN7leveldb6StatusC2Ev
FNDA:0,_ZN7leveldb6StatusD2Ev
FNDA:0,_ZN7leveldb6Status2OKEv
FNF:3
FNH:0
DA:24,0
DA:25,0
DA:32,0
LF:3
LH:0
end_of_record
SF:/home/gonzalo/Escritorio/Jobify/server/src/TopJobHandler.cpp
FN:13,_ZN13TopJobHandlerC2EP8DatabaseP18TokenAuthenticator
FN:18,_ZN13TopJobHandlerD2Ev
FN:18,_ZN13TopJobHandlerD0Ev
FN:23,_ZN13TopJobHandler11isMyRequestER11HttpRequest
FN:37,_ZN13TopJobHandler7_handleER11HttpRequest
FN:104,_GLOBAL__sub_I__ZN13TopJobHandlerC2EP8DatabaseP18TokenAuthenticator
FN:104,_Z41__static_initialization_and_destruction_0ii
FNDA:0,_ZN13TopJobHandlerC2EP8DatabaseP18TokenAuthenticator
FNDA:0,_ZN13TopJobHandlerD2Ev
FNDA:0,_ZN13TopJobHandlerD0Ev
FNDA:0,_ZN13TopJobHandler11isMyRequestER11HttpRequest
FNDA:0,_ZN13TopJobHandler7_handleER11HttpRequest
FNDA:0,_GLOBAL__sub_I__ZN13TopJobHandlerC2EP8DatabaseP18TokenAuthenticator
FNDA:0,_Z41__static_initialization_and_destruction_0ii
FNF:7
FNH:0
DA:13,0
DA:16,0
DA:18,0
DA:21,0
DA:23,0
DA:25,0
DA:26,0
DA:27,0
DA:28,0
DA:29,0
DA:30,0
DA:31,0
DA:32,0
DA:34,0
DA:37,0
DA:38,0
DA:40,0
DA:42,0
DA:44,0
DA:45,0
DA:46,0
DA:47,0
DA:48,0
DA:49,0
DA:50,0
DA:51,0
DA:52,0
DA:53,0
DA:54,0
DA:56,0
DA:58,0
DA:59,0
DA:62,0
DA:63,0
DA:64,0
DA:65,0
DA:66,0
DA:71,0
DA:72,0
DA:73,0
DA:74,0
DA:75,0
DA:76,0
DA:77,0
DA:78,0
DA:79,0
DA:80,0
DA:81,0
DA:87,0
DA:88,0
DA:89,0
DA:90,0
DA:92,0
DA:93,0
DA:94,0
DA:95,0
DA:97,0
DA:98,0
DA:102,0
DA:103,0
DA:104,0
LF:61
LH:0
end_of_record
SF:/home/gonzalo/Escritorio/Jobify/server/src/UserMetadata.h
FN:33,_ZN12UserMetadata11setUsernameENSt7__cxx1112basic_stringIcSt11char_traitsIcESaIcEEE
FNDA:0,_ZN12UserMetadata11setUsernameENSt7__cxx1112basic_stringIcSt11char_traitsIcESaIcEEE
FNF:1
FNH:0
DA:33,0
LF:1
LH:0
end_of_record
TN:
SF:/home/gonzalo/Escritorio/Jobify/server/src/Util.cpp
FN:7,_Z12get_md5_hashNSt7__cxx1112basic_stringIcSt11char_traitsIcESaIcEEERS4_
FN:18,_Z14parse_html_uriRKNSt7__cxx1112basic_stringIcSt11char_traitsIcESaIcEEERSt6vectorIS4_SaIS4_EE
FN:34,_Z17get_date_and_timeB5cxx11v
FN:47,_Z9is_numberRKNSt7__cxx1112basic_stringIcSt11char_traitsIcESaIcEEE
FNDA:0,_Z12get_md5_hashNSt7__cxx1112basic_stringIcSt11char_traitsIcESaIcEEERS4_
FNDA:0,_Z14parse_html_uriRKNSt7__cxx1112basic_stringIcSt11char_traitsIcESaIcEEERSt6vectorIS4_SaIS4_EE
FNDA:0,_Z17get_date_and_timeB5cxx11v
FNDA:0,_Z9is_numberRKNSt7__cxx1112basic_stringIcSt11char_traitsIcESaIcEEE
FNF:4
FNH:0
DA:7,0
DA:10,0
DA:13,0
DA:14,0
DA:15,0
DA:16,0
DA:18,0
DA:19,0
DA:20,0
DA:22,0
DA:23,0
DA:24,0
DA:25,0
DA:26,0
DA:27,0
DA:29,0
DA:30,0
DA:32,0
DA:34,0
DA:35,0
DA:36,0
DA:38,0
DA:44,0
DA:47,0
DA:48,0
DA:49,0
DA:50,0
LF:27
LH:0
end_of_record
TN:
SF:/home/gonzalo/Escritorio/Jobify/server/src/DBElementMock.cpp
FN:3,_ZN13DBElementMockC2EP8DatabaseNSt7__cxx1112basic_stringIcSt11char_traitsIcESaIcEEES7_P18DatabaseWriteBatch
FN:9,_ZN13DBElementMockD2Ev
FN:9,_ZN13DBElementMockD0Ev
FNDA:0,_ZN13DBElementMockC2EP8DatabaseNSt7__cxx1112basic_stringIcSt11char_traitsIcESaIcEEES7_P18DatabaseWriteBatch
FNDA:0,_ZN13DBElementMockD2Ev
FNDA:0,_ZN13DBElementMockD0Ev
FNF:3
FNH:0
DA:3,0
DA:5,0
DA:6,0
DA:7,0
DA:9,0
DA:12,0
LF:6
LH:0
end_of_record
SF:/home/gonzalo/Escritorio/Jobify/server/src/DBElementMock.h
FN:19,_ZN13DBElementMock12setMockClaveENSt7__cxx1112basic_stringIcSt11char_traitsIcESaIcEEE
FN:21,_ZN13DBElementMock12setMockValueENSt7__cxx1112basic_stringIcSt11char_traitsIcESaIcEEE
FN:32,_ZN13DBElementMock7_setKeyEv
FN:36,_ZN13DBElementMock9_setValueEv
FN:40,_ZN13DBElementMock13_setValueVarsEv
FNDA:0,_ZN13DBElementMock12setMockClaveENSt7__cxx1112basic_stringIcSt11char_traitsIcESaIcEEE
FNDA:0,_ZN13DBElementMock12setMockValueENSt7__cxx1112basic_stringIcSt11char_traitsIcESaIcEEE
FNDA:0,_ZN13DBElementMock7_setKeyEv
FNDA:0,_ZN13DBElementMock9_setValueEv
FNDA:0,_ZN13DBElementMock13_setValueVarsEv
FNF:5
FNH:0
DA:19,0
DA:21,0
DA:32,0
DA:36,0
DA:40,0
LF:5
LH:0
end_of_record
TN:
SF:/home/gonzalo/Escritorio/Jobify/server/include/leveldb/slice.h
FN:28,_ZN7leveldb5SliceC2Ev
FN:37,_ZN7leveldb5SliceC2EPKc
FNDA:0,_ZN7leveldb5SliceC2Ev
FNDA:0,_ZN7leveldb5SliceC2EPKc
FNF:2
FNH:0
DA:28,0
DA:37,0
LF:2
LH:0
end_of_record
SF:/home/gonzalo/Escritorio/Jobify/server/include/leveldb/status.h
FN:24,_ZN7leveldb6StatusC2Ev
FN:25,_ZN7leveldb6StatusD2Ev
FN:44,_ZN7leveldb6Status15InvalidArgumentERKNS_5SliceES3_
FN:52,_ZNK7leveldb6Status2okEv
FN:92,_ZN7leveldb6StatusC2ERKS0_
FN:95,_ZN7leveldb6StatusaSERKS0_
FNDA:0,_ZN7leveldb6StatusC2Ev
FNDA:0,_ZN7leveldb6StatusD2Ev
FNDA:0,_ZN7leveldb6Status15InvalidArgumentERKNS_5SliceES3_
FNDA:0,_ZNK7leveldb6Status2okEv
FNDA:0,_ZN7leveldb6StatusC2ERKS0_
FNDA:0,_ZN7leveldb6StatusaSERKS0_
FNF:6
FNH:0
DA:24,0
DA:25,0
DA:44,0
DA:45,0
DA:52,0
DA:92,0
DA:93,0
DA:94,0
DA:95,0
DA:98,0
DA:99,0
DA:100,0
DA:102,0
LF:13
LH:0
end_of_record
SF:/home/gonzalo/Escritorio/Jobify/server/src/UserMetadata.h
FN:33,_ZN12UserMetadata11setUsernameENSt7__cxx1112basic_stringIcSt11char_traitsIcESaIcEEE
FNDA:0,_ZN12UserMetadata11setUsernameENSt7__cxx1112basic_stringIcSt11char_traitsIcESaIcEEE
FNF:1
FNH:0
DA:33,0
LF:1
LH:0
end_of_record
SF:/home/gonzalo/Escritorio/Jobify/server/src/UserModifyHandler.cpp
FN:5,_ZN17UserModifyHandlerC2EP8DatabaseP18TokenAuthenticator
FN:10,_ZN17UserModifyHandlerD2Ev
FN:10,_ZN17UserModifyHandlerD0Ev
FN:15,_ZN17UserModifyHandler11isMyRequestER11HttpRequest
FN:29,_ZN17UserModifyHandler7_handleER11HttpRequest
FNDA:0,_ZN17UserModifyHandlerC2EP8DatabaseP18TokenAuthenticator
FNDA:0,_ZN17UserModifyHandlerD2Ev
FNDA:0,_ZN17UserModifyHandlerD0Ev
FNDA:0,_ZN17UserModifyHandler11isMyRequestER11HttpRequest
FNDA:0,_ZN17UserModifyHandler7_handleER11HttpRequest
FNF:5
FNH:0
DA:5,0
DA:8,0
DA:10,0
DA:13,0
DA:15,0
DA:17,0
DA:18,0
DA:19,0
DA:20,0
DA:21,0
DA:22,0
DA:23,0
DA:24,0
DA:26,0
DA:29,0
DA:30,0
DA:32,0
DA:33,0
DA:34,0
DA:35,0
DA:36,0
DA:37,0
DA:39,0
DA:40,0
DA:42,0
DA:43,0
DA:44,0
DA:45,0
DA:47,0
DA:48,0
DA:49,0
DA:50,0
DA:51,0
DA:52,0
DA:54,0
DA:55,0
DA:57,0
DA:58,0
DA:59,0
DA:60,0
DA:61,0
DA:62,0
DA:64,0
DA:65,0
DA:67,0
LF:45
LH:0
end_of_record
TN:
SF:/home/gonzalo/Escritorio/Jobify/server/include/leveldb/status.h
FN:24,_ZN7leveldb6StatusC2Ev
FN:25,_ZN7leveldb6StatusD2Ev
FN:32,_ZN7leveldb6Status2OKEv
FNDA:0,_ZN7leveldb6StatusC2Ev
FNDA:0,_ZN7leveldb6StatusD2Ev
FNDA:0,_ZN7leveldb6Status2OKEv
FNF:3
FNH:0
DA:24,0
DA:25,0
DA:32,0
LF:3
LH:0
end_of_record
SF:/home/gonzalo/Escritorio/Jobify/server/src/TopRankGetHandler.cpp
FN:12,_ZN17TopRankGetHandlerC2EP8DatabaseP18TokenAuthenticator
FN:17,_ZN17TopRankGetHandlerD2Ev
FN:17,_ZN17TopRankGetHandlerD0Ev
FN:22,_ZN17TopRankGetHandler11isMyRequestER11HttpRequest
FN:35,_ZN17TopRankGetHandler7_handleER11HttpRequest
FN:89,_GLOBAL__sub_I__ZN17TopRankGetHandlerC2EP8DatabaseP18TokenAuthenticator
FN:89,_Z41__static_initialization_and_destruction_0ii
FNDA:0,_ZN17TopRankGetHandlerC2EP8DatabaseP18TokenAuthenticator
FNDA:0,_ZN17TopRankGetHandlerD2Ev
FNDA:0,_ZN17TopRankGetHandlerD0Ev
FNDA:0,_ZN17TopRankGetHandler11isMyRequestER11HttpRequest
FNDA:0,_ZN17TopRankGetHandler7_handleER11HttpRequest
FNDA:0,_GLOBAL__sub_I__ZN17TopRankGetHandlerC2EP8DatabaseP18TokenAuthenticator
FNDA:0,_Z41__static_initialization_and_destruction_0ii
FNF:7
FNH:0
DA:12,0
DA:15,0
DA:17,0
DA:20,0
DA:22,0
DA:24,0
DA:25,0
DA:26,0
DA:27,0
DA:28,0
DA:29,0
DA:30,0
DA:32,0
DA:35,0
DA:36,0
DA:38,0
DA:39,0
DA:40,0
DA:41,0
DA:42,0
DA:43,0
DA:45,0
DA:46,0
DA:47,0
DA:48,0
DA:49,0
DA:50,0
DA:51,0
DA:52,0
DA:55,0
DA:56,0
DA:57,0
DA:58,0
DA:59,0
DA:60,0
DA:61,0
DA:62,0
DA:63,0
DA:64,0
DA:65,0
DA:66,0
DA:72,0
DA:73,0
DA:74,0
DA:75,0
DA:77,0
DA:78,0
DA:79,0
DA:80,0
DA:81,0
DA:82,0
DA:83,0
DA:87,0
DA:88,0
DA:89,0
LF:55
LH:0
end_of_record
SF:/home/gonzalo/Escritorio/Jobify/server/src/UserMetadata.h
FN:33,_ZN12UserMetadata11setUsernameENSt7__cxx1112basic_stringIcSt11char_traitsIcESaIcEEE
FNDA:0,_ZN12UserMetadata11setUsernameENSt7__cxx1112basic_stringIcSt11char_traitsIcESaIcEEE
FNF:1
FNH:0
DA:33,0
LF:1
LH:0
end_of_record
TN:
SF:/home/gonzalo/Escritorio/Jobify/server/include/leveldb/slice.h
FN:28,_ZN7leveldb5SliceC2Ev
FN:37,_ZN7leveldb5SliceC2EPKc
FNDA:0,_ZN7leveldb5SliceC2Ev
FNDA:0,_ZN7leveldb5SliceC2EPKc
FNF:2
FNH:0
DA:28,0
DA:37,0
LF:2
LH:0
end_of_record
SF:/home/gonzalo/Escritorio/Jobify/server/include/leveldb/status.h
FN:24,_ZN7leveldb6StatusC2Ev
FN:25,_ZN7leveldb6StatusD2Ev
FN:44,_ZN7leveldb6Status15InvalidArgumentERKNS_5SliceES3_
FN:52,_ZNK7leveldb6Status2okEv
FN:92,_ZN7leveldb6StatusC2ERKS0_
FN:95,_ZN7leveldb6StatusaSERKS0_
FNDA:0,_ZN7leveldb6StatusC2Ev
FNDA:0,_ZN7leveldb6StatusD2Ev
FNDA:0,_ZN7leveldb6Status15InvalidArgumentERKNS_5SliceES3_
FNDA:0,_ZNK7leveldb6Status2okEv
FNDA:0,_ZN7leveldb6StatusC2ERKS0_
FNDA:0,_ZN7leveldb6StatusaSERKS0_
FNF:6
FNH:0
DA:24,0
DA:25,0
DA:44,0
DA:45,0
DA:52,0
DA:92,0
DA:93,0
DA:94,0
DA:95,0
DA:98,0
DA:99,0
DA:100,0
DA:102,0
LF:13
LH:0
end_of_record
SF:/home/gonzalo/Escritorio/Jobify/server/src/DisLikeHandler.cpp
FN:5,_ZN14DisLikeHandlerC2EP8DatabaseP18TokenAuthenticator
FN:10,_ZN14DisLikeHandlerD0Ev
FN:10,_ZN14DisLikeHandlerD2Ev
FN:15,_ZN14DisLikeHandler11isMyRequestER11HttpRequest
FN:29,_ZN14DisLikeHandler7_handleER11HttpRequest
FN:56,_GLOBAL__sub_I__ZN14DisLikeHandlerC2EP8DatabaseP18TokenAuthenticator
FN:56,_Z41__static_initialization_and_destruction_0ii
FNDA:0,_ZN14DisLikeHandlerC2EP8DatabaseP18TokenAuthenticator
FNDA:0,_ZN14DisLikeHandlerD0Ev
FNDA:0,_ZN14DisLikeHandlerD2Ev
FNDA:0,_ZN14DisLikeHandler11isMyRequestER11HttpRequest
FNDA:0,_ZN14DisLikeHandler7_handleER11HttpRequest
FNDA:0,_GLOBAL__sub_I__ZN14DisLikeHandlerC2EP8DatabaseP18TokenAuthenticator
FNDA:0,_Z41__static_initialization_and_destruction_0ii
FNF:7
FNH:0
DA:5,0
DA:8,0
DA:10,0
DA:13,0
DA:15,0
DA:17,0
DA:18,0
DA:19,0
DA:20,0
DA:21,0
DA:22,0
DA:23,0
DA:24,0
DA:26,0
DA:29,0
DA:30,0
DA:32,0
DA:33,0
DA:34,0
DA:35,0
DA:36,0
DA:37,0
DA:40,0
DA:41,0
DA:42,0
DA:43,0
DA:44,0
DA:46,0
DA:47,0
DA:48,0
DA:51,0
DA:52,0
DA:55,0
DA:56,0
LF:34
LH:0
end_of_record
SF:/home/gonzalo/Escritorio/Jobify/server/src/UserMetadata.h
FN:33,_ZN12UserMetadata11setUsernameENSt7__cxx1112basic_stringIcSt11char_traitsIcESaIcEEE
FNDA:0,_ZN12UserMetadata11setUsernameENSt7__cxx1112basic_stringIcSt11char_traitsIcESaIcEEE
FNF:1
FNH:0
DA:33,0
LF:1
LH:0
end_of_record
TN:
SF:/home/gonzalo/Escritorio/Jobify/server/include/leveldb/slice.h
FN:28,_ZN7leveldb5SliceC2Ev
FN:37,_ZN7leveldb5SliceC2EPKc
FNDA:0,_ZN7leveldb5SliceC2Ev
FNDA:0,_ZN7leveldb5SliceC2EPKc
FNF:2
FNH:0
DA:28,0
DA:37,0
LF:2
LH:0
end_of_record
SF:/home/gonzalo/Escritorio/Jobify/server/include/leveldb/status.h
FN:24,_ZN7leveldb6StatusC2Ev
FN:25,_ZN7leveldb6StatusD2Ev
FN:32,_ZN7leveldb6Status2OKEv
FN:44,_ZN7leveldb6Status15InvalidArgumentERKNS_5SliceES3_
FN:52,_ZNK7leveldb6Status2okEv
FN:92,_ZN7leveldb6StatusC2ERKS0_
FN:95,_ZN7leveldb6StatusaSERKS0_
FNDA:0,_ZN7leveldb6StatusC2Ev
FNDA:0,_ZN7leveldb6StatusD2Ev
FNDA:0,_ZN7leveldb6Status2OKEv
FNDA:0,_ZN7leveldb6Status15InvalidArgumentERKNS_5SliceES3_
FNDA:0,_ZNK7leveldb6Status2okEv
FNDA:0,_ZN7leveldb6StatusC2ERKS0_
FNDA:0,_ZN7leveldb6StatusaSERKS0_
FNF:7
FNH:0
DA:24,0
DA:25,0
DA:32,0
DA:44,0
DA:45,0
DA:52,0
DA:92,0
DA:93,0
DA:94,0
DA:95,0
DA:98,0
DA:99,0
DA:100,0
DA:102,0
LF:14
LH:0
end_of_record
SF:/home/gonzalo/Escritorio/Jobify/server/src/SignUpHandler.cpp
FN:9,_ZN13SignUpHandlerC2EP8DatabaseP18TokenAuthenticator
FN:14,_ZN13SignUpHandlerD0Ev
FN:14,_ZN13SignUpHandlerD2Ev
FN:18,_ZN13SignUpHandler11isMyRequestER11HttpRequest
FN:32,_ZN13SignUpHandler7_handleER11HttpRequest
FN:72,_GLOBAL__sub_I__ZN13SignUpHandlerC2EP8DatabaseP18TokenAuthenticator
FN:72,_Z41__static_initialization_and_destruction_0ii
FNDA:0,_ZN13SignUpHandlerC2EP8DatabaseP18TokenAuthenticator
FNDA:0,_ZN13SignUpHandlerD0Ev
FNDA:0,_ZN13SignUpHandlerD2Ev
FNDA:0,_ZN13SignUpHandler11isMyRequestER11HttpRequest
FNDA:0,_ZN13SignUpHandler7_handleER11HttpRequest
FNDA:0,_GLOBAL__sub_I__ZN13SignUpHandlerC2EP8DatabaseP18TokenAuthenticator
FNDA:0,_Z41__static_initialization_and_destruction_0ii
FNF:7
FNH:0
DA:9,0
DA:12,0
DA:14,0
DA:16,0
DA:18,0
DA:20,0
DA:21,0
DA:22,0
DA:23,0
DA:24,0
DA:25,0
DA:26,0
DA:27,0
DA:29,0
DA:32,0
DA:33,0
DA:35,0
DA:36,0
DA:37,0
DA:38,0
DA:39,0
DA:40,0
DA:41,0
DA:43,0
DA:44,0
DA:45,0
DA:46,0
DA:47,0
DA:50,0
DA:51,0
DA:52,0
DA:55,0
DA:57,0
DA:59,0
DA:60,0
DA:61,0
DA:64,0
DA:65,0
DA:66,0
DA:68,0
DA:70,0
DA:72,0
LF:42
LH:0
end_of_record
SF:/home/gonzalo/Escritorio/Jobify/server/src/User.h
FN:24,_ZN4User11setUsernameENSt7__cxx1112basic_stringIcSt11char_traitsIcESaIcEEE
FN:29,_ZN4User11setPasswordENSt7__cxx1112basic_stringIcSt11char_traitsIcESaIcEEE
FNDA:0,_ZN4User11setUsernameENSt7__cxx1112basic_stringIcSt11char_traitsIcESaIcEEE
FNDA:0,_ZN4User11setPasswordENSt7__cxx1112basic_stringIcSt11char_traitsIcESaIcEEE
FNF:2
FNH:0
DA:24,0
DA:29,0
LF:2
LH:0
end_of_record
SF:/home/gonzalo/Escritorio/Jobify/server/src/UserMetadata.h
FN:33,_ZN12UserMetadata11setUsernameENSt7__cxx1112basic_stringIcSt11char_traitsIcESaIcEEE
FNDA:0,_ZN12UserMetadata11setUsernameENSt7__cxx1112basic_stringIcSt11char_traitsIcESaIcEEE
FNF:1
FNH:0
DA:33,0
LF:1
LH:0
end_of_record
TN:
SF:/home/gonzalo/Escritorio/Jobify/server/include/leveldb/slice.h
FN:28,_ZN7leveldb5SliceC2Ev
FN:37,_ZN7leveldb5SliceC2EPKc
FNDA:0,_ZN7leveldb5SliceC2Ev
FNDA:0,_ZN7leveldb5SliceC2EPKc
FNF:2
FNH:0
DA:28,0
DA:37,0
LF:2
LH:0
end_of_record
SF:/home/gonzalo/Escritorio/Jobify/server/include/leveldb/status.h
FN:24,_ZN7leveldb6StatusC2Ev
FN:25,_ZN7leveldb6StatusD2Ev
FN:44,_ZN7leveldb6Status15InvalidArgumentERKNS_5SliceES3_
FN:52,_ZNK7leveldb6Status2okEv
FN:92,_ZN7leveldb6StatusC2ERKS0_
FN:95,_ZN7leveldb6StatusaSERKS0_
FNDA:0,_ZN7leveldb6StatusC2Ev
FNDA:0,_ZN7leveldb6StatusD2Ev
FNDA:0,_ZN7leveldb6Status15InvalidArgumentERKNS_5SliceES3_
FNDA:0,_ZNK7leveldb6Status2okEv
FNDA:0,_ZN7leveldb6StatusC2ERKS0_
FNDA:0,_ZN7leveldb6StatusaSERKS0_
FNF:6
FNH:0
DA:24,0
DA:25,0
DA:44,0
DA:45,0
DA:52,0
DA:92,0
DA:93,0
DA:94,0
DA:95,0
DA:98,0
DA:99,0
DA:100,0
DA:102,0
LF:13
LH:0
end_of_record
SF:/home/gonzalo/Escritorio/Jobify/server/src/ChatData.h
FN:33,_ZN8ChatData11setUsernameENSt7__cxx1112basic_stringIcSt11char_traitsIcESaIcEEE
FNDA:0,_ZN8ChatData11setUsernameENSt7__cxx1112basic_stringIcSt11char_traitsIcESaIcEEE
FNF:1
FNH:0
DA:33,0
LF:1
LH:0
end_of_record
SF:/home/gonzalo/Escritorio/Jobify/server/src/RespondFriendRequestHandler.cpp
FN:8,_ZN27RespondFriendRequestHandlerC2EP8DatabaseP18TokenAuthenticator
FN:13,_ZN27RespondFriendRequestHandlerD0Ev
FN:13,_ZN27RespondFriendRequestHandlerD2Ev
FN:18,_ZN27RespondFriendRequestHandler11isMyRequestER11HttpRequest
FN:33,_ZN27RespondFriendRequestHandler7_handleER11HttpRequest
FN:83,_Z41__static_initialization_and_destruction_0ii
FN:83,_GLOBAL__sub_I__ZN27RespondFriendRequestHandlerC2EP8DatabaseP18TokenAuthenticator
FNDA:0,_ZN27RespondFriendRequestHandlerC2EP8DatabaseP18TokenAuthenticator
FNDA:0,_ZN27RespondFriendRequestHandlerD0Ev
FNDA:0,_ZN27RespondFriendRequestHandlerD2Ev
FNDA:0,_ZN27RespondFriendRequestHandler11isMyRequestER11HttpRequest
FNDA:0,_ZN27RespondFriendRequestHandler7_handleER11HttpRequest
FNDA:0,_Z41__static_initialization_and_destruction_0ii
FNDA:0,_GLOBAL__sub_I__ZN27RespondFriendRequestHandlerC2EP8DatabaseP18TokenAuthenticator
FNF:7
FNH:0
DA:8,0
DA:11,0
DA:13,0
DA:16,0
DA:18,0
DA:20,0
DA:21,0
DA:22,0
DA:23,0
DA:24,0
DA:25,0
DA:26,0
DA:27,0
DA:28,0
DA:30,0
DA:33,0
DA:34,0
DA:36,0
DA:37,0
DA:38,0
DA:39,0
DA:40,0
DA:41,0
DA:44,0
DA:45,0
DA:48,0
DA:49,0
DA:50,0
DA:51,0
DA:52,0
DA:55,0
DA:56,0
DA:58,0
DA:59,0
DA:60,0
DA:61,0
DA:64,0
DA:65,0
DA:66,0
DA:67,0
DA:69,0
DA:70,0
DA:72,0
DA:74,0
DA:78,0
DA:79,0
DA:81,0
DA:83,0
LF:48
LH:0
end_of_record
SF:/home/gonzalo/Escritorio/Jobify/server/src/UserMetadata.h
FN:33,_ZN12UserMetadata11setUsernameENSt7__cxx1112basic_stringIcSt11char_traitsIcESaIcEEE
FNDA:0,_ZN12UserMetadata11setUsernameENSt7__cxx1112basic_stringIcSt11char_traitsIcESaIcEEE
FNF:1
FNH:0
DA:33,0
LF:1
LH:0
end_of_record
TN:
SF:/home/gonzalo/Escritorio/Jobify/server/src/EventHandlerGrantsAuthentication.cpp
FN:4,_ZN32EventHandlerGrantsAuthenticationC2EP8DatabaseP18TokenAuthenticator
FN:9,_ZN32EventHandlerGrantsAuthenticationD0Ev
FN:9,_ZN32EventHandlerGrantsAuthenticationD2Ev
FN:14,_ZN32EventHandlerGrantsAuthentication17_check_permissionER11HttpRequest
FNDA:0,_ZN32EventHandlerGrantsAuthenticationC2EP8DatabaseP18TokenAuthenticator
FNDA:0,_ZN32EventHandlerGrantsAuthenticationD0Ev
FNDA:0,_ZN32EventHandlerGrantsAuthenticationD2Ev
FNDA:0,_ZN32EventHandlerGrantsAuthentication17_check_permissionER11HttpRequest
FNF:4
FNH:0
DA:4,0
DA:7,0
DA:9,0
DA:12,0
DA:14,0
DA:15,0
DA:17,0
LF:7
LH:0
end_of_record
TN:
SF:/home/gonzalo/Escritorio/Jobify/server/src/main.cpp
FN:10,main
FN:90,_GLOBAL__sub_I_main
FN:90,_Z41__static_initialization_and_destruction_0ii
FNDA:0,main
FNDA:0,_GLOBAL__sub_I_main
FNDA:0,_Z41__static_initialization_and_destruction_0ii
FNF:3
FNH:0
DA:10,0
DA:13,0
DA:20,0
DA:21,0
DA:22,0
DA:23,0
DA:25,0
DA:26,0
DA:28,0
DA:29,0
DA:31,0
DA:32,0
DA:35,0
DA:36,0
DA:37,0
DA:38,0
DA:39,0
DA:41,0
DA:44,0
DA:45,0
DA:46,0
DA:47,0
DA:48,0
DA:49,0
DA:50,0
DA:52,0
DA:53,0
DA:54,0
DA:55,0
DA:56,0
DA:57,0
DA:58,0
DA:63,0
DA:69,0
DA:70,0
DA:71,0
DA:78,0
DA:79,0
DA:80,0
DA:81,0
DA:82,0
DA:90,0
LF:42
LH:0
end_of_record
