TN:
SF:/home/user/Jobify/server/src/ChatData.cpp
FN:12,_ZN8ChatDataC2EP8DatabaseP18DatabaseWriteBatch
FN:16,_ZN8ChatDataD2Ev
FN:16,_ZN8ChatDataD0Ev
FN:22,_ZN8ChatData7_setKeyEv
FN:30,_ZN8ChatData13_setValueVarsEv
FN:44,_ZN8ChatData9_setValueEv
FN:60,_ZN8ChatData7DBeraseEv
FN:76,_ZN8ChatData5DBgetEv
FN:87,_ZN8ChatData8DBcreateEv
FN:106,_ZN8ChatData13DBaddMensajesESs
FN:126,_ZN8ChatData10getProfileEv
FNDA:0,_ZN8ChatData10getProfileEv
FNDA:4,_ZN8ChatData9_setValueEv
FNDA:4,_ZN8ChatData5DBgetEv
FNDA:10,_ZN8ChatData7_setKeyEv
FNDA:0,_ZN8ChatDataD0Ev
FNDA:7,_ZN8ChatDataD2Ev
FNDA:7,_ZN8ChatDataC2EP8DatabaseP18DatabaseWriteBatch
FNDA:1,_ZN8ChatData13DBaddMensajesESs
FNDA:5,_ZN8ChatData8DBcreateEv
FNDA:0,_ZN8ChatData13_setValueVarsEv
FNDA:0,_ZN8ChatData7DBeraseEv
FNF:11
FNH:7
DA:12,7
DA:14,7
DA:16,7
DA:19,7
DA:22,10
DA:23,10
DA:24,10
DA:25,10
DA:26,10
DA:27,10
DA:28,10
DA:30,0
DA:31,0
DA:32,0
DA:33,0
DA:34,0
DA:35,0
DA:36,0
DA:39,0
DA:40,0
DA:41,0
DA:42,0
DA:44,4
DA:45,4
DA:47,8
DA:48,4
DA:50,8
DA:51,4
DA:52,4
DA:53,4
DA:55,4
DA:56,4
DA:57,8
DA:58,4
DA:60,0
DA:61,0
DA:63,0
DA:65,0
DA:66,0
DA:67,0
DA:68,0
DA:71,0
DA:72,0
DA:73,0
DA:76,4
DA:77,4
DA:79,4
DA:80,4
DA:81,3
DA:84,1
DA:87,5
DA:88,5
DA:90,5
DA:91,5
DA:92,5
DA:93,5
DA:95,2
DA:96,2
DA:100,3
DA:102,3
DA:106,1
DA:107,1
DA:109,1
DA:110,1
DA:111,0
DA:113,1
DA:115,1
DA:117,1
DA:118,1
DA:119,1
DA:121,1
DA:126,0
DA:127,0
DA:129,0
DA:130,0
DA:131,0
DA:132,0
DA:133,0
DA:135,0
DA:137,0
DA:138,0
DA:140,0
LF:82
LH:49
end_of_record
TN:
SF:/home/user/Jobify/server/src/ChatData.h
FN:33,_ZN8ChatData11setUsernameESs
FN:39,_ZN8ChatData11addMensajesESs
FN:41,_ZN8ChatData11getUsernameEv
FNDA:9,_ZN8ChatData11setUsernameESs
FNDA:2,_ZN8ChatData11getUsernameEv
FNDA:2,_ZN8ChatData11addMensajesESs
FNF:3
FNH:3
DA:33,9
DA:39,2
DA:41,2
LF:3
LH:3
end_of_record
TN:
SF:/home/user/Jobify/server/src/DBElement.cpp
FN:6,_ZN9DBElementC2EP8DatabaseP18DatabaseWriteBatch
FN:11,_ZN9DBElementD2Ev
FN:11,_ZN9DBElementD0Ev
FN:16,_ZN9DBElement8setValueESs
FN:21,_ZN9DBElement6getKeyEv
FN:26,_ZN9DBElement8getValueEv
FN:31,_ZN9DBElement3putEv
FN:50,_ZN9DBElement5eraseEv
FN:66,_ZN9DBElement3getEv
FN:89,_ZN9DBElement10startBatchEv
FN:93,_ZN9DBElement8endBatchEv
FN:100,_ZN9DBElement6reSyncEv
FNDA:79,_ZN9DBElement8endBatchEv
FNDA:0,_ZN9DBElementD0Ev
FNDA:143,_ZN9DBElement8getValueEv
FNDA:6,_ZN9DBElement6reSyncEv
FNDA:170,_ZN9DBElementD2Ev
FNDA:170,_ZN9DBElementC2EP8DatabaseP18DatabaseWriteBatch
FNDA:123,_ZN9DBElement3putEv
FNDA:308,_ZN9DBElement6getKeyEv
FNDA:80,_ZN9DBElement10startBatchEv
FNDA:163,_ZN9DBElement3getEv
FNDA:11,_ZN9DBElement5eraseEv
FNDA:41,_ZN9DBElement8setValueESs
FNF:12
FNH:11
DA:6,170
DA:9,170
DA:11,170
DA:14,170
DA:16,41
DA:17,41
DA:18,41
DA:19,41
DA:21,308
DA:22,308
DA:23,308
DA:26,143
DA:27,143
DA:28,143
DA:31,123
DA:32,123
DA:33,123
DA:34,123
DA:35,0
DA:36,0
DA:38,123
DA:39,123
DA:41,123
DA:42,117
DA:44,6
DA:47,123
DA:50,11
DA:51,11
DA:52,0
DA:55,11
DA:57,11
DA:58,10
DA:60,1
DA:63,11
DA:66,163
DA:67,163
DA:68,163
DA:69,163
DA:70,0
DA:71,0
DA:73,163
DA:74,163
DA:75,163
DA:76,20
DA:77,20
DA:80,143
DA:81,143
DA:83,143
DA:84,143
DA:86,143
DA:89,80
DA:90,80
DA:91,80
DA:93,79
DA:94,79
DA:95,79
DA:96,79
DA:97,79
DA:100,6
DA:101,6
DA:102,6
LF:61
LH:56
end_of_record
TN:
SF:/home/user/Jobify/server/src/DBElement.h
FN:41,_ZN9DBElement14getKeyToStringEv
FN:46,_ZN9DBElement16getValueToStringEv
FN:51,_ZN9DBElement6setKeyESs
FNDA:17,_ZN9DBElement16getValueToStringEv
FNDA:3,_ZN9DBElement14getKeyToStringEv
FNDA:3,_ZN9DBElement6setKeyESs
FNF:3
FNH:3
DA:41,3
DA:46,17
DA:51,3
LF:3
LH:3
end_of_record
TN:
SF:/home/user/Jobify/server/src/DBElementMock.cpp
FN:3,_ZN13DBElementMockC2EP8DatabaseSsSsP18DatabaseWriteBatch
FN:9,_ZN13DBElementMockD0Ev
FN:9,_ZN13DBElementMockD2Ev
FNDA:8,_ZN13DBElementMockC2EP8DatabaseSsSsP18DatabaseWriteBatch
FNDA:8,_ZN13DBElementMockD2Ev
FNDA:0,_ZN13DBElementMockD0Ev
FNF:3
FNH:2
DA:3,8
DA:5,8
DA:6,8
DA:7,8
DA:9,8
DA:12,8
LF:6
LH:6
end_of_record
TN:
SF:/home/user/Jobify/server/src/DBElementMock.h
FN:19,_ZN13DBElementMock12setMockClaveESs
FN:21,_ZN13DBElementMock12setMockValueESs
FN:24,_ZN13DBElementMock12getMockClaveEv
FN:26,_ZN13DBElementMock12getMockValueEv
FN:32,_ZN13DBElementMock7_setKeyEv
FN:36,_ZN13DBElementMock9_setValueEv
FN:40,_ZN13DBElementMock13_setValueVarsEv
FNDA:5,_ZN13DBElementMock13_setValueVarsEv
FNDA:13,_ZN13DBElementMock12setMockValueESs
FNDA:15,_ZN13DBElementMock7_setKeyEv
FNDA:14,_ZN13DBElementMock12setMockClaveESs
FNDA:7,_ZN13DBElementMock9_setValueEv
FNDA:4,_ZN13DBElementMock12getMockValueEv
FNDA:3,_ZN13DBElementMock12getMockClaveEv
FNF:7
FNH:7
DA:19,14
DA:21,13
DA:24,3
DA:26,4
DA:32,15
DA:36,7
DA:40,5
LF:7
LH:7
end_of_record
TN:
SF:/home/user/Jobify/server/src/Database.h
FN:22,_ZN8DatabaseC2Ev
FN:23,_ZN8DatabaseD0Ev
FN:23,_ZN8DatabaseD2Ev
FNDA:18,_ZN8DatabaseD2Ev
FNDA:0,_ZN8DatabaseD0Ev
FNDA:86,_ZN8DatabaseC2Ev
FNF:3
FNH:2
DA:22,86
DA:23,18
LF:2
LH:2
end_of_record
TN:
SF:/home/user/Jobify/server/src/DatabaseLevelDB.cpp
FN:8,_ZN15DatabaseLevelDBC2Ev
FN:13,_ZN15DatabaseLevelDBD2Ev
FN:13,_ZN15DatabaseLevelDBD0Ev
FN:18,_ZN15DatabaseLevelDB6configERKSsbb
FN:28,_ZN15DatabaseLevelDB4openEv
FN:47,_ZN15DatabaseLevelDB5closeEv
FN:54,_ZN15DatabaseLevelDB3putER9DBElement
FN:63,_ZN15DatabaseLevelDB3getER9DBElement
FN:81,_ZN15DatabaseLevelDB5eraseER9DBElement
FN:87,_ZN15DatabaseLevelDB10writeBatchEP18DatabaseWriteBatch
FN:113,_ZN15DatabaseLevelDB9clear_allEv
FNDA:6,_ZN15DatabaseLevelDB9clear_allEv
FNDA:15,_ZN15DatabaseLevelDBD2Ev
FNDA:6,_ZN15DatabaseLevelDB3putER9DBElement
FNDA:1,_ZN15DatabaseLevelDB10writeBatchEP18DatabaseWriteBatch
FNDA:0,_ZN15DatabaseLevelDBD0Ev
FNDA:15,_ZN15DatabaseLevelDBC2Ev
FNDA:15,_ZN15DatabaseLevelDB5closeEv
FNDA:8,_ZN15DatabaseLevelDB3getER9DBElement
FNDA:12,_ZN15DatabaseLevelDB4openEv
FNDA:15,_ZN15DatabaseLevelDB6configERKSsbb
FNDA:3,_ZN15DatabaseLevelDB5eraseER9DBElement
FNF:11
FNH:10
DA:8,15
DA:11,15
DA:13,30
DA:15,15
DA:16,15
DA:18,15
DA:19,15
DA:20,1
DA:22,14
DA:23,14
DA:24,14
DA:25,14
DA:28,12
DA:29,12
DA:30,1
DA:32,11
DA:33,1
DA:36,10
DA:37,10
DA:39,10
DA:40,10
DA:41,0
DA:42,0
DA:44,10
DA:47,15
DA:48,15
DA:49,10
DA:50,10
DA:52,15
DA:54,6
DA:55,6
DA:56,1
DA:57,5
DA:58,5
DA:59,0
DA:60,5
DA:63,8
DA:64,8
DA:65,1
DA:66,7
DA:69,14
DA:70,7
DA:71,4
DA:74,3
DA:78,10
DA:81,3
DA:82,3
DA:83,1
DA:84,2
DA:87,1
DA:88,1
DA:89,0
DA:91,1
DA:92,1
DA:94,1
DA:95,1
DA:96,1
DA:97,1
DA:98,2
DA:99,2
DA:100,2
DA:101,1
DA:102,0
DA:103,1
DA:104,1
DA:110,2
DA:113,6
DA:114,6
DA:115,1
DA:116,5
DA:117,5
DA:118,9
DA:119,4
DA:120,4
DA:121,0
DA:124,5
DA:125,0
DA:127,5
DA:128,5
LF:79
LH:72
end_of_record
TN:
SF:/home/user/Jobify/server/src/DatabaseMockRAM.cpp
FN:7,_ZN15DatabaseMockRAMC2Ev
FN:11,_ZN15DatabaseMockRAMD0Ev
FN:11,_ZN15DatabaseMockRAMD2Ev
FN:15,_ZN15DatabaseMockRAM6configERKSsbb
FN:19,_ZN15DatabaseMockRAM4openEv
FN:23,_ZN15DatabaseMockRAM5closeEv
FN:27,_ZN15DatabaseMockRAM9clear_allEv
FN:32,_ZN15DatabaseMockRAM5eraseER9DBElement
FN:36,_ZN15DatabaseMockRAM5eraseESs
FN:43,_ZN15DatabaseMockRAM3putER9DBElement
FN:47,_ZN15DatabaseMockRAM3putESsSs
FN:52,_ZN15DatabaseMockRAM3getER9DBElement
FN:63,_ZN15DatabaseMockRAM10writeBatchEP18DatabaseWriteBatch
FN:80,_Z41__static_initialization_and_destruction_0ii
FN:80,_GLOBAL__sub_I__ZN15DatabaseMockRAMC2Ev
FNDA:1,_GLOBAL__sub_I__ZN15DatabaseMockRAMC2Ev
FNDA:1,_ZN15DatabaseMockRAM4openEv
FNDA:71,_ZN15DatabaseMockRAMC2Ev
FNDA:124,_ZN15DatabaseMockRAM3putESsSs
FNDA:1,_ZN15DatabaseMockRAM5closeEv
FNDA:2,_ZN15DatabaseMockRAM5eraseER9DBElement
FNDA:0,_ZN15DatabaseMockRAMD0Ev
FNDA:12,_ZN15DatabaseMockRAM5eraseESs
FNDA:1,_Z41__static_initialization_and_destruction_0ii
FNDA:1,_ZN15DatabaseMockRAM6configERKSsbb
FNDA:154,_ZN15DatabaseMockRAM3getER9DBElement
FNDA:8,_ZN15DatabaseMockRAM3putER9DBElement
FNDA:3,_ZN15DatabaseMockRAM9clear_allEv
FNDA:3,_ZN15DatabaseMockRAMD2Ev
FNDA:78,_ZN15DatabaseMockRAM10writeBatchEP18DatabaseWriteBatch
FNF:15
FNH:14
DA:7,71
DA:9,71
DA:11,3
DA:13,3
DA:15,1
DA:16,1
DA:19,1
DA:20,1
DA:23,1
DA:25,1
DA:27,3
DA:28,3
DA:29,3
DA:32,2
DA:33,2
DA:36,12
DA:37,12
DA:38,2
DA:40,10
DA:43,8
DA:44,8
DA:47,124
DA:48,124
DA:49,124
DA:52,154
DA:53,154
DA:54,154
DA:55,37
DA:56,37
DA:59,117
DA:63,78
DA:65,78
DA:66,78
DA:67,78
DA:68,78
DA:69,204
DA:70,126
DA:71,10
DA:72,116
DA:73,116
DA:79,78
DA:80,3
LF:42
LH:42
end_of_record
TN:
SF:/home/user/Jobify/server/src/DatabaseWriteBatch.cpp
FN:13,_ZN18DatabaseWriteBatchC2EP8Database
FN:18,_ZN18DatabaseWriteBatchD2Ev
FN:18,_ZN18DatabaseWriteBatchD0Ev
FN:23,_ZN18DatabaseWriteBatch5EraseEP9DBElement
FN:29,_ZN18DatabaseWriteBatch3PutEP9DBElement
FNDA:119,_ZN18DatabaseWriteBatch3PutEP9DBElement
FNDA:81,_ZN18DatabaseWriteBatchC2EP8Database
FNDA:79,_ZN18DatabaseWriteBatchD0Ev
FNDA:10,_ZN18DatabaseWriteBatch5EraseEP9DBElement
FNDA:80,_ZN18DatabaseWriteBatchD2Ev
FNF:5
FNH:5
DA:13,81
DA:15,81
DA:16,81
DA:18,159
DA:21,159
DA:23,10
DA:24,10
DA:25,10
DA:26,10
DA:27,10
DA:29,119
DA:30,119
DA:31,119
DA:32,119
DA:33,119
LF:15
LH:15
end_of_record
TN:
SF:/home/user/Jobify/server/src/DatabaseWriteBatch.h
FN:35,_ZN18DatabaseWriteBatch7getKeysEv
FN:40,_ZN18DatabaseWriteBatch9getValuesEv
FN:45,_ZN18DatabaseWriteBatch13getOperationsEv
FNDA:82,_ZN18DatabaseWriteBatch7getKeysEv
FNDA:82,_ZN18DatabaseWriteBatch9getValuesEv
FNDA:82,_ZN18DatabaseWriteBatch13getOperationsEv
FNF:3
FNH:3
DA:35,82
DA:40,82
DA:45,82
LF:3
LH:3
end_of_record
TN:
SF:/home/user/Jobify/server/src/DefaultHandler.cpp
FN:4,_ZN14DefaultHandlerC2EP8DatabaseP18TokenAuthenticator
FN:9,_ZN14DefaultHandlerD0Ev
FN:9,_ZN14DefaultHandlerD2Ev
FN:14,_ZN14DefaultHandler11isMyRequestER11HttpRequest
FN:18,_ZN14DefaultHandler7_handleER11HttpRequest
FNDA:2,_ZN14DefaultHandlerD2Ev
FNDA:2,_ZN14DefaultHandler7_handleER11HttpRequest
FNDA:0,_ZN14DefaultHandlerD0Ev
FNDA:2,_ZN14DefaultHandler11isMyRequestER11HttpRequest
FNDA:2,_ZN14DefaultHandlerC2EP8DatabaseP18TokenAuthenticator
FNF:5
FNH:4
DA:4,2
DA:7,2
DA:9,2
DA:12,2
DA:14,2
DA:15,2
DA:18,2
DA:19,2
DA:20,2
DA:21,2
DA:22,2
LF:11
LH:11
end_of_record
TN:
SF:/home/user/Jobify/server/src/DisLikeHandler.cpp
FN:5,_ZN14DisLikeHandlerC2EP8DatabaseP18TokenAuthenticator
FN:10,_ZN14DisLikeHandlerD0Ev
FN:10,_ZN14DisLikeHandlerD2Ev
FN:15,_ZN14DisLikeHandler11isMyRequestER11HttpRequest
FN:29,_ZN14DisLikeHandler7_handleER11HttpRequest
FN:56,_Z41__static_initialization_and_destruction_0ii
FN:56,_GLOBAL__sub_I__ZN14DisLikeHandlerC2EP8DatabaseP18TokenAuthenticator
FNDA:1,_ZN14DisLikeHandlerD2Ev
FNDA:1,_ZN14DisLikeHandlerC2EP8DatabaseP18TokenAuthenticator
FNDA:1,_GLOBAL__sub_I__ZN14DisLikeHandlerC2EP8DatabaseP18TokenAuthenticator
FNDA:1,_ZN14DisLikeHandler11isMyRequestER11HttpRequest
FNDA:0,_ZN14DisLikeHandlerD0Ev
FNDA:1,_Z41__static_initialization_and_destruction_0ii
FNDA:1,_ZN14DisLikeHandler7_handleER11HttpRequest
FNF:7
FNH:6
DA:5,1
DA:8,1
DA:10,1
DA:13,1
DA:15,1
DA:17,1
DA:18,1
DA:19,3
DA:20,2
DA:21,3
DA:22,1
DA:23,1
DA:24,1
DA:26,0
DA:29,1
DA:30,1
DA:32,1
DA:33,2
DA:34,1
DA:35,1
DA:36,0
DA:37,0
DA:40,2
DA:41,1
DA:42,1
DA:43,0
DA:44,0
DA:46,2
DA:47,1
DA:48,1
DA:51,1
DA:52,0
DA:55,2
DA:56,3
LF:34
LH:28
end_of_record
TN:
SF:/home/user/Jobify/server/src/EventHandler.cpp
FN:5,_ZN12EventHandlerC2EP8Database
FN:10,_ZN12EventHandlerD2Ev
FN:10,_ZN12EventHandlerD0Ev
FN:15,_ZN12EventHandler6handleER11HttpRequest
FNDA:36,_ZN12EventHandlerC2EP8Database
FNDA:0,_ZN12EventHandlerD0Ev
FNDA:36,_ZN12EventHandlerD2Ev
FNDA:37,_ZN12EventHandler6handleER11HttpRequest
FNF:4
FNH:3
DA:5,36
DA:8,36
DA:10,36
DA:13,36
DA:15,37
DA:16,37
DA:17,37
DA:18,37
DA:19,32
DA:20,32
DA:22,5
LF:11
LH:11
end_of_record
TN:
SF:/home/user/Jobify/server/src/EventHandlerChecksAuthentication.cpp
FN:6,_ZN32EventHandlerChecksAuthenticationC2EP8DatabaseP18TokenAuthenticator
FN:11,_ZN32EventHandlerChecksAuthenticationD2Ev
FN:11,_ZN32EventHandlerChecksAuthenticationD0Ev
FN:16,_ZN32EventHandlerChecksAuthentication17_check_permissionER11HttpRequest
FNDA:10,_ZN32EventHandlerChecksAuthenticationC2EP8DatabaseP18TokenAuthenticator
FNDA:10,_ZN32EventHandlerChecksAuthenticationD2Ev
FNDA:10,_ZN32EventHandlerChecksAuthentication17_check_permissionER11HttpRequest
FNDA:0,_ZN32EventHandlerChecksAuthenticationD0Ev
FNF:4
FNH:3
DA:6,10
DA:9,10
DA:11,10
DA:14,10
DA:16,10
DA:17,10
DA:18,20
DA:19,10
DA:20,10
DA:21,10
DA:22,10
DA:24,10
DA:25,5
DA:27,5
DA:28,10
DA:29,10
LF:16
LH:16
end_of_record
TN:
SF:/home/user/Jobify/server/src/EventHandlerGrantsAuthentication.cpp
FN:4,_ZN32EventHandlerGrantsAuthenticationC2EP8DatabaseP18TokenAuthenticator
FN:9,_ZN32EventHandlerGrantsAuthenticationD0Ev
FN:9,_ZN32EventHandlerGrantsAuthenticationD2Ev
FN:14,_ZN32EventHandlerGrantsAuthentication17_check_permissionER11HttpRequest
FNDA:4,_ZN32EventHandlerGrantsAuthenticationC2EP8DatabaseP18TokenAuthenticator
FNDA:0,_ZN32EventHandlerGrantsAuthenticationD0Ev
FNDA:4,_ZN32EventHandlerGrantsAuthenticationD2Ev
FNDA:4,_ZN32EventHandlerGrantsAuthentication17_check_permissionER11HttpRequest
FNF:4
FNH:3
DA:4,4
DA:7,4
DA:9,4
DA:12,4
DA:14,4
DA:15,4
DA:17,4
LF:7
LH:7
end_of_record
TN:
SF:/home/user/Jobify/server/src/EventHandlerIgnoresAuthentication.cpp
FN:4,_ZN33EventHandlerIgnoresAuthenticationC2EP8DatabaseP18TokenAuthenticator
FN:9,_ZN33EventHandlerIgnoresAuthenticationD2Ev
FN:9,_ZN33EventHandlerIgnoresAuthenticationD0Ev
FN:14,_ZN33EventHandlerIgnoresAuthentication17_check_permissionER11HttpRequest
FNDA:17,_ZN33EventHandlerIgnoresAuthenticationC2EP8DatabaseP18TokenAuthenticator
FNDA:13,_ZN33EventHandlerIgnoresAuthentication17_check_permissionER11HttpRequest
FNDA:17,_ZN33EventHandlerIgnoresAuthenticationD2Ev
FNDA:0,_ZN33EventHandlerIgnoresAuthenticationD0Ev
FNF:4
FNH:3
DA:4,17
DA:7,17
DA:9,17
DA:12,17
DA:14,13
DA:15,13
DA:16,13
LF:7
LH:7
end_of_record
TN:
SF:/home/user/Jobify/server/src/EventHandlerRemovesAuthentication.cpp
FN:6,_ZN33EventHandlerRemovesAuthenticationC2EP8DatabaseP18TokenAuthenticator
FN:11,_ZN33EventHandlerRemovesAuthenticationD0Ev
FN:11,_ZN33EventHandlerRemovesAuthenticationD2Ev
FN:16,_ZN33EventHandlerRemovesAuthentication17_check_permissionER11HttpRequest
FNDA:5,_ZN33EventHandlerRemovesAuthenticationD2Ev
FNDA:0,_ZN33EventHandlerRemovesAuthenticationD0Ev
FNDA:5,_ZN33EventHandlerRemovesAuthentication17_check_permissionER11HttpRequest
FNDA:5,_ZN33EventHandlerRemovesAuthenticationC2EP8DatabaseP18TokenAuthenticator
FNF:4
FNH:3
DA:6,5
DA:9,5
DA:11,5
DA:14,5
DA:16,5
DA:17,5
DA:18,10
DA:19,5
DA:20,5
DA:21,5
DA:22,5
DA:24,5
DA:25,4
DA:27,1
DA:28,1
DA:29,5
DA:30,5
LF:17
LH:17
end_of_record
TN:
SF:/home/user/Jobify/server/src/FriendDeleteHandler.cpp
FN:5,_ZN19FriendDeleteHandlerC2EP8DatabaseP18TokenAuthenticator
FN:10,_ZN19FriendDeleteHandlerD0Ev
FN:10,_ZN19FriendDeleteHandlerD2Ev
FN:15,_ZN19FriendDeleteHandler11isMyRequestER11HttpRequest
FN:30,_ZN19FriendDeleteHandler7_handleER11HttpRequest
FNDA:1,_ZN19FriendDeleteHandlerD2Ev
FNDA:0,_ZN19FriendDeleteHandler7_handleER11HttpRequest
FNDA:1,_ZN19FriendDeleteHandlerC2EP8DatabaseP18TokenAuthenticator
FNDA:1,_ZN19FriendDeleteHandler11isMyRequestER11HttpRequest
FNDA:0,_ZN19FriendDeleteHandlerD0Ev
FNF:5
FNH:3
DA:5,1
DA:8,1
DA:10,1
DA:13,1
DA:15,1
DA:17,1
DA:18,1
DA:19,3
DA:20,1
DA:21,0
DA:22,1
DA:23,0
DA:24,0
DA:25,0
DA:27,1
DA:30,0
DA:31,0
DA:33,0
DA:34,0
DA:35,0
DA:36,0
DA:37,0
DA:38,0
DA:41,0
DA:42,0
DA:43,0
DA:44,0
DA:45,0
DA:47,0
DA:48,0
DA:49,0
DA:52,0
DA:53,0
DA:56,0
LF:34
LH:11
end_of_record
TN:
SF:/home/user/Jobify/server/src/GetChatHandler.cpp
FN:7,_ZN14GetChatHandlerC2EP8DatabaseP18TokenAuthenticator
FN:12,_ZN14GetChatHandler11isMyRequestER11HttpRequest
FN:26,_ZN14GetChatHandler7_handleER11HttpRequest
FN:56,_ZN14GetChatHandlerD0Ev
FN:56,_ZN14GetChatHandlerD2Ev
FN:59,_GLOBAL__sub_I__ZN14GetChatHandlerC2EP8DatabaseP18TokenAuthenticator
FN:59,_Z41__static_initialization_and_destruction_0ii
FNDA:1,_ZN14GetChatHandler7_handleER11HttpRequest
FNDA:1,_GLOBAL__sub_I__ZN14GetChatHandlerC2EP8DatabaseP18TokenAuthenticator
FNDA:1,_Z41__static_initialization_and_destruction_0ii
FNDA:1,_ZN14GetChatHandlerD2Ev
FNDA:1,_ZN14GetChatHandler11isMyRequestER11HttpRequest
FNDA:0,_ZN14GetChatHandlerD0Ev
FNDA:1,_ZN14GetChatHandlerC2EP8DatabaseP18TokenAuthenticator
FNF:7
FNH:6
DA:7,1
DA:10,1
DA:12,1
DA:15,1
DA:16,1
DA:17,3
DA:18,2
DA:19,1
DA:20,1
DA:21,1
DA:23,0
DA:26,1
DA:28,1
DA:29,1
DA:30,0
DA:31,1
DA:34,2
DA:35,1
DA:37,2
DA:38,1
DA:39,1
DA:40,1
DA:42,0
DA:43,0
DA:45,2
DA:47,1
DA:48,1
DA:49,0
DA:51,1
DA:52,1
DA:53,1
DA:56,1
DA:59,4
LF:33
LH:28
end_of_record
TN:
SF:/home/user/Jobify/server/src/HandlerManager.cpp
FN:29,_ZN14HandlerManagerC2ESsbb
FN:62,_ZN14HandlerManagerD0Ev
FN:62,_ZN14HandlerManagerD2Ev
FN:88,_ZN14HandlerManager6handleER11HttpRequest
FN:95,_Z41__static_initialization_and_destruction_0ii
FN:95,_GLOBAL__sub_I__ZN14HandlerManagerC2ESsbb
FNDA:0,_ZN14HandlerManager6handleER11HttpRequest
FNDA:0,_Z41__static_initialization_and_destruction_0ii
FNDA:0,_GLOBAL__sub_I__ZN14HandlerManagerC2ESsbb
FNDA:0,_ZN14HandlerManagerD0Ev
FNDA:0,_ZN14HandlerManagerD2Ev
FNDA:0,_ZN14HandlerManagerC2ESsbb
FNF:6
FNH:0
DA:29,0
DA:31,0
DA:32,0
DA:33,0
DA:35,0
DA:38,0
DA:39,0
DA:40,0
DA:41,0
DA:42,0
DA:43,0
DA:44,0
DA:45,0
DA:46,0
DA:47,0
DA:48,0
DA:49,0
DA:50,0
DA:51,0
DA:52,0
DA:53,0
DA:54,0
DA:55,0
DA:56,0
DA:57,0
DA:58,0
DA:59,0
DA:60,0
DA:62,0
DA:64,0
DA:65,0
DA:66,0
DA:67,0
DA:69,0
DA:88,0
DA:89,0
DA:90,0
DA:91,0
DA:93,0
DA:95,0
LF:40
LH:0
end_of_record
TN:
SF:/home/user/Jobify/server/src/HerokuComHandler.cpp
FN:3,_ZN16HerokuComHandlerC2Ev
FN:8,_ZN16HerokuComHandlerD0Ev
FN:8,_ZN16HerokuComHandlerD2Ev
FN:15,_ZN16HerokuComHandler10write_dataEPcmmP8url_data
FN:40,_ZN16HerokuComHandler18matiMethodComebackEPcmmP8url_dataPv
FN:138,_ZN16HerokuComHandler3GETEPc
FNDA:0,_ZN16HerokuComHandlerD0Ev
FNDA:2,_ZN16HerokuComHandlerD2Ev
FNDA:2,_ZN16HerokuComHandler18matiMethodComebackEPcmmP8url_dataPv
FNDA:2,_ZN16HerokuComHandlerC2Ev
FNDA:2,_ZN16HerokuComHandler10write_dataEPcmmP8url_data
FNDA:2,_ZN16HerokuComHandler3GETEPc
FNF:6
FNH:5
DA:3,2
DA:6,2
DA:8,2
DA:11,2
DA:15,2
DA:16,2
DA:17,2
DA:20,2
DA:22,2
DA:24,2
DA:25,2
DA:27,0
DA:28,0
DA:30,0
DA:31,0
DA:34,2
DA:35,2
DA:37,2
DA:40,2
DA:42,2
DA:138,2
DA:140,2
DA:145,2
DA:146,2
DA:147,2
DA:148,0
DA:149,0
DA:152,2
DA:156,2
DA:157,2
DA:158,2
DA:159,2
DA:160,2
DA:161,2
DA:162,2
DA:164,0
DA:167,2
DA:170,2
LF:38
LH:31
end_of_record
TN:
SF:/home/user/Jobify/server/src/HttpRequest.cpp
FN:7,_ZN11HttpRequestC2Ev
FN:12,_ZN11HttpRequestD0Ev
FN:12,_ZN11HttpRequestD2Ev
FNDA:51,_ZN11HttpRequestC2Ev
FNDA:43,_ZN11HttpRequestD2Ev
FNDA:0,_ZN11HttpRequestD0Ev
FNF:3
FNH:2
DA:7,51
DA:10,51
DA:12,43
DA:15,43
LF:4
LH:4
end_of_record
TN:
SF:/home/user/Jobify/server/src/HttpRequestConcrete.cpp
FN:12,_Z10new_mg_strSsP6mg_str
FN:25,_Z13delete_mg_strP6mg_str
FN:33,_Z16new_http_messageSsSsSsPSt6vectorISsSaISsEES2_Ss
FN:52,_Z19delete_http_messageP12http_message
FN:58,_ZN19HttpRequestConcreteC2Ev
FN:63,_ZN19HttpRequestConcrete4initEP13mg_connectionP12http_message
FN:78,_ZN19HttpRequestConcreteD2Ev
FN:78,_ZN19HttpRequestConcreteD0Ev
FN:89,_ZN19HttpRequestConcrete11setResponseEN7leveldb6StatusESs
FN:125,_ZN19HttpRequestConcrete12getConnTokenEv
FN:129,_ZN19HttpRequestConcrete14getHeaderValueESs
FN:152,_ZN19HttpRequestConcrete13getQueryCampoESs
FN:193,_ZN19HttpRequestConcrete8getCampoESs
FN:205,_ZN19HttpRequestConcrete15getCampoDeArrayESsi
FN:218,_ZN19HttpRequestConcrete6getUriEv
FN:227,_ZN19HttpRequestConcrete12getUriParsedEPSt6vectorISsSaISsEE
FN:244,_ZN19HttpRequestConcrete14addValueToBodyESsSs
FN:250,_ZN19HttpRequestConcrete13getStatusCodeEv
FN:254,_ZN19HttpRequestConcrete16getUriCantCamposEv
FN:260,_ZN19HttpRequestConcrete19getUriParsedByIndexEi
FN:307,_ZN19HttpRequestConcrete11getUsernameEv
FN:311,_ZN19HttpRequestConcrete25getUriStringParsedByIndexEi
FN:322,_ZN19HttpRequestConcrete10getUriTypeEv
FN:330,_ZN19HttpRequestConcrete9getMethodEv
FN:347,_GLOBAL__sub_I__Z10new_mg_strSsP6mg_str
FN:347,_Z41__static_initialization_and_destruction_0ii
FNDA:46,_Z19delete_http_messageP12http_message
FNDA:46,_ZN19HttpRequestConcrete4initEP13mg_connectionP12http_message
FNDA:0,_Z13delete_mg_strP6mg_str
FNDA:11,_ZN19HttpRequestConcrete14getHeaderValueESs
FNDA:34,_ZN19HttpRequestConcrete13getStatusCodeEv
FNDA:1,_GLOBAL__sub_I__Z10new_mg_strSsP6mg_str
FNDA:17,_ZN19HttpRequestConcrete8getCampoESs
FNDA:23,_ZN19HttpRequestConcrete11getUsernameEv
FNDA:0,_ZN19HttpRequestConcreteD0Ev
FNDA:51,_ZN19HttpRequestConcreteC2Ev
FNDA:104,_ZN19HttpRequestConcrete12getUriParsedEPSt6vectorISsSaISsEE
FNDA:43,_ZN19HttpRequestConcreteD2Ev
FNDA:46,_Z16new_http_messageSsSsSsPSt6vectorISsSaISsEES2_Ss
FNDA:20,_ZN19HttpRequestConcrete10getUriTypeEv
FNDA:38,_ZN19HttpRequestConcrete19getUriParsedByIndexEi
FNDA:39,_ZN19HttpRequestConcrete25getUriStringParsedByIndexEi
FNDA:10,_ZN19HttpRequestConcrete12getConnTokenEv
FNDA:2,_ZN19HttpRequestConcrete15getCampoDeArrayESsi
FNDA:1,_Z41__static_initialization_and_destruction_0ii
FNDA:0,_ZN19HttpRequestConcrete13getQueryCampoESs
FNDA:23,_ZN19HttpRequestConcrete9getMethodEv
FNDA:280,_Z10new_mg_strSsP6mg_str
FNDA:26,_ZN19HttpRequestConcrete16getUriCantCamposEv
FNDA:125,_ZN19HttpRequestConcrete6getUriEv
FNDA:3,_ZN19HttpRequestConcrete14addValueToBodyESsSs
FNDA:36,_ZN19HttpRequestConcrete11setResponseEN7leveldb6StatusESs
FNF:26
FNH:23
DA:12,280
DA:13,280
DA:14,0
DA:15,280
DA:16,2212
DA:17,1932
DA:19,280
DA:20,280
DA:22,280
DA:25,0
DA:26,0
DA:27,0
DA:28,0
DA:29,0
DA:31,0
DA:33,46
DA:34,46
DA:36,46
DA:37,46
DA:38,46
DA:39,46
DA:40,46
DA:42,46
DA:43,50
DA:44,25
DA:45,25
DA:49,46
DA:52,46
DA:53,46
DA:54,46
DA:56,46
DA:58,51
DA:61,51
DA:63,46
DA:65,46
DA:66,46
DA:68,46
DA:69,46
DA:71,46
DA:72,46
DA:74,92
DA:75,92
DA:76,46
DA:78,43
DA:81,43
DA:89,36
DA:91,36
DA:92,36
DA:94,36
DA:95,15
DA:96,15
DA:97,21
DA:98,7
DA:99,7
DA:100,14
DA:101,6
DA:102,6
DA:105,36
DA:106,19
DA:107,195
DA:108,193
DA:109,17
DA:110,17
DA:115,36
DA:116,26
DA:117,26
DA:118,26
DA:119,26
DA:121,10
DA:123,36
DA:125,10
DA:126,10
DA:129,11
DA:130,11
DA:131,11
DA:132,11
DA:133,11
DA:134,11
DA:135,11
DA:136,11
DA:138,0
DA:139,11
DA:140,0
DA:142,11
DA:144,11
DA:145,11
DA:147,11
DA:149,11
DA:152,0
DA:153,0
DA:154,0
DA:156,0
DA:158,0
DA:159,0
DA:161,0
DA:162,0
DA:164,0
DA:165,0
DA:167,0
DA:168,0
DA:170,0
DA:171,0
DA:175,0
DA:176,0
DA:180,0
DA:181,0
DA:184,0
DA:185,0
DA:187,0
DA:188,0
DA:190,0
DA:193,17
DA:194,17
DA:195,34
DA:196,17
DA:198,17
DA:201,34
DA:205,2
DA:206,2
DA:207,4
DA:208,4
DA:209,2
DA:210,0
DA:213,4
DA:214,4
DA:218,125
DA:219,125
DA:220,125
DA:221,125
DA:222,125
DA:224,125
DA:227,104
DA:228,104
DA:229,208
DA:230,104
DA:232,208
DA:233,208
DA:234,549
DA:235,341
DA:236,341
DA:237,96
DA:239,245
DA:240,245
DA:241,104
DA:242,104
DA:244,3
DA:245,3
DA:246,3
DA:247,3
DA:250,34
DA:251,34
DA:254,26
DA:255,26
DA:256,26
DA:257,26
DA:260,38
DA:261,38
DA:262,38
DA:263,38
DA:264,0
DA:266,76
DA:268,38
DA:270,38
DA:272,38
DA:273,12
DA:274,26
DA:275,6
DA:276,20
DA:277,0
DA:278,20
DA:279,1
DA:280,19
DA:281,0
DA:282,19
DA:283,1
DA:284,18
DA:285,0
DA:286,18
DA:287,2
DA:288,16
DA:289,1
DA:290,15
DA:291,2
DA:292,13
DA:293,4
DA:294,9
DA:295,2
DA:296,7
DA:297,2
DA:298,5
DA:299,1
DA:300,4
DA:301,2
DA:303,2
DA:304,38
DA:307,23
DA:308,23
DA:311,39
DA:312,39
DA:313,39
DA:315,39
DA:316,0
DA:318,78
DA:319,78
DA:322,20
DA:323,20
DA:324,20
DA:325,6
DA:327,14
DA:330,23
DA:331,23
DA:332,23
DA:333,23
DA:334,23
DA:336,23
DA:337,7
DA:338,16
DA:339,9
DA:340,7
DA:341,2
DA:342,5
DA:343,5
DA:345,0
DA:346,23
DA:347,3
LF:225
LH:186
end_of_record
TN:
SF:/home/user/Jobify/server/src/HttpRequestConcrete.h
FN:50,_ZN19HttpRequestConcrete11getResponseEv
FNDA:7,_ZN19HttpRequestConcrete11getResponseEv
FNF:1
FNH:1
DA:50,7
LF:1
LH:1
end_of_record
TN:
SF:/home/user/Jobify/server/src/JobGetHandler.cpp
FN:12,_ZN13JobGetHandlerC2EP8DatabaseP18TokenAuthenticator
FN:17,_ZN13JobGetHandlerD2Ev
FN:17,_ZN13JobGetHandlerD0Ev
FN:22,_ZN13JobGetHandler11isMyRequestER11HttpRequest
FN:36,_ZN13JobGetHandler7_handleER11HttpRequest
FN:96,_Z41__static_initialization_and_destruction_0ii
FN:96,_GLOBAL__sub_I__ZN13JobGetHandlerC2EP8DatabaseP18TokenAuthenticator
FNDA:0,_ZN13JobGetHandlerD0Ev
FNDA:1,_GLOBAL__sub_I__ZN13JobGetHandlerC2EP8DatabaseP18TokenAuthenticator
FNDA:2,_ZN13JobGetHandlerC2EP8DatabaseP18TokenAuthenticator
FNDA:1,_Z41__static_initialization_and_destruction_0ii
FNDA:1,_ZN13JobGetHandler7_handleER11HttpRequest
FNDA:2,_ZN13JobGetHandler11isMyRequestER11HttpRequest
FNDA:2,_ZN13JobGetHandlerD2Ev
FNF:7
FNH:6
DA:12,2
DA:15,2
DA:17,2
DA:20,2
DA:22,2
DA:24,2
DA:25,2
DA:26,6
DA:27,4
DA:28,5
DA:29,1
DA:30,1
DA:31,1
DA:33,1
DA:36,1
DA:37,1
DA:39,1
DA:41,0
DA:43,0
DA:46,0
DA:47,0
DA:52,0
DA:53,0
DA:56,0
DA:59,0
DA:60,0
DA:61,0
DA:63,2
DA:65,1
DA:66,1
DA:67,1
DA:68,0
DA:69,0
DA:72,2
DA:74,2
DA:76,1
DA:77,1
DA:78,1
DA:82,1
DA:83,1
DA:86,1
DA:90,1
DA:91,0
DA:92,0
DA:94,2
DA:95,2
DA:96,3
LF:47
LH:33
end_of_record
TN:
SF:/home/user/Jobify/server/src/JsonSerializer.cpp
FN:5,_ZN14JsonSerializerC2Ev
FN:10,_ZN14JsonSerializerD0Ev
FN:10,_ZN14JsonSerializerD2Ev
FN:15,_ZN14JsonSerializer3getEN4Json5ValueESsSsRS1_RSs
FN:27,_ZN14JsonSerializer3getEN4Json5ValueEiSsRS1_RSs
FN:38,_ZN14JsonSerializer21removeBegAndEndQuotesESs
FN:50,_ZN14JsonSerializer22turnObjectListToObjectERSs
FN:54,_ZN14JsonSerializer22turnObjectListToObjectERSsSs
FN:73,_ZN14JsonSerializer20turnArrayListToArrayERSsSs
FN:92,_ZN14JsonSerializer20turnArrayListToArrayERSs
FN:96,_ZN14JsonSerializer20addValueToObjectListERSsSsSs
FN:115,_ZN14JsonSerializer16addValueToObjectERSsSsSs
FN:126,_ZN14JsonSerializer19addValueToArrayListERSsSs
FN:140,_ZN14JsonSerializer22addArrayOrObjectToListERSsSsSs
FN:157,_ZN14JsonSerializer17joinValueIntoListERSsSs
FN:167,_ZN14JsonSerializer17turnVectorToArrayERSt6vectorISsSaISsEESsRSs
FN:176,_ZN14JsonSerializer23turnPairsVectorToObjectERSt6vectorISt4pairISsSsESaIS2_EESsRSs
FN:185,_ZN14JsonSerializer12turnMapToObjERSt13unordered_mapISsSsSt4hashISsESt8equal_toISsESaISt4pairIKSsSsEEESsRSs
FN:194,_ZN14JsonSerializer15addNumberToListERSsSsi
FN:211,_ZN14JsonSerializer13addBoolToListERSsSsb
FNDA:0,_ZN14JsonSerializerD0Ev
FNDA:114,_ZN14JsonSerializer22turnObjectListToObjectERSs
FNDA:3,_ZN14JsonSerializer16addValueToObjectERSsSsSs
FNDA:0,_ZN14JsonSerializer15addNumberToListERSsSsi
FNDA:821,_ZN14JsonSerializer17joinValueIntoListERSsSs
FNDA:232,_ZN14JsonSerializer20turnArrayListToArrayERSsSs
FNDA:208,_ZN14JsonSerializer21removeBegAndEndQuotesESs
FNDA:0,_ZN14JsonSerializer23turnPairsVectorToObjectERSt6vectorISt4pairISsSsESaIS2_EESsRSs
FNDA:115,_ZN14JsonSerializerC2Ev
FNDA:0,_ZN14JsonSerializer22addArrayOrObjectToListERSsSsSs
FNDA:114,_ZN14JsonSerializer22turnObjectListToObjectERSsSs
FNDA:0,_ZN14JsonSerializer12turnMapToObjERSt13unordered_mapISsSsSt4hashISsESt8equal_toISsESaISt4pairIKSsSsEEESsRSs
FNDA:115,_ZN14JsonSerializerD2Ev
FNDA:643,_ZN14JsonSerializer20addValueToObjectListERSsSsSs
FNDA:10,_ZN14JsonSerializer3getEN4Json5ValueEiSsRS1_RSs
FNDA:25,_ZN14JsonSerializer3getEN4Json5ValueESsSsRS1_RSs
FNDA:13,_ZN14JsonSerializer19addValueToArrayListERSsSs
FNDA:231,_ZN14JsonSerializer17turnVectorToArrayERSt6vectorISsSaISsEESsRSs
FNDA:0,_ZN14JsonSerializer13addBoolToListERSsSsb
FNDA:0,_ZN14JsonSerializer20turnArrayListToArrayERSs
FNF:20
FNH:13
DA:5,115
DA:8,115
DA:10,115
DA:13,115
DA:15,25
DA:16,25
DA:17,25
DA:18,17
DA:19,17
DA:20,15
DA:22,2
DA:24,17
DA:27,10
DA:28,10
DA:29,10
DA:30,10
DA:31,10
DA:33,0
DA:35,10
DA:38,208
DA:39,208
DA:40,208
DA:41,208
DA:43,0
DA:46,0
DA:50,114
DA:51,114
DA:52,114
DA:54,114
DA:55,114
DA:56,114
DA:57,0
DA:58,0
DA:59,0
DA:61,0
DA:64,114
DA:68,114
DA:69,114
DA:70,114
DA:71,114
DA:73,232
DA:74,232
DA:75,232
DA:76,232
DA:77,232
DA:78,232
DA:80,232
DA:83,232
DA:87,232
DA:88,232
DA:89,232
DA:90,232
DA:92,0
DA:93,0
DA:94,0
DA:96,643
DA:97,643
DA:99,643
DA:100,20
DA:103,643
DA:104,643
DA:105,643
DA:107,643
DA:108,643
DA:109,643
DA:110,643
DA:112,643
DA:113,643
DA:115,3
DA:116,3
DA:117,3
DA:118,3
DA:122,3
DA:123,3
DA:124,3
DA:126,13
DA:127,13
DA:129,13
DA:130,6
DA:133,13
DA:134,13
DA:135,13
DA:137,13
DA:138,13
DA:140,0
DA:141,0
DA:143,0
DA:144,0
DA:148,0
DA:149,0
DA:150,0
DA:151,0
DA:152,0
DA:154,0
DA:155,0
DA:157,821
DA:158,821
DA:159,821
DA:160,742
DA:163,821
DA:164,821
DA:165,821
DA:167,231
DA:168,231
DA:169,240
DA:170,9
DA:172,231
DA:173,231
DA:174,231
DA:176,0
DA:177,0
DA:178,0
DA:179,0
DA:181,0
DA:182,0
DA:183,0
DA:185,0
DA:186,0
DA:187,0
DA:188,0
DA:190,0
DA:191,0
DA:192,0
DA:194,0
DA:195,0
DA:197,0
DA:198,0
DA:201,0
DA:202,0
DA:203,0
DA:205,0
DA:206,0
DA:208,0
DA:209,0
DA:211,0
DA:212,0
DA:214,0
DA:215,0
DA:218,0
DA:219,0
DA:220,0
DA:222,0
DA:223,0
DA:224,0
DA:226,0
DA:229,0
DA:230,0
LF:147
LH:88
end_of_record
TN:
SF:/home/user/Jobify/server/src/LikeHandler.cpp
FN:5,_ZN11LikeHandlerC2EP8DatabaseP18TokenAuthenticator
FN:10,_ZN11LikeHandlerD0Ev
FN:10,_ZN11LikeHandlerD2Ev
FN:15,_ZN11LikeHandler11isMyRequestER11HttpRequest
FN:29,_ZN11LikeHandler7_handleER11HttpRequest
FNDA:1,_ZN11LikeHandler7_handleER11HttpRequest
FNDA:0,_ZN11LikeHandlerD0Ev
FNDA:1,_ZN11LikeHandler11isMyRequestER11HttpRequest
FNDA:1,_ZN11LikeHandlerD2Ev
FNDA:1,_ZN11LikeHandlerC2EP8DatabaseP18TokenAuthenticator
FNF:5
FNH:4
DA:5,1
DA:8,1
DA:10,1
DA:13,1
DA:15,1
DA:17,1
DA:18,1
DA:19,3
DA:20,2
DA:21,3
DA:22,1
DA:23,1
DA:24,1
DA:26,0
DA:29,1
DA:30,1
DA:32,1
DA:33,2
DA:34,1
DA:35,1
DA:36,0
DA:37,0
DA:40,2
DA:41,1
DA:42,1
DA:43,0
DA:44,0
DA:46,2
DA:47,1
DA:48,1
DA:52,1
DA:53,0
DA:56,2
LF:33
LH:27
end_of_record
TN:
SF:/home/user/Jobify/server/src/LogInHandler.cpp
FN:8,_ZN12LogInHandlerC2EP8DatabaseP18TokenAuthenticator
FN:13,_ZN12LogInHandlerD0Ev
FN:13,_ZN12LogInHandlerD2Ev
FN:17,_ZN12LogInHandler11isMyRequestER11HttpRequest
FN:31,_ZN12LogInHandler7_handleER11HttpRequest
FN:65,_Z41__static_initialization_and_destruction_0ii
FN:65,_GLOBAL__sub_I__ZN12LogInHandlerC2EP8DatabaseP18TokenAuthenticator
FNDA:3,_ZN12LogInHandler7_handleER11HttpRequest
FNDA:3,_ZN12LogInHandlerD2Ev
FNDA:3,_ZN12LogInHandlerC2EP8DatabaseP18TokenAuthenticator
FNDA:3,_ZN12LogInHandler11isMyRequestER11HttpRequest
FNDA:1,_GLOBAL__sub_I__ZN12LogInHandlerC2EP8DatabaseP18TokenAuthenticator
FNDA:0,_ZN12LogInHandlerD0Ev
FNDA:1,_Z41__static_initialization_and_destruction_0ii
FNF:7
FNH:6
DA:8,3
DA:11,3
DA:13,3
DA:15,3
DA:17,3
DA:19,3
DA:20,3
DA:21,9
DA:22,6
DA:23,9
DA:24,3
DA:25,3
DA:26,3
DA:28,0
DA:31,3
DA:32,3
DA:33,3
DA:34,6
DA:35,3
DA:36,3
DA:37,0
DA:38,0
DA:40,6
DA:41,3
DA:43,3
DA:44,3
DA:45,1
DA:48,6
DA:49,3
DA:50,3
DA:51,0
DA:53,3
DA:54,3
DA:56,3
DA:57,1
DA:58,1
DA:59,1
DA:60,1
DA:62,2
DA:63,2
DA:64,3
DA:65,3
LF:42
LH:38
end_of_record
TN:
SF:/home/user/Jobify/server/src/LogOutHandler.cpp
FN:6,_ZN13LogOutHandlerC2EP8DatabaseP18TokenAuthenticator
FN:11,_ZN13LogOutHandlerD2Ev
FN:11,_ZN13LogOutHandlerD0Ev
FN:16,_ZN13LogOutHandler11isMyRequestER11HttpRequest
FN:30,_ZN13LogOutHandler7_handleER11HttpRequest
FNDA:2,_ZN13LogOutHandler11isMyRequestER11HttpRequest
FNDA:2,_ZN13LogOutHandlerD2Ev
FNDA:2,_ZN13LogOutHandlerC2EP8DatabaseP18TokenAuthenticator
FNDA:0,_ZN13LogOutHandlerD0Ev
FNDA:1,_ZN13LogOutHandler7_handleER11HttpRequest
FNF:5
FNH:4
DA:6,2
DA:9,2
DA:11,2
DA:14,2
DA:16,2
DA:18,2
DA:19,2
DA:20,6
DA:21,4
DA:22,6
DA:23,2
DA:24,2
DA:25,2
DA:27,0
DA:30,1
DA:31,1
DA:33,2
DA:34,1
DA:35,1
DA:36,1
DA:37,1
DA:38,0
DA:40,2
DA:41,1
LF:24
LH:22
end_of_record
TN:
SF:/home/user/Jobify/server/src/Logger.cpp
FN:7,_ZN13Server_LoggerC2Ev
FN:21,_ZN13Server_LoggerD2Ev
FN:21,_ZN13Server_LoggerD0Ev
FN:28,_ZN13Server_Logger9timestampEv
FN:42,_ZN13Server_Logger3LogESs7Logmode
FN:50,_ZN13Server_Logger11getInstanceEv
FNDA:2251,_ZN13Server_Logger3LogESs7Logmode
FNDA:1,_ZN13Server_Logger9timestampEv
FNDA:0,_ZN13Server_LoggerD2Ev
FNDA:1154,_ZN13Server_Logger11getInstanceEv
FNDA:1,_ZN13Server_LoggerC2Ev
FNDA:0,_ZN13Server_LoggerD0Ev
FNF:6
FNH:4
DA:7,1
DA:9,1
DA:10,1
DA:11,1
DA:12,1
DA:13,1
DA:14,1
DA:15,1
DA:16,1
DA:17,1
DA:18,1
DA:19,1
DA:21,0
DA:23,0
DA:24,0
DA:25,0
DA:26,0
DA:28,1
DA:33,1
DA:34,1
DA:36,1
DA:37,1
DA:39,1
DA:42,2251
DA:43,2251
DA:44,2173
DA:45,2173
DA:46,2173
DA:48,2251
DA:50,1154
DA:51,1154
DA:52,1
DA:54,1154
LF:33
LH:28
end_of_record
TN:
SF:/home/user/Jobify/server/src/PostChatHandler.cpp
FN:6,_ZN15PostChatHandlerC2EP8DatabaseP18TokenAuthenticator
FN:11,_ZN15PostChatHandler11isMyRequestER11HttpRequest
FN:25,_ZN15PostChatHandler7_handleER11HttpRequest
FN:59,_ZN15PostChatHandlerD2Ev
FN:59,_ZN15PostChatHandlerD0Ev
FN:62,_Z41__static_initialization_and_destruction_0ii
FN:62,_GLOBAL__sub_I__ZN15PostChatHandlerC2EP8DatabaseP18TokenAuthenticator
FNDA:1,_Z41__static_initialization_and_destruction_0ii
FNDA:1,_ZN15PostChatHandlerC2EP8DatabaseP18TokenAuthenticator
FNDA:1,_GLOBAL__sub_I__ZN15PostChatHandlerC2EP8DatabaseP18TokenAuthenticator
FNDA:0,_ZN15PostChatHandlerD0Ev
FNDA:1,_ZN15PostChatHandler7_handleER11HttpRequest
FNDA:1,_ZN15PostChatHandlerD2Ev
FNDA:1,_ZN15PostChatHandler11isMyRequestER11HttpRequest
FNF:7
FNH:6
DA:6,1
DA:9,1
DA:11,1
DA:14,1
DA:15,1
DA:16,3
DA:17,2
DA:18,1
DA:19,1
DA:20,1
DA:22,0
DA:25,1
DA:27,1
DA:28,1
DA:29,0
DA:30,1
DA:33,2
DA:34,1
DA:36,2
DA:39,1
DA:41,2
DA:42,2
DA:43,2
DA:45,1
DA:50,1
DA:51,1
DA:52,0
DA:54,1
DA:55,1
DA:56,1
DA:59,1
DA:62,4
LF:32
LH:29
end_of_record
TN:
SF:/home/user/Jobify/server/src/RespondFriendRequestHandler.cpp
FN:8,_ZN27RespondFriendRequestHandlerC2EP8DatabaseP18TokenAuthenticator
FN:13,_ZN27RespondFriendRequestHandlerD2Ev
FN:13,_ZN27RespondFriendRequestHandlerD0Ev
FN:18,_ZN27RespondFriendRequestHandler11isMyRequestER11HttpRequest
FN:33,_ZN27RespondFriendRequestHandler7_handleER11HttpRequest
FN:83,_GLOBAL__sub_I__ZN27RespondFriendRequestHandlerC2EP8DatabaseP18TokenAuthenticator
FN:83,_Z41__static_initialization_and_destruction_0ii
FNDA:1,_ZN27RespondFriendRequestHandler11isMyRequestER11HttpRequest
FNDA:1,_ZN27RespondFriendRequestHandler7_handleER11HttpRequest
FNDA:1,_GLOBAL__sub_I__ZN27RespondFriendRequestHandlerC2EP8DatabaseP18TokenAuthenticator
FNDA:1,_ZN27RespondFriendRequestHandlerC2EP8DatabaseP18TokenAuthenticator
FNDA:1,_ZN27RespondFriendRequestHandlerD2Ev
FNDA:1,_Z41__static_initialization_and_destruction_0ii
FNDA:0,_ZN27RespondFriendRequestHandlerD0Ev
FNF:7
FNH:6
DA:8,1
DA:11,1
DA:13,1
DA:16,1
DA:18,1
DA:20,1
DA:21,1
DA:22,3
DA:23,2
DA:24,2
DA:25,3
DA:26,1
DA:27,1
DA:28,1
DA:30,0
DA:33,1
DA:34,1
DA:36,1
DA:37,2
DA:38,1
DA:39,1
DA:40,0
DA:41,0
DA:44,2
DA:45,2
DA:48,2
DA:49,1
DA:50,1
DA:51,0
DA:52,0
DA:55,2
DA:56,1
DA:58,2
DA:59,1
DA:60,1
DA:61,0
DA:64,0
DA:65,0
DA:66,0
DA:67,0
DA:69,0
DA:70,0
DA:72,0
DA:74,1
DA:78,1
DA:79,1
DA:81,0
DA:82,1
DA:83,3
LF:49
LH:35
end_of_record
TN:
SF:/home/user/Jobify/server/src/SendFriendRequestHandler.cpp
FN:6,_ZN24SendFriendRequestHandlerC2EP8DatabaseP18TokenAuthenticator
FN:11,_ZN24SendFriendRequestHandlerD2Ev
FN:11,_ZN24SendFriendRequestHandlerD0Ev
FN:16,_ZN24SendFriendRequestHandler11isMyRequestER11HttpRequest
FN:31,_ZN24SendFriendRequestHandler7_handleER11HttpRequest
FNDA:1,_ZN24SendFriendRequestHandlerD2Ev
FNDA:1,_ZN24SendFriendRequestHandler11isMyRequestER11HttpRequest
FNDA:0,_ZN24SendFriendRequestHandlerD0Ev
FNDA:0,_ZN24SendFriendRequestHandler7_handleER11HttpRequest
FNDA:1,_ZN24SendFriendRequestHandlerC2EP8DatabaseP18TokenAuthenticator
FNF:5
FNH:3
DA:6,1
DA:9,1
DA:11,1
DA:14,1
DA:16,1
DA:18,1
DA:19,1
DA:20,3
DA:21,2
DA:22,2
DA:23,3
DA:24,1
DA:25,1
DA:26,1
DA:28,0
DA:31,0
DA:32,0
DA:34,0
DA:35,0
DA:36,0
DA:37,0
DA:38,0
DA:39,0
DA:42,0
DA:43,0
DA:44,0
DA:45,0
DA:46,0
DA:49,0
DA:50,0
DA:52,0
DA:53,0
DA:56,0
DA:57,0
DA:59,0
DA:60,0
LF:36
LH:14
end_of_record
TN:
SF:/home/user/Jobify/server/src/Server.cpp
FN:7,_ZN6ServerC2ESsbb
FN:16,_ZN6ServerD2Ev
FN:16,_ZN6ServerD0Ev
FN:23,_ZN6Server4pollEv
FN:27,_ZN6Server4stopEv
FN:32,_ZN6Server25createListeningConnectionEPKc
FN:46,_ZN6Server13staticHandlerEP13mg_connectioniPv
FN:51,_ZN6Server7handlerEP13mg_connectioniPv
FN:74,_GLOBAL__sub_I__ZN6Server11open_serverE
FN:74,_Z41__static_initialization_and_destruction_0ii
FNDA:0,_GLOBAL__sub_I__ZN6Server11open_serverE
FNDA:0,_ZN6ServerD2Ev
FNDA:0,_Z41__static_initialization_and_destruction_0ii
FNDA:0,_ZN6Server4stopEv
FNDA:0,_ZN6Server7handlerEP13mg_connectioniPv
FNDA:0,_ZN6Server13staticHandlerEP13mg_connectioniPv
FNDA:0,_ZN6ServerD0Ev
FNDA:0,_ZN6ServerC2ESsbb
FNDA:0,_ZN6Server25createListeningConnectionEPKc
FNDA:0,_ZN6Server4pollEv
FNF:10
FNH:0
DA:7,0
DA:10,0
DA:11,0
DA:12,0
DA:13,0
DA:14,0
DA:16,0
DA:18,0
DA:19,0
DA:21,0
DA:23,0
DA:24,0
DA:25,0
DA:27,0
DA:28,0
DA:29,0
DA:30,0
DA:32,0
DA:34,0
DA:35,0
DA:36,0
DA:38,0
DA:39,0
DA:40,0
DA:42,0
DA:46,0
DA:47,0
DA:48,0
DA:49,0
DA:51,0
DA:53,0
DA:54,0
DA:56,0
DA:58,0
DA:60,0
DA:61,0
DA:63,0
DA:67,0
DA:68,0
DA:69,0
DA:70,0
DA:72,0
DA:73,0
DA:74,0
LF:44
LH:0
end_of_record
TN:
SF:/home/user/Jobify/server/src/SignUpHandler.cpp
FN:9,_ZN13SignUpHandlerC2EP8DatabaseP18TokenAuthenticator
FN:14,_ZN13SignUpHandlerD2Ev
FN:14,_ZN13SignUpHandlerD0Ev
FN:18,_ZN13SignUpHandler11isMyRequestER11HttpRequest
FN:32,_ZN13SignUpHandler7_handleER11HttpRequest
FN:72,_Z41__static_initialization_and_destruction_0ii
FN:72,_GLOBAL__sub_I__ZN13SignUpHandlerC2EP8DatabaseP18TokenAuthenticator
FNDA:1,_Z41__static_initialization_and_destruction_0ii
FNDA:1,_ZN13SignUpHandlerC2EP8DatabaseP18TokenAuthenticator
FNDA:1,_ZN13SignUpHandler7_handleER11HttpRequest
FNDA:1,_ZN13SignUpHandler11isMyRequestER11HttpRequest
FNDA:1,_ZN13SignUpHandlerD2Ev
FNDA:1,_GLOBAL__sub_I__ZN13SignUpHandlerC2EP8DatabaseP18TokenAuthenticator
FNDA:0,_ZN13SignUpHandlerD0Ev
FNF:7
FNH:6
DA:9,1
DA:12,1
DA:14,1
DA:16,1
DA:18,1
DA:20,1
DA:21,1
DA:22,3
DA:23,2
DA:24,3
DA:25,1
DA:26,1
DA:27,1
DA:29,0
DA:32,1
DA:33,1
DA:35,1
DA:36,1
DA:37,2
DA:38,1
DA:39,1
DA:40,0
DA:41,0
DA:43,2
DA:44,1
DA:45,1
DA:46,0
DA:47,0
DA:50,2
DA:51,1
DA:52,1
DA:55,1
DA:57,1
DA:59,1
DA:60,1
DA:61,1
DA:64,2
DA:65,1
DA:66,1
DA:68,2
DA:70,0
DA:71,1
DA:72,3
LF:43
LH:37
end_of_record
TN:
SF:/home/user/Jobify/server/src/SkillGetHandler.cpp
FN:12,_ZN15SkillGetHandlerC2EP8DatabaseP18TokenAuthenticator
FN:17,_ZN15SkillGetHandlerD0Ev
FN:17,_ZN15SkillGetHandlerD2Ev
FN:22,_ZN15SkillGetHandler11isMyRequestER11HttpRequest
FN:36,_ZN15SkillGetHandler7_handleER11HttpRequest
FN:92,_Z41__static_initialization_and_destruction_0ii
FN:92,_GLOBAL__sub_I__ZN15SkillGetHandlerC2EP8DatabaseP18TokenAuthenticator
FNDA:2,_ZN15SkillGetHandlerD2Ev
FNDA:1,_ZN15SkillGetHandler7_handleER11HttpRequest
FNDA:1,_GLOBAL__sub_I__ZN15SkillGetHandlerC2EP8DatabaseP18TokenAuthenticator
FNDA:2,_ZN15SkillGetHandlerC2EP8DatabaseP18TokenAuthenticator
FNDA:1,_Z41__static_initialization_and_destruction_0ii
FNDA:0,_ZN15SkillGetHandlerD0Ev
FNDA:2,_ZN15SkillGetHandler11isMyRequestER11HttpRequest
FNF:7
FNH:6
DA:12,2
DA:15,2
DA:17,2
DA:20,2
DA:22,2
DA:24,2
DA:25,2
DA:26,6
DA:27,4
DA:28,5
DA:29,1
DA:30,1
DA:31,1
DA:33,1
DA:36,1
DA:37,1
DA:39,1
DA:41,0
DA:43,0
DA:45,0
DA:46,0
DA:48,0
DA:49,0
DA:52,0
DA:55,0
DA:56,0
DA:57,0
DA:59,2
DA:61,1
DA:62,1
DA:63,1
DA:64,0
DA:65,0
DA:68,2
DA:70,2
DA:72,1
DA:73,1
DA:74,1
DA:78,1
DA:79,1
DA:82,1
DA:86,1
DA:87,0
DA:88,0
DA:90,2
DA:91,2
DA:92,3
LF:47
LH:33
end_of_record
TN:
SF:/home/user/Jobify/server/src/TokenAuthenticator.cpp
FN:5,_ZN18TokenAuthenticatorC2Ev
FN:10,_ZN18TokenAuthenticatorD2Ev
FN:10,_ZN18TokenAuthenticatorD0Ev
FN:15,_ZN18TokenAuthenticator12isValidTokenESsSs
FN:40,_ZN18TokenAuthenticator11createTokenESs
FN:52,_ZN18TokenAuthenticator11removeTokenESs
FNDA:0,_ZN18TokenAuthenticatorD0Ev
FNDA:6,_ZN18TokenAuthenticator11removeTokenESs
FNDA:38,_ZN18TokenAuthenticator11createTokenESs
FNDA:9,_ZN18TokenAuthenticatorD2Ev
FNDA:40,_ZN18TokenAuthenticatorC2Ev
FNDA:25,_ZN18TokenAuthenticator12isValidTokenESsSs
FNF:6
FNH:5
DA:5,40
DA:8,40
DA:10,9
DA:13,9
DA:15,25
DA:16,25
DA:19,25
DA:20,25
DA:22,6
DA:23,6
DA:25,19
DA:26,19
DA:27,19
DA:28,19
DA:29,19
DA:31,5
DA:32,5
DA:34,14
DA:35,14
DA:36,19
DA:40,38
DA:41,38
DA:42,38
DA:44,38
DA:45,1
DA:47,38
DA:48,38
DA:49,38
DA:52,6
DA:54,6
LF:30
LH:30
end_of_record
TN:
SF:/home/user/Jobify/server/src/TopJobHandler.cpp
FN:13,_ZN13TopJobHandlerC2EP8DatabaseP18TokenAuthenticator
FN:18,_ZN13TopJobHandlerD2Ev
FN:18,_ZN13TopJobHandlerD0Ev
FN:23,_ZN13TopJobHandler11isMyRequestER11HttpRequest
FN:37,_ZN13TopJobHandler7_handleER11HttpRequest
FN:104,_GLOBAL__sub_I__ZN13TopJobHandlerC2EP8DatabaseP18TokenAuthenticator
FN:104,_Z41__static_initialization_and_destruction_0ii
FNDA:1,_GLOBAL__sub_I__ZN13TopJobHandlerC2EP8DatabaseP18TokenAuthenticator
FNDA:4,_ZN13TopJobHandlerC2EP8DatabaseP18TokenAuthenticator
FNDA:1,_Z41__static_initialization_and_destruction_0ii
FNDA:0,_ZN13TopJobHandlerD0Ev
FNDA:4,_ZN13TopJobHandlerD2Ev
FNDA:4,_ZN13TopJobHandler11isMyRequestER11HttpRequest
FNDA:2,_ZN13TopJobHandler7_handleER11HttpRequest
FNF:7
FNH:6
DA:13,4
DA:16,4
DA:18,4
DA:21,4
DA:23,4
DA:25,4
DA:26,4
DA:27,11
DA:28,5
DA:29,8
DA:30,2
DA:31,2
DA:32,2
DA:34,2
DA:37,2
DA:38,2
DA:40,4
DA:42,4
DA:44,4
DA:45,2
DA:46,2
DA:47,4
DA:48,4
DA:49,4
DA:50,2
DA:51,2
DA:52,0
DA:53,0
DA:54,0
DA:56,0
DA:58,0
DA:59,0
DA:62,0
DA:63,0
DA:64,0
DA:65,0
DA:66,0
DA:68,0
DA:71,4
DA:72,0
DA:73,0
DA:74,0
DA:75,0
DA:76,0
DA:77,0
DA:78,0
DA:79,0
DA:80,0
DA:81,0
DA:87,4
DA:88,2
DA:89,2
DA:90,2
DA:92,2
DA:93,0
DA:94,0
DA:95,0
DA:97,0
DA:98,0
DA:102,2
DA:103,4
DA:104,5
LF:62
LH:35
end_of_record
TN:
SF:/home/user/Jobify/server/src/TopRankGetHandler.cpp
FN:12,_ZN17TopRankGetHandlerC2EP8DatabaseP18TokenAuthenticator
FN:17,_ZN17TopRankGetHandlerD2Ev
FN:17,_ZN17TopRankGetHandlerD0Ev
FN:22,_ZN17TopRankGetHandler11isMyRequestER11HttpRequest
FN:35,_ZN17TopRankGetHandler7_handleER11HttpRequest
FN:89,_Z41__static_initialization_and_destruction_0ii
FN:89,_GLOBAL__sub_I__ZN17TopRankGetHandlerC2EP8DatabaseP18TokenAuthenticator
FNDA:0,_ZN17TopRankGetHandlerD0Ev
FNDA:0,_Z41__static_initialization_and_destruction_0ii
FNDA:0,_ZN17TopRankGetHandlerD2Ev
FNDA:0,_GLOBAL__sub_I__ZN17TopRankGetHandlerC2EP8DatabaseP18TokenAuthenticator
FNDA:0,_ZN17TopRankGetHandler11isMyRequestER11HttpRequest
FNDA:0,_ZN17TopRankGetHandler7_handleER11HttpRequest
FNDA:0,_ZN17TopRankGetHandlerC2EP8DatabaseP18TokenAuthenticator
FNF:7
FNH:0
DA:12,0
DA:15,0
DA:17,0
DA:20,0
DA:22,0
DA:24,0
DA:25,0
DA:26,0
DA:27,0
DA:28,0
DA:29,0
DA:30,0
DA:32,0
DA:35,0
DA:36,0
DA:38,0
DA:39,0
DA:40,0
DA:41,0
DA:42,0
DA:43,0
DA:45,0
DA:46,0
DA:47,0
DA:48,0
DA:49,0
DA:50,0
DA:51,0
DA:52,0
DA:53,0
DA:55,0
DA:56,0
DA:57,0
DA:58,0
DA:59,0
DA:60,0
DA:61,0
DA:62,0
DA:63,0
DA:64,0
DA:65,0
DA:66,0
DA:72,0
DA:73,0
DA:74,0
DA:75,0
DA:77,0
DA:78,0
DA:79,0
DA:80,0
DA:81,0
DA:82,0
DA:83,0
DA:87,0
DA:88,0
DA:89,0
LF:56
LH:0
end_of_record
TN:
SF:/home/user/Jobify/server/src/User.cpp
FN:7,_ZN4UserC2EP8DatabaseP18DatabaseWriteBatch
FN:12,_ZN4UserD2Ev
FN:12,_ZN4UserD0Ev
FN:18,_ZN4User7DBeraseEv
FN:33,_ZN4User8DBcreateEv
FN:58,_ZN4User5DBgetEv
FNDA:51,_ZN4UserD2Ev
FNDA:7,_ZN4User5DBgetEv
FNDA:45,_ZN4User8DBcreateEv
FNDA:51,_ZN4UserC2EP8DatabaseP18DatabaseWriteBatch
FNDA:6,_ZN4User7DBeraseEv
FNDA:0,_ZN4UserD0Ev
FNF:6
FNH:5
DA:7,51
DA:10,51
DA:12,51
DA:15,51
DA:18,6
DA:19,6
DA:21,6
DA:23,12
DA:24,6
DA:25,6
DA:28,6
DA:30,12
DA:33,45
DA:34,45
DA:35,45
DA:36,45
DA:37,45
DA:38,45
DA:39,1
DA:40,1
DA:42,44
DA:43,44
DA:45,88
DA:46,44
DA:47,44
DA:48,44
DA:49,0
DA:52,44
DA:55,89
DA:58,7
DA:59,7
DA:61,7
DA:63,7
LF:33
LH:32
end_of_record
TN:
SF:/home/user/Jobify/server/src/User.h
FN:24,_ZN4User11setUsernameESs
FN:29,_ZN4User11setPasswordESs
FN:32,_ZN4User11getUsernameEv
FN:35,_ZN4User11getPasswordEv
FN:54,_ZN4User7_setKeyEv
FN:59,_ZN4User9_setValueEv
FN:64,_ZN4User13_setValueVarsEv
FNDA:51,_ZN4User11setUsernameESs
FNDA:2,_ZN4User11getPasswordEv
FNDA:50,_ZN4User9_setValueEv
FNDA:47,_ZN4User11setPasswordESs
FNDA:51,_ZN4User11getUsernameEv
FNDA:5,_ZN4User13_setValueVarsEv
FNDA:104,_ZN4User7_setKeyEv
FNF:7
FNH:7
DA:24,51
DA:29,47
DA:32,51
DA:35,2
DA:54,104
DA:59,50
DA:64,5
LF:7
LH:7
end_of_record
TN:
SF:/home/user/Jobify/server/src/UserDeleteHandler.cpp
FN:6,_ZN17UserDeleteHandlerC2EP8DatabaseP18TokenAuthenticator
FN:11,_ZN17UserDeleteHandlerD2Ev
FN:11,_ZN17UserDeleteHandlerD0Ev
FN:16,_ZN17UserDeleteHandler11isMyRequestER11HttpRequest
FN:30,_ZN17UserDeleteHandler7_handleER11HttpRequest
FNDA:2,_ZN17UserDeleteHandlerD2Ev
FNDA:2,_ZN17UserDeleteHandler11isMyRequestER11HttpRequest
FNDA:2,_ZN17UserDeleteHandlerC2EP8DatabaseP18TokenAuthenticator
FNDA:2,_ZN17UserDeleteHandler7_handleER11HttpRequest
FNDA:0,_ZN17UserDeleteHandlerD0Ev
FNF:5
FNH:4
DA:6,2
DA:9,2
DA:11,2
DA:14,2
DA:16,2
DA:18,2
DA:19,2
DA:20,6
DA:21,4
DA:22,6
DA:23,2
DA:24,2
DA:25,2
DA:27,0
DA:30,2
DA:31,2
DA:33,4
DA:34,2
DA:35,2
DA:36,2
DA:37,0
DA:38,2
DA:42,4
DA:43,2
DA:44,2
DA:45,4
DA:46,2
DA:47,2
DA:49,4
DA:50,2
DA:51,2
DA:54,2
DA:56,1
DA:59,4
LF:34
LH:32
end_of_record
TN:
SF:/home/user/Jobify/server/src/UserGetHandler.cpp
FN:5,_ZN14UserGetHandlerC2EP8DatabaseP18TokenAuthenticator
FN:10,_ZN14UserGetHandlerD2Ev
FN:10,_ZN14UserGetHandlerD0Ev
FN:15,_ZN14UserGetHandler11isMyRequestER11HttpRequest
FN:29,_ZN14UserGetHandler7_handleER11HttpRequest
FNDA:2,_ZN14UserGetHandlerD2Ev
FNDA:2,_ZN14UserGetHandlerC2EP8DatabaseP18TokenAuthenticator
FNDA:0,_ZN14UserGetHandlerD0Ev
FNDA:2,_ZN14UserGetHandler7_handleER11HttpRequest
FNDA:2,_ZN14UserGetHandler11isMyRequestER11HttpRequest
FNF:5
FNH:4
DA:5,2
DA:8,2
DA:10,2
DA:13,2
DA:15,2
DA:17,2
DA:18,2
DA:19,6
DA:20,4
DA:21,6
DA:22,2
DA:23,2
DA:24,2
DA:26,0
DA:29,2
DA:30,2
DA:32,3
DA:33,2
DA:34,2
DA:35,2
DA:36,0
DA:37,0
DA:40,3
DA:41,2
DA:43,2
DA:44,2
DA:45,1
DA:46,1
DA:49,2
LF:29
LH:26
end_of_record
TN:
SF:/home/user/Jobify/server/src/UserGetProfileHandler.cpp
FN:5,_ZN21UserGetProfileHandlerC2EP8DatabaseP18TokenAuthenticator
FN:10,_ZN21UserGetProfileHandler11isMyRequestER11HttpRequest
FN:24,_ZN21UserGetProfileHandler7_handleER11HttpRequest
FN:44,_ZN21UserGetProfileHandlerD2Ev
FN:44,_ZN21UserGetProfileHandlerD0Ev
FNDA:1,_ZN21UserGetProfileHandlerD2Ev
FNDA:1,_ZN21UserGetProfileHandler11isMyRequestER11HttpRequest
FNDA:1,_ZN21UserGetProfileHandlerC2EP8DatabaseP18TokenAuthenticator
FNDA:0,_ZN21UserGetProfileHandlerD0Ev
FNDA:1,_ZN21UserGetProfileHandler7_handleER11HttpRequest
FNF:5
FNH:4
DA:5,1
DA:8,1
DA:10,1
DA:12,1
DA:13,1
DA:14,3
DA:15,2
DA:16,3
DA:17,1
DA:18,1
DA:19,1
DA:21,0
DA:24,1
DA:25,1
DA:26,1
DA:27,0
DA:28,1
DA:31,2
DA:32,1
DA:33,2
DA:35,1
DA:36,1
DA:37,1
DA:39,0
DA:40,0
DA:41,1
DA:44,1
DA:47,1
LF:28
LH:24
end_of_record
TN:
SF:/home/user/Jobify/server/src/UserMetadata.cpp
FN:12,_ZN12UserMetadataC2EP8DatabaseP18DatabaseWriteBatch
FN:23,_ZN12UserMetadataD2Ev
FN:23,_ZN12UserMetadataD0Ev
FN:29,_ZN12UserMetadata7_setKeyEv
FN:37,_ZN12UserMetadata13_setValueVarsEv
FN:76,_ZN12UserMetadata9_setValueEv
FN:128,_ZN12UserMetadata18removeNotificationESs
FN:133,_ZN12UserMetadata10removeLikeESs
FN:139,_ZN12UserMetadata12removeFriendESs
FN:146,_ZN12UserMetadata7DBeraseEv
FN:170,_ZN12UserMetadata5DBgetEv
FN:181,_ZN12UserMetadata8DBcreateEv
FN:201,_ZN12UserMetadata14DBchange_emailESs
FN:219,_ZN12UserMetadata13DBchange_nameESs
FN:238,_ZN12UserMetadata15DBchange_resumeESs
FN:256,_ZN12UserMetadata19DBchange_skill_listESs
FN:273,_ZN12UserMetadata17DBchange_job_listESs
FN:292,_ZN12UserMetadata20DBchange_profile_picESs
FN:310,_ZN12UserMetadata19DBchange_last_placeESs
FN:328,_ZN12UserMetadata25DBchange_ultima_ubicacionESs
FN:346,_ZN12UserMetadata17DBaddNotificationESs
FN:364,_ZN12UserMetadata20DBremoveNotificationESs
FN:382,_ZN12UserMetadata11DBaddFriendESsb
FN:407,_ZN12UserMetadata14DBremoveFriendESs
FN:426,_ZN12UserMetadata9DBaddLikeESs
FN:444,_ZN12UserMetadata12DBremoveLikeESs
FN:463,_ZN12UserMetadata10getProfileEv
FNDA:6,_ZN12UserMetadata7DBeraseEv
FNDA:2,_ZN12UserMetadata10getProfileEv
FNDA:83,_ZN12UserMetadataC2EP8DatabaseP18DatabaseWriteBatch
FNDA:1,_ZN12UserMetadata11DBaddFriendESsb
FNDA:6,_ZN12UserMetadata12DBremoveLikeESs
FNDA:3,_ZN12UserMetadata13DBchange_nameESs
FNDA:1,_ZN12UserMetadata14DBremoveFriendESs
FNDA:2,_ZN12UserMetadata20DBremoveNotificationESs
FNDA:4,_ZN12UserMetadata9DBaddLikeESs
FNDA:44,_ZN12UserMetadata8DBcreateEv
FNDA:2,_ZN12UserMetadata17DBchange_job_listESs
FNDA:23,_ZN12UserMetadata5DBgetEv
FNDA:3,_ZN12UserMetadata14DBchange_emailESs
FNDA:3,_ZN12UserMetadata20DBchange_profile_picESs
FNDA:2,_ZN12UserMetadata12removeFriendESs
FNDA:4,_ZN12UserMetadata18removeNotificationESs
FNDA:158,_ZN12UserMetadata7_setKeyEv
FNDA:83,_ZN12UserMetadataD2Ev
FNDA:0,_ZN12UserMetadataD0Ev
FNDA:26,_ZN12UserMetadata13_setValueVarsEv
FNDA:3,_ZN12UserMetadata19DBchange_last_placeESs
FNDA:2,_ZN12UserMetadata19DBchange_skill_listESs
FNDA:0,_ZN12UserMetadata25DBchange_ultima_ubicacionESs
FNDA:1,_ZN12UserMetadata15DBchange_resumeESs
FNDA:1,_ZN12UserMetadata17DBaddNotificationESs
FNDA:74,_ZN12UserMetadata9_setValueEv
FNDA:3,_ZN12UserMetadata10removeLikeESs
FNF:27
FNH:25
DA:12,83
DA:14,83
DA:15,83
DA:16,83
DA:17,83
DA:18,83
DA:19,83
DA:20,83
DA:21,83
DA:23,83
DA:26,83
DA:29,158
DA:30,158
DA:31,158
DA:32,158
DA:33,158
DA:34,158
DA:35,158
DA:37,26
DA:38,26
DA:39,52
DA:40,26
DA:42,26
DA:43,26
DA:44,26
DA:45,26
DA:48,26
DA:53,26
DA:54,26
DA:55,0
DA:57,26
DA:58,26
DA:59,0
DA:61,26
DA:62,26
DA:63,0
DA:67,26
DA:68,26
DA:69,26
DA:71,26
DA:72,26
DA:73,52
DA:74,26
DA:76,74
DA:77,74
DA:79,148
DA:80,74
DA:81,148
DA:82,74
DA:84,148
DA:85,74
DA:87,148
DA:88,74
DA:89,148
DA:90,74
DA:92,148
DA:93,74
DA:95,148
DA:96,74
DA:97,148
DA:98,74
DA:99,148
DA:100,74
DA:103,148
DA:104,74
DA:105,148
DA:106,74
DA:108,148
DA:109,74
DA:110,74
DA:111,74
DA:112,74
DA:113,74
DA:114,74
DA:115,74
DA:116,74
DA:117,74
DA:118,74
DA:119,74
DA:120,74
DA:121,74
DA:123,74
DA:124,74
DA:125,148
DA:126,74
DA:128,4
DA:129,4
DA:130,4
DA:131,4
DA:132,4
DA:133,3
DA:134,3
DA:135,3
DA:136,3
DA:137,3
DA:139,2
DA:140,2
DA:141,2
DA:142,2
DA:143,2
DA:146,6
DA:147,6
DA:149,6
DA:151,6
DA:152,6
DA:153,2
DA:154,2
DA:157,4
DA:158,0
DA:159,0
DA:160,0
DA:161,0
DA:163,0
DA:165,4
DA:166,4
DA:167,4
DA:170,23
DA:171,23
DA:173,23
DA:174,23
DA:175,8
DA:178,15
DA:181,44
DA:182,44
DA:184,44
DA:185,44
DA:186,44
DA:187,44
DA:189,0
DA:190,0
DA:193,44
DA:194,44
DA:196,44
DA:201,3
DA:202,3
DA:204,3
DA:205,3
DA:206,0
DA:208,3
DA:210,3
DA:211,3
DA:213,3
DA:214,3
DA:216,3
DA:219,3
DA:220,3
DA:222,3
DA:223,3
DA:224,0
DA:226,3
DA:228,3
DA:229,3
DA:231,3
DA:232,3
DA:234,3
DA:238,1
DA:239,1
DA:241,1
DA:242,1
DA:243,0
DA:245,1
DA:247,1
DA:248,1
DA:250,1
DA:251,1
DA:253,1
DA:256,2
DA:257,2
DA:259,2
DA:260,2
DA:261,0
DA:263,2
DA:265,2
DA:266,2
DA:268,2
DA:269,2
DA:271,2
DA:273,2
DA:274,2
DA:276,2
DA:277,2
DA:278,0
DA:280,2
DA:282,2
DA:283,2
DA:285,2
DA:286,2
DA:288,2
DA:292,3
DA:293,3
DA:295,3
DA:296,3
DA:297,0
DA:299,3
DA:301,3
DA:302,3
DA:304,3
DA:305,3
DA:307,3
DA:310,3
DA:311,3
DA:313,3
DA:314,3
DA:315,0
DA:317,3
DA:319,3
DA:321,3
DA:322,3
DA:323,3
DA:325,3
DA:328,0
DA:329,0
DA:331,0
DA:332,0
DA:333,0
DA:335,0
DA:337,0
DA:339,0
DA:340,0
DA:341,0
DA:343,0
DA:346,1
DA:347,1
DA:349,1
DA:350,1
DA:351,0
DA:353,1
DA:355,1
DA:357,1
DA:358,1
DA:359,1
DA:361,1
DA:364,2
DA:365,2
DA:367,2
DA:368,2
DA:369,0
DA:371,2
DA:373,2
DA:375,2
DA:376,2
DA:377,2
DA:379,2
DA:382,1
DA:383,1
DA:385,1
DA:386,1
DA:387,0
DA:389,1
DA:391,1
DA:392,1
DA:394,1
DA:395,0
DA:396,0
DA:397,0
DA:400,1
DA:401,1
DA:402,1
DA:404,1
DA:407,1
DA:408,1
DA:410,1
DA:411,1
DA:412,0
DA:414,1
DA:416,1
DA:418,1
DA:419,1
DA:420,1
DA:422,1
DA:426,4
DA:427,4
DA:429,4
DA:430,4
DA:431,2
DA:433,2
DA:435,2
DA:437,2
DA:438,2
DA:439,2
DA:441,2
DA:444,6
DA:445,6
DA:447,6
DA:448,6
DA:449,4
DA:451,2
DA:453,2
DA:455,2
DA:456,2
DA:457,2
DA:459,2
DA:463,2
DA:464,2
DA:466,2
DA:467,2
DA:468,2
DA:469,2
DA:470,2
DA:471,2
DA:472,2
DA:473,2
DA:474,2
DA:475,4
DA:476,2
DA:477,4
DA:478,2
DA:479,2
DA:481,2
DA:483,2
DA:484,2
DA:486,4
LF:312
LH:277
end_of_record
TN:
SF:/home/user/Jobify/server/src/UserMetadata.h
FN:33,_ZN12UserMetadata11setUsernameESs
FN:39,_ZN12UserMetadata11setJoinDateESs
FN:44,_ZN12UserMetadata12changeResumeESs
FN:49,_ZN12UserMetadata11changeEmailESs
FN:51,_ZN12UserMetadata8getEmailEv
FN:56,_ZN12UserMetadata21changeUltimaUbicacionESs
FN:61,_ZN12UserMetadata13changeJobListESs
FN:66,_ZN12UserMetadata15changeSkillListESs
FN:72,_ZN12UserMetadata15addNotificacionESs
FN:82,_ZN12UserMetadata9addFriendESs
FN:87,_ZN12UserMetadata7addLikeESs
FN:102,_ZN12UserMetadata10changeNameESs
FN:107,_ZN12UserMetadata9changePicESs
FN:109,_ZN12UserMetadata18getUltimaUbicacionEv
FN:113,_ZN12UserMetadata11getJoinDateEv
FN:116,_ZN12UserMetadata11getUsernameEv
FN:119,_ZN12UserMetadata11getLikeListEv
FNDA:1,_ZN12UserMetadata11getJoinDateEv
FNDA:30,_ZN12UserMetadata11changeEmailESs
FNDA:27,_ZN12UserMetadata15changeSkillListESs
FNDA:27,_ZN12UserMetadata21changeUltimaUbicacionESs
FNDA:2,_ZN12UserMetadata18getUltimaUbicacionEv
FNDA:27,_ZN12UserMetadata10changeNameESs
FNDA:1,_ZN12UserMetadata11getUsernameEv
FNDA:27,_ZN12UserMetadata12changeResumeESs
FNDA:1,_ZN12UserMetadata11getLikeListEv
FNDA:2,_ZN12UserMetadata8getEmailEv
FNDA:3,_ZN12UserMetadata7addLikeESs
FNDA:27,_ZN12UserMetadata9changePicESs
FNDA:71,_ZN12UserMetadata11setJoinDateESs
FNDA:2,_ZN12UserMetadata15addNotificacionESs
FNDA:83,_ZN12UserMetadata11setUsernameESs
FNDA:27,_ZN12UserMetadata13changeJobListESs
FNDA:2,_ZN12UserMetadata9addFriendESs
FNF:17
FNH:17
DA:33,83
DA:39,71
DA:44,27
DA:49,30
DA:51,2
DA:56,27
DA:61,27
DA:66,27
DA:72,2
DA:82,2
DA:87,3
DA:102,27
DA:107,27
DA:109,2
DA:113,1
DA:116,1
DA:119,1
LF:17
LH:17
end_of_record
TN:
SF:/home/user/Jobify/server/src/UserModifyHandler.cpp
FN:5,_ZN17UserModifyHandlerC2EP8DatabaseP18TokenAuthenticator
FN:10,_ZN17UserModifyHandlerD0Ev
FN:10,_ZN17UserModifyHandlerD2Ev
FN:15,_ZN17UserModifyHandler11isMyRequestER11HttpRequest
FN:29,_ZN17UserModifyHandler7_handleER11HttpRequest
FNDA:1,_ZN17UserModifyHandler7_handleER11HttpRequest
FNDA:1,_ZN17UserModifyHandler11isMyRequestER11HttpRequest
FNDA:1,_ZN17UserModifyHandlerC2EP8DatabaseP18TokenAuthenticator
FNDA:0,_ZN17UserModifyHandlerD0Ev
FNDA:1,_ZN17UserModifyHandlerD2Ev
FNF:5
FNH:4
DA:5,1
DA:8,1
DA:10,1
DA:13,1
DA:15,1
DA:17,1
DA:18,1
DA:19,3
DA:20,2
DA:21,3
DA:22,1
DA:23,1
DA:24,1
DA:26,0
DA:29,1
DA:30,1
DA:32,1
DA:33,2
DA:34,1
DA:35,1
DA:36,0
DA:37,1
DA:39,2
DA:40,1
DA:42,2
DA:43,1
DA:44,2
DA:45,1
DA:47,2
DA:48,1
DA:49,2
DA:50,1
DA:51,2
DA:52,1
DA:54,2
DA:55,1
DA:57,1
DA:58,1
DA:59,1
DA:60,1
DA:61,1
DA:62,1
DA:64,1
DA:65,1
DA:67,0
DA:68,1
LF:46
LH:43
end_of_record
TN:
SF:/home/user/Jobify/server/src/Util.cpp
FN:7,_Z12get_md5_hashSsRSs
FN:18,_Z14parse_html_uriRKSsRSt6vectorISsSaISsEE
FN:34,_Z17get_date_and_timev
FN:47,_Z9is_numberRKSs
FNDA:0,_Z14parse_html_uriRKSsRSt6vectorISsSaISsEE
FNDA:44,_Z17get_date_and_timev
FNDA:1,_Z12get_md5_hashSsRSs
FNDA:0,_Z9is_numberRKSs
FNF:4
FNH:2
DA:7,1
DA:10,1
DA:13,17
DA:14,16
DA:15,1
DA:16,1
DA:18,0
DA:19,0
DA:20,0
DA:22,0
DA:23,0
DA:24,0
DA:25,0
DA:26,0
DA:27,0
DA:29,0
DA:30,0
DA:31,0
DA:32,0
DA:34,44
DA:35,44
DA:36,44
DA:38,44
DA:44,44
DA:47,0
DA:48,0
DA:49,0
DA:50,0
LF:28
LH:11
end_of_record
